oSnCjVTCY5Zr/szbsYp5rjgyjhnYtczmr+jXfkMy0LTHygkEXNfuRebHqxSQIQqey7bXTi9UCOwhrvlZYWV+tfkr7CSUlgCcgeRpYpRuNtQuZjObTVl3QRNmswU=
NHFlqjSIyfhxXN3NExelBo7/dUhww97hMx4Z0rj1XGu28A9iZW3Mc8xl3ZnhTDMB/VXpNHZXrXz+FJ6ExT7ljAEPW5n7NpWCgeihS0qXOkusDWmzDA==
oWDnmy3W+vV75Oq54HgpkircHjbWzylklQQfInp6h2IxZwzrtyS5v1NSJybecJb1W1y4l8QfLl4Zi5vcwrj2x/jKp/OGMa8SUprDTR/3l8jWi8na1c4vpJT56dxg1dY7HJIIHKhCZeZJJDj0zhp6FCNNsfP/P1dEsyM=
job4PseaU6f8IpsQA5qXoVbcmbtDUR2xvHDpBlVCfxnee85h54gWaBHpr2EzdKzj/5RcsGQUf7pnBJN7wTmhwsfKQ6ybmzCzGCO+OXOzFg==
hSZ5tM5FKZ4wTA/KQlCWL6uVjVqhhHZ3o4u/DGQCX93+tGklMB15jyGCS3HCS8J50+nCUF05Ewmn9DgLQ8SQiDD0S6JrNI+T9XlVals6zzRvO2RLVHNCEWezAg==
SFRJZ8HP8PFpbqQ/fkBceKuVjVqhhHZ3o4u/DGQCX93+pWErNhJ43SGCS3HCS8J50+rCUF05Ewmn9DgLQ8SQiDD0S6JrNI+T9XlVals6zzRvO2RLVHNCEWezAg==
G5MIdC2zP09h/hF3n57tfVtE/hlvQivDhjy35yklr6Nmx2cE7TCogphvWVBbxOD/kvWpgE0Jbnd/5WNGEs7raQ/zn9zz34KehWqHMBRtQXgwkZ5vPIYAGLhmTbIJcJBQXp7ygIMZ+bevG39Qszc=
+F+/3BLoCZoXCUHtDTL6s/HKpR74mHZ3q4mpHjAPVsOstG9sZFMs3SGCS3HCS8J50+zCUF05Ewmn9DgLQ8SQiDD0S6JrNI+T9XlVals6zzRvO2RLVHNCEWezAg==
Gf5nYlSQqa6OtzY8xWhKyK+N5EKrznZ3oJa5GWIGRY2ytGo+IRgs3SGCS3HCS8J50+3CUF05Ewmn9DgLQ8SQiDD0S6JrNI+T9XlVals6zzRvO2RLVHNCEWezAg==
H7kUlC4txpN8egHmq5v4Rfrb56Gt5slqWGnc4/8rKU/ShfeLN5zy2OdL9037VmZ53sytZLNKVJvt+qhPWkVMgPwq8MjZKKkmXLJm4NZKU39lJUdVC2qzAQ==
R3nAirQT2Frx1oDVi+GmX00qOG4BKzFjVvjbvUIAc+b2/aYTb+GLclJ6A+2fl1co16uKelUu74SU2Sk84HWWGxxyyHwo4qUGSUR4VE76OnQjbXFTf18XZLMD
+4WJojBt3AKvKTJnlAeobgP23llODtCpt3BbHsgLevrS8pNV/0/nYBNk+qJ1Vv+MlNE5RMCt5tPcOnikSFo1jsnM6Oyuooq8YyWBC1+nB2yzCw==
EMSkjETjJskh8JA8/W5fPJeiRRFasmKqS4xOIveJNM+exNBLeUB/+qb/joELAWfnn2gypN+vx0HzQkUiBgj9yFv+1CcVXtiDkhEsnOQu4CTxXOna5NbWbF7e86M9YZd5Y16zPQ==
IwAq5NvUhaSLJ8d20412fvt2KDhwGA08MmjUQdosws12DM4V1VDfs0spdbHuq9Iyic4Dy8Ly/NP2ZdFWgrbMwGx+dPXntDHQua+X2F/PA5L6XRCMxBA+AFxJQRSPJWIdZ3E+YzUKSILgedDy63Bb8Wum8qCNjit1Cv/TfrtizTA1OED0Sy3p4TYEgutZZdsLXjLfrpKmu/Hvy+/0NTGz5iVyV5gUxZFgkOmuh/yucCBY/h3aiZhAyD6mAqjDcclPDwMv+LOf
fD9QCsxyE8Nir+NQaFWcLXFf/XuPewNXWWjRJ0CqPYuu+BzalNbWsg5nGQoUkcyhpILHaf3CF6kmW8ZxP8+omZmJd7FbdESzp3TUwNzUJ6pvJOvLKbkJMv+qS7zD28gDkINmaVuzPg==
RSQ+/C5dDDmCQ2JbBYzGSx4mfgrFjynDwzvPr404pQ+cSgHjusjowpjW2qr6Vw1iKHEQidDSE5ExglsR8otyGWNvVDEN+cMp1/TIKxOEQGigdPtC23S/c+V5RUqrer+Un7v064SzEnFXszI=
sf9tm5bxdHQ+N0sRj3hhHqar9ZeymPuaETLrmNHY9F7V1QJeJXcMq4DZlh1kPwtGKPGJ39+thsBj4LIsT8dnqSMKB2vX4N2gS/bULwU2+GtCWWzUNMZATGHUaVJ0vnaEjpaz6+2JtxFzVrM1
qklt8eVwzczweJ0Njbivk7gBxZ4iaXNXz29lW2kDa6ATYwr6l28MUG5OHlZcJnzPu+6+wYblZkr1PZfi/b0UU8R1Nd+C/buhhWURNA5nVdx2pHZErS7trFlfwxljZk1iifiJi+LnsqsUfVGzNA==
uiqZA0OdWSoSqHHJJBZqTOfQvQ/4kXZ3o4u/DGQCX93+tGklMB15ryGCS3HCS8J50+DDUV05Ewmn9DgLQ8SQiDD0S6JrNI+T9XlVals6zzRvO2RLVHNCEWezAg==
WsmjBWI9M2N3LTgUJQxvWXqhmxu+mWwUN5r5kho5KCTi25tv8x1DIqnVmKN4DQE4leqncUnNZbT6zxmMarxiJJnWUdzVtxdZN05BUvXAfSt2fy57WBVlswA=
X0lBzDeNg1H51/df6apXOEdhgoRyOTaLWhH34t39tNNkNRXZobJbIeUl8TRup7VcFmRWRI3uTSz5n+MZg6Yt4mm46YsCpxIrtD1xsxQ=
2k5fUYYFjL+d7h26S6RbcidN3agVYUcvz8CyDI9n50njagKImIBdAAvW1A9FlngLArlstPQmwOyh9GlytB72ZE72swut6TexM3azFQ==
KzU2JQXo6V6oMeQdcW4TgkVhgpVwLzKLWhH34t39tNNkNRXbobJbIeUl8TRup7VcFmRWRI3uTSz5n+MZg6Yt4mm46YsCpxIrtD1xsxQ=
ywVoBUCKpCe54qPQPA4W2ydN274JfEcvz8CyDI9n50njagSImIBdAAvW1A9FlngLArlstPQmwOyh9GlytB72ZE72swut6TexM3azFQ==
p3Idg0vILr1zH5if6YnSUSdN2qgbeUcvz8CyDI9n50njagWImIBdAAvW1A9FlngLArlstPQmwOyh9GlytB72ZE72swut6TexM3azFQ==
XDlraepZudxaMrsxeAfQtyR0isQ+hVcmQXZ3YFf8gKlWAFsCytzcgHDnE7YSvsu5z0P/THJILe7FumcAFF2hqHDhPv+8FmCoeLZtywiAsAAeLhIQA4lZR29LH2CzBw==
QcgpSfkt+AHhiHspAV/N5NB6Ei4clzTNIjUzUbr8QyavqwLrm1gKbRnOq4yO5RNidyRSEe5F2AJSiiOd30f3uFg8ZSoVHg+0lOnJDKAldouc4misaJKF/0g0WKSOqprko/0Rg79vd1SzMw==
S1GkE9oHBCXfXaNDLggYomh0k9Ui5K+E/boqLCINSE0W+2ZujZyL2s0j9bw7J76z+AJzT1idlMb0iOSf2fy+sa3sZMSWT2D0yWKF7q6jAR1WHZdWMzN1U5Z3VVV8/lCwGI69I4jo4Dj+NiJ4QyGp388zT0izLw==
S1GkE9oHBCXfXaNDLggYomh0k9Ui5K+E/boqLCINSE0W+2ZujZyL2s0j9bw7J76z+AJzT1idlMb0iOSf2fy+sa3sZMSWT2D0yWKF7q6jAR1WHZdWMzN1U5Z3VVV8/lCwGI69I4jo4Dj+NiJ4QyGp388zT0izLw==
9m4Tfviqv5Cip1EZrMxxnWuzrd06ppmw/enAlcz9HIBS3PW8J+evJ1hCBN4xd1UEVdMik9OQmsVt7cl5V8zEAbkzDOeRcz+JQC5eN098DwqE8NCRsqOM2V/a9K5PZsH+BPuFhDFkcn45r2svaCP2Gtj/FETNbo0sOR+oGEMm7eIpOKmLwidSK/S9sbPU
cGj9iOMCmifHaKh5W3awxAsX+BwnTy/Ywia83Tos+7lq2yUQvgP33MAMInQZiOD/mfethAMTPicesRNGEs7raQ/zn9z23pzGhXnKbgpFVEUwkZ5vPIYAGLhmTbkIcJBQXp7ygIMZ+bevG39Qszc=
im3cvSn8EEXzMmiWKJjsL/tzN1BrCR8hImeND4Zqj4IUDK561FDes0s/epi6t9gSx8wnipimuYG5DdFLhKbE8Rg7c+L5uBOv/q6dwETjW9exIh7GgRYuE1BUVhuVL2EKf3ExbSIJVKaia9b/92xJvXG456OZjit1AfbKd7to2mIlO1r3GSCw5zkPnexDO84ffinDrpKmu/Hvy+/0MTWsviVhGsYK7YRdkOmuh/yucCBY/h3RiJhAyD6mAqjDcclPDwMv+LOf
HwKwbSVxqlKkply1vlOwS0cz+aMeV6UY1a7NueLjzQs7Dyau5q+ofjYkGXqnGX8PHuuQ5jgHKYXppI18o0JUo53SSBcKjYz4TMJQUEmrKJ6sGgY4BgITh1VNZ00bYrM5
67OyJAE+fnjpeFD6JqX7E4xOxz0EiXoD8KQgDXaB+JLfSEQAG5S7heMxiu+ClGwUZ8a5UTAbC+HVReE0fkeFHMbExsQ9jr1sqX/YGHOGfSLZGBkLkkdCa0QdYbME
kZuCBI9hqOLJFRFijEGMbd/4242Yog+Y1FQMv6lj2N23iAxpRuYQl1yK2HQIqlWSyNwInG7yKgzj1eHbH5cnfLMb
XyX8UooZ8+qX5MzbZqlIT3lb8XOKT1BNV1WeN1rjXon9wiD0pcPFog0iXxUC0oahrJbMSpCbR48SdtwIOZ/0x8WJbqAWaQK3pDLa297UJ6pvJOvLJbgJMv+qS7zD28gDkINmaVuzPg==
ACnGZBk6hjyoMck16paMoLHP34SXyalMari1zolv755jAv+qJNzV76bqW7HgrckhZ+lhceyF7vsOtkgbu+oOTQbZ+usQfiV7J1oIZwAzUVtc/FWr0yQdhNInNn5BbGFiNyvHBR8PEwyQKS7H/G7w4Fi+nRaI2MAIPuaC6MOxSQ8Pw6+4s98=
X4/JwwykA3dq1obovQKHE9bSDojthu5qPXKqJkB0nWz+OPrJprRp4yIT0RFpYpOEnwx0c2urAcAAE84PZDMlNn4FU0Eg8fQ8tg55C2b1+7UZ7OF81QXzWt2+H93kcezgbvEqdIU+niFYDQa9P67lAL7RMvdvKNLYDlSr5FaXzMRINFUT+1IEJD55jtOdbNb/UljYVF+SCgePvXgF6e1l2Q7AIR6ZV+DmFivSGI6VbQrsrojnqp0MyKwSECBpPCguzErGyKYSk7e1nSc9O/KziQ==
ETBq8GxWCHGYnGJlhBq2CIx+EXJTn9wOC/ad6L+vgmm1J9ezlJXwxIcGLyBESM4IfIHR7M8dclWH+Y67NdL4Cg8n3de3k+l1Rawb4z4WDDMqlQoSPkvL+k2wwOZXOkhvTvLU0M0JW0ByNIs0SrZ3kPI4IFYVFLS80ObtCFoTLuwxrbuXvFbg6Hj27Y4IQDDAHu6S0ANJ2Ydvi5+gs8c=
Kn0IaR1UkLicnzUK+30GO+fE4ee35Nd6Qizfw/8mKU/fhZjtWfXl0Zo4jDfpDyAuxpOycL4NbYL81qhPWkVMgPwq8MjZJKgmXLJm4NZKU39lJUdVC2qzAQ==
FsiwKEUKhun/eUa5rQLmOjg9mQLdoN3br+jXfkA00LTHyglrN7noOYG5pRXSZFyDkaPASm5vAuQmge0GdEo4u+Ip7CSUlgCcgehoYpRuNtQuZjObTVl3QRNmswU=
ACnGZBk6hjyoMck16paMoLHP34SXyalMari1zolv755jAv+qJNzV76bqW7HgrckhZ+lhceyF7vsOtkgbu+oOTQbZ+usQfiV7J1oIZwAzUVtc/FWr0yQdhNInNn5BbGFiNyvHBR8PEwyQKS7H/G7w4Fi+nRaI2MAIPuaC6MOxSQ8Pw6+4s98=
jyq2R5teo8dnhFbmGh5/abHQtwv4kT9tqZe5DnEMf43z8SRhZDxKs0iVQgyxMLhriqiVSAImBwTgzSEab8SQiDD0S6JrNI+T+XhVals6zzRvO2RLVHNCEWezAg==
Z4WKK/z/r1J4OZ3gZh1ZHmh0nd0muqqD4O1+I210aWUs01VBvrWL28Fiurt+NKek5QNzRlfUlML4tqv02fGz37DrfbeFX2by1CHd/fCwSil6VrpvLWxgfNB5Tld8/lCwGI69Jojo4Dj+NiJ4QyGp388zT0izLw==
rZF1tBvpjyQbX1/SdjNqs+eJI0C/qjkAmFOWGfjOHRuoR1NWV8S0krgGCwRZQdOv8Dudp4VPBqIU0T1NcMDqmbqGmn8tfECsEMnuJ/xOsEDY3t02iPgA6L5GQsjD0Qlvj2NvWLM/
UFmbxqoMEaz4fkorDeBWNMClSQBGp2K9RoVZOq2YPcPf0NdGMAwwjLfyydNHAQiB8QElraLcvDvhGwByHlfi3Fa57T4EctiDkhEsnOQu4CTxUOja5NbWbF7e86M9YZd5Y16zPQ==
7DfVvWyf+EBI3Qw20mHTqZwFinpShUtEvq4hDSOE/4nRUkElUpK3nMVBh6C58gJnOILtBiBPQPjTQ6t6c0OPXc7Z4sQ9jr1sqX/fGHOGfSLZGBkLkkdCa0QdYbME
0dM+UvAOosV7RYXizZLwXh9x/M9gWqvOEcBvPnR/Po4LNmaj5mAl7/26JW95Reg1pHTbAjv037MJeGWKC/ofVP+7FKvkM7Ixd7MS
W4DxEz3kkJ3VLmdNDqjnkigfg7V99BhiED4MWyvL4NAOT3mBjHjJ3trEDWZhzSvPnMIoDOgyxRpIVJgEDgpaxKMd0eM/jzd0sxM=
sH7dUvMDBIpt0ZWujIV5CSsfg7V99BhiED4MWyvL4NAOT3mBjHjJ3trEDWZhzSvPnMIoDOgyxRpIVJgEDgpaxKMd0eM/jzd0sxM=
JsEssFIuepcMYWCkHvhKtR1x/M9gWqvOEcBvPnR/Po4LNmaj5mAl7/26JW95Reg1pHTbAjv037MJeGWKC/ofVP+7FKvkM7Ixd7MS
7X4jo8iyiamq4IINtHTdSw+ewy7QctQXm2e4PG6j4S089FFSWkiV6tFhsyP8LnCgWH4dVogYQEg+JgIow/HJzw+DL3izHw==
8zFQdd0320BqrZSAlld2bw6ewy7QctQXm2e4PG6j4S089FFSWkiV6tFhsyP8LnCgWH4dVogYQEg+JgIow/HJzw+DL3izHw==
BwyU1HyrNjbHX+TpXfCVICkdibd/8AdiED4MWyvL4NAOT3mBjHjJ3trEDWZhzSvPnMIoDOgyxRpIVJgEDgpaxKMd0eM/jzd0sxM=
oTWScYRnUeRHidJLRcy6bigdibd/8AdiED4MWyvL4NAOT3mBjHjJ3trEDWZhzSvPnMIoDOgyxRpIVJgEDgpaxKMd0eM/jzd0sxM=
vR674VXF+cnbMt+OqKqiTRxx/M9gWqvOEcBvPnR/Po4LNmaj5mAl7/26JW95Reg1pHTbAjv037MJeGWKC/ofVP+7FKvkM7Ixd7MS
bQGQ6VXr1L6DTW4u4j6Ls2FoxckpnlAvQ2wjblf8xLpYLltcmZmDx1DTLd8Ft7bKtDntFTAYOrHarmpHLUSwhHDhPv+8FmCoeLZtzgiAsAAeLhIQA4lZR29LH2CzBw==
mg6UgPv2YbVDIeFqbN2dwUlzuORKQqID0bPN/afs10I4ACCYr+7pN29tOHXJfWVpapDs7zlHYNb2+5JorgVtuoz+SBcKjYz4TMJQUEmsKJ6sGgY4BgITh1VNZ00bYrM5
djnnS7aGC3fe07EvZ2oWwwmPUR1xr/1Rd5fq9cP/PZ2Rl4H+SWxXfbux7LHMXNIj0BXanCmQULvC6F14agb/NJjN2SoX5Hi4eDSD8gOUFwNh+M36w9pnZCf7rDt8k3phX7M6
/KM2CmG964ALrDn+Cm96+3iygAqM+6AnKG1fe6cZExcDesPk3ekpIX4lpvQ4h7K1ODhDOLpvkLiPrCBONfDajZvu3awybKpk0SbpvH0ng9iv3inyDXA1674vdptwZV2zOA==
BAXYI+IsqJTY11u1WkpdSVqx+kifPJNZyHKlMnTwpCs591BZNwyE/dZyuDP8LnCgWH4dVogYQEg+JgIow/HJzw+DL3izHw==
8ax9sQTB7Z0CljdGzBkCD1qx+kifPJNZyHanPHTwpCs591BZNwyE/dZyuDP8LnCgWH4dVogYQEg+JgIow/HJzw+DL3izHw==
XyX8UooZ8+qX5MzbZqlIT3lb8XOKT1BNV1WeN1rjXon9wiD0pcPFog0iXxUC0oahrJbMSpCbR48SdtwIOZ/0x8WJbqAWaQK3pDLa297UJ6pvJOvLJbgJMv+qS7zD28gDkINmaVuzPg==
8HYRI1d7cD5skG8BFkAW0pdW/wLJQ/Agt/t9Y47JX////zl11i4dZHk0Y7JjFLdDgfjtOqNaxyQH+8z73BOaIX+zGg==
EYzDzE7PTrGEdcwMSBzjZSt+wtMykVcsAHFmeXa1xbdeJFtcmZmDx1DTLd8Ft7bKtDntFTAYOrHarmpHLUSwhHDhPv+8FmCoeLZtzgiAsAAeLhIQA4lZR29LH2CzBw==
TGrO7suKukPHBa/0sa51Fh5hpJUnE6jvXt87ajVlP4YeKiey9ikh7+/oJFluRv0NpHTbAjv037MJeGWKC/ofVP+7FKvkM7Ixd7MS
zMCVsCAP0NrL/81VhXzkAzfV4vL36NM2V8nVOpp5U2epHx8aHX/Ntemwg0BOVRSlRuRRb28l1JRBTSVcOzqu3ahyWBdPYmB6teI6BHXeVcwx70eY6xblwnFI0cvaN2qLfG1Zszw=
1NDjeDsNyAvnaOkGD/nC7vaEJ1eNrSoBhh6IHc/VDwesVF1eWt65kPkuSkoYFZvhkQm2gJ9cU/lIlmdcdNDki7mXkHk3LESdVtL4E/xOsEDY3t03iPgA6L5GQsjD0Qlvj2NvWLM/
TaPtptUA6JMiLp2XQv9t9Bd+YCxRRiViWuLBrAkSMvb4qeNdYbXOPF9gK8W4qh9glOycN0kr6MW3kDwhpm6ALxxyyHwo4qULSER4VE76OnQjbXFTf18XZLMD
DQOliPZxmqHsZ5Ha9Vn27ippy9cvmVEZQ08tZlrmybgZBhoS2M3LiTHhBvgfpOOR6H63BDQINKPZv2BBNxS0tTb6KMu8FmCoeLZtzwiAsAAeLhIQA4lZR29LH2CzBw==
W7QaryUUXa+g1b3gMBGpqQNa5PIeq3ADdE8tZlrmybgZBhoS2M3LiTHhBvgfpOOR6H63BDQINKPZv2BBNxS0tTb6KMu8FmCoeLZtzwiAsAAeLhIQA4lZR29LH2CzBw==
tcY5pEJC+zPK4cN07nVUwnM1mRjFp93noeDaZE02kZyGhEg/f/eJC6qevwaHPwDEy7LEWmB9AfUsh/dWcHt+oPQd7CSUlgCcgeloYpRuNtQuZjObTVl3QRNmswU=
mqGsGflysrrcm+HZ8k8Zn2h0k9Ui5K+E/boqLCINSE0W+2ZujZyL2s0j9bw7J76z+AJzT1idlMb0iOSf2fy+sa3sZMSWT2D0yWKF7q6jAR1WHZdWMzN1U5Z3VVV8/lCwGI69J4jo4Dj+NiJ4QyGp388zT0izLw==
JqWYjOfyPNOOriYVSyMIBR5hpJQnE6jvXt87ajVlP4YeKiey9ikh7+/oJFluRv0NpHTbAjv037MIeGWKC/ofVP+7FKvkM7Ixd7MS
t00wrMJPuvgr1WtgA7m8jnYOxsUGkZ+IbaJbpLPOZ+8IPgseLPXK+niSu3y+ijx9tMZk9e2IxHhEyg3zLCTXqC3cEiXtiqwKi8QD6pHFRotmPYlajNVoRUHIiCwox1I3JHENlOUqZ+dT+1wG5Lz4GKWsyH7o2T2+Bvq8YjipCeeIDzUu9N/bF9F3iNmRtBDySg6XRcICmep4FIoHZIFyK6eLyiRYgWcBv/ToBTCti8S+Jmd4S/eVmdLIhl8M09k68U3Ox969i+fk/YB/RKMlphAB0LCW50NaXdE+cRsltgJshnWWKg10b3AtKrjY4fZWEtHoxXh2HwWwyV/KGAny+sWA/hrzcUjo9JXhhzdYuFQEdKP0UlOlMPHghbnJ2fh8Zkh27bzruWchYwVW7Fc+MgzWurVlTnzUts3SYKkYT+WZ0Q4ZEY+M+EzCUFBJrSierBoGOAYCE4dVTWdNG2KzOQ==
k6iO9kTnqgR2I7dgcpHcysMDkTsSjpdwsP8wQ9U8UYiyc3nSdxDIruzEcO5lwY4GbE2FRShTSWtaTfWkHNkUo9ht3qBv8k1FdA5xNQXHrdsIltgw5FUF7vCAbi/5fBtS+lI0IngBm/c/f/xNmnjhztHI65PV9IEqnHV1yKvoteL0aURuplmBBmqjrC/2DF4bOYBh3JcL2mDnMYHW5T5w3nyyaOFCBmsKVL9a4dUMIlqAe/fIH5tHSfKdktzZkkgWzvnZ1yTiKOzIsxzavMS4ju51dcZYjG90Qivxs2BKxuGYNoHqD/kZuJjs9O7Mjt9yDEYlpChUujqz107+GIudQtQS2aOpEjWBRLDTipTlgD1VqEcSbb/rcDaN29+RsU7zpLi/oAE6Im6+4bz/wmHxBvpOgfpvxgrny/RfOFxG9zOF74Y/OKJ2o3o0g/IDlBcDYPjN+sPaZ2Qn+6w7fJN6YV+zOg==
FXYzjSrZTXHWXzDrnGlCX6IVYKlOBCW0GW6dOtJC0dcPN+vTYGG0r+dI9S5Xs0Wydg8oNed896zUfn7R6nqmckWyGwiIQrO4HTsMPVEThQ/t530M3QrBXopRpVtHKtG+SzRlT+b9Kh9xVKivOOO9WiBSfO1SIQgzVTphsNehD8lUGND2mK4pTnAwjOMtWDqo1NysQ8mx5A0twDCFq5FNhUCH5b4wBIas78tm+EnMBAai+bAr8r0LSRIKXJtXx2NGYJuEZ2vyskRftq9NBf9uGm5hGLmZ7B3PVqmaZ3vh+I/IobAphdBcIyi+sp0T/KFDlg9PD7YUQMQtOK6XxCksHyKm7KuW4J4zUIscTA/jjJs3dIzjMqypgub0Nys4bmhnKdlDUpiiyNbbevapdRaN8q1HHXN46sqKrsO48Ymh/dGNyFid3gQAtIJ7gfTssgofOl69cg8zdVOWd1VVfP5QsBiOvSeI6OA4/jYieEMhqd/PM09Isy8=
299q0CryBbYsw+vG/RufNguVpdMPqunbB73UNGfofY4qsOYmP8PlUFf8VN00FhfZbe3WovEnObW4wiQLkSK4Q8jpl21a0zGhpygexdOvwLEwwYIbb70r43lurEtAbwPL0Tchc3zW7NjoZVmWpCCat0UsV3ruUiAKNFEnb8vfqDXGSO0m5YifO1kEXZLIFUHQVzj5imDp0IZqCf0eXkN4l6p80rPNQFW0mzsGmDOR9U5Z7rz2aLJ8yY7W15IgH44ZCTwuMrS7A2CT6xvxJn2mxKXChP5aeU2/aDLU9PzTSGJgNDQmmjVBLlS8MwwWiwUr3BqKyYw2lcJDqaUgbEyglpC+05o4BlEMpKRmgue3eubkW9EqQJJNS2VCSZlwUAcyyJUMlaFoc3phjzeI4i2vRy1hgtuwuKuIzeqe9spBaAceUf1uzo51UuO2Vl8fFGsgIBY72xFvEld0coq7TlTXSt9km6sUuPkSz+o7HHNbWKPAwzZJS7Mu
299q0CryBbYsw+vG/RufNguVpdMPqunbB73UNGfofY4qsOYmP8PlUFf8VN00FhfZbe3WovEnObW4wiQLkSK4Q8jpl21a0zGhpygexdOvwLEwwYIbb70r43lurEtAbwPL0Tchc3zW7NjoZVmWpCCat0UsV3ruUiAKNFEnb8vfqDXGSO0m5YifO1kEXZLIFUHQVzj5imDp0IZqCf0eXkN4l6p80rPNQFW0mzsGmDOR9U5Z7rz2aLJ8yY7W15IgH44ZCTwuMrS7A2CT6xvxJn2mxKXChP5aeU2/aDLU9PzTSGJgNDQmmjVBLlS8MwwWiwUr3BqKyYw2lcJDqaUgbEyglpC+05o4BlEMpKRmgue3eubkW9EqQJJNS2VCSZlwUAcyyJUMlaFoc3phjzeI4i2vRy1hgtuwuKuIzeqe9spBaAceUf1uzo51UuO2Vl8fFGsgIBY72xFvEld0coq7TlTXSt9km6sUuPkSz+o7HHNbWKPAwzZJS7Mu
skqhfF89hkdTRPhjAf6tr9GXXavjj/UhCcCUbMtpJ4mbXZkvQbe0FNBugc5h5qEyJ3Y4oL81UUvrQ6PJAeM4BA3ZuXmdicheRndiaXp7/wYkTTLwXadDpna/sr8x/4tfWxde9s48Eo1DopYw6MNfJG1+7FIiDg5ZPRu5z5oB3KAXwseovV8jbAem+sWzJI3ww84iqZLC0MEn6qyTyiPwFKjXb+D3UGHTnCyBAYc6w2YGcuoy/k00Xk3mUo88rZPU1NYWG6EE6YNBRZStVDB/Cj66GDkP+1L6DgAOA3pWOlxOQrgVY8quVCk4JJt3X8YSsM2ONpfGeaG/VB5ckqKKVil+GiZzaN7MPLbVZ4gSPpPrbgLSDw/fipNtgoC1hpL9dvEDyNGem2etPFC93TO36ThfMjgpDHdiBIK40dqzhLkHimwu1zaZ3gzrrcSZ1PregZ9TL1ATTrpQT7yE5X6FDOHPNJ7b9jUCIShBSyrX2ssMTUmzLA==
L/gw3r6FhE0ncpZuHvGAJGLvHoepWpnwJmyDZIEq4LwAKoSPFjKWInef4Gm1d7ji7+Ms+XcWD/XXezqzOQhXLdf+aapZKqmDWFApWVDZOAu5yxdghSDCG5mNl9gFkHNuCSmG3w4Bmb60mQjxyVQ4aHDrUiMMDV0wHabHkxsnrAL80LjMTRBYGlAV3YoO5oym4AWJcyDz5QqM0/vjGSv4XQlY0KYiMoeh+k75XvCIOkM8rXI/j/eagKANx3X3KBgBKMHLEFaa9xzzO3Wt2tS2m9R/Wa5ZsR7jprGrEyyh8PvcT+XyeD3AVK6rI+7VTY41Qwm2FkT6JTLSgdQbOPHavMCNtoL6bXihwLr/MbjVbw7ApXJubXwuPot9aBw8yZEDr7R4AGxIsxBqH8WEeXw1/ZH1+GhONCZJRGcZE2m/9VL0O37m5Goq0d2CnOC+0eKkcbTPcTEt3j1pg6wMhJ4g1NFN7srEJhbcPk5zM93R1wlDTrMt
68DA1waSJUuFLZC1BMTDXSA7KZ4Vfm0gOl25HUN0XW6hj0hZdBR1pM2NKgEojbXWFHlZ3bpolli2kdx9aKQWf8OTgOkSmnKv/LCF7DTKrByudgNO/iZ/C2ct6sap1soPHwIXKWPxU3+qNPWDEPWaZxcgOkLWQOS3vkF3jCo8IiTZVpHcFTfaXvfMAVK1QD0rNv9ue5iVpbPA
sdHugTwyP/9k8RZAC/HleBG/On25gH8SfT8qEqNfqlJGO/N3W3gRIJvMr+Hw40am4AXTZGX2J+7DWOAVAxMXPdmljes6Acg+EA8eFB+Ejj4+jDzC+cZkov2L5alwTlNiWJ+N9q1B+VWx38iQL2uqgci3xZRACgyEpvf8ha3EUAjw9IsiqzTPE7h+FegbOo+0Lzsky5RzgpGns8I=
jgILnAEXhlY8yA5fyzFx7rO4Spr0hqyl3inBnuDb9QJazMaz6eYoaSfhhUghbF+rFvJoONqy8REuNQMPL/HchfU7Bc80DR8tYjaYYRxbpOcsyLIzeDDLpu+pguwQDUdmSMzlXr8Mr1sGptclA00/fhrRnvs+y1dfYxSoD9oFTMB8avAIWeWu5t5yZqBWClM/5WVHlYuqs8E=
NJXjRTg3MRAKmj4hj4/o6bO4Spr0hqyl3inBnuDb9QJazMaz6eYoZCfhhUUhbF+rFvJoONqy8REuNS8YL/jAi+I7Bc80DR8tYjaYYRxbpOcsyLIzeDDLpu+pguwQDUdmSMzlXr8Mr1sGptclA00/fhrRnvs+y1dfYxSoD9oFTMB8avAIWeWu5t5yZqBWClM/5WVHlYuqs8E=
5GHUpp4oiDixfcwAfkEKyDWprzwYhpjgvrjIZMku/9fsde7W95CqEAQGQ4dtnVlNaHrX7VYRQSalC3y+1qBjhQZ8Q21dZcijf0/G0DD7cOVUdbi+Crnkvkskay8KlpyT19Q8Wn20A2IP+eIAv3+vs48sTmdmMWKFl52nUuA1Ftscski8KCIly04E+hROuro0Iy3xk3+fl6Szww==
9Cq7FfcDBWuOFb6ythtJ87O4Spr0hqyl3inBnuDb9QJazMaz6eYoZCfhhUUhbF+rFvJoONqy8REuNQMPL+/BhP87Bc80DR8tYjaYYRxbpOcsyLIzeDDLpu+pguwQDUdmSMzlXr8Mr1sGptclA00/fhrRnvs+y1dfYxSoD9oFTMB8avAIWeWu5t5yZqBWClM/5WVHlYuqs8E=
eufmTnWp+BL3ajmDzCpM+jWprzwYhpjgvrjIZMku/9fsde7W95CqHQQGQ4ptnVlNaHrX7VYRQSalC2241LVnkQZ8Q21dZcijf0/G0DD7cOVUdbi+Crnkvkskay8KlpyT19Q8Wn20A2IP+eIAv3+vs48sTmdmMWKFl52nUuA1Ftscski8KCIly04E+hROuro0Iy3xk3+fl6Szww==
d7nU+R+9wE3x/KEMyktu8i/UcXQTSCZepW5NIkAMhtbmbTNBJFTvkURxxlPP+V2mgsyyVx/ab5WFhaJKXxl4Um5RfMbcT1Is61TaVgJsIOqN9nC68YvpsWR+J0pEf7Ge+ZENbf2fBGibO/4pNBdZ/PT6mBwqd3AdObTk4GxU94p/5Htr9L7Z0G9qW1wTWzjjYEOWiauzzg==
DcwpMnsMaN7jPyurTxixOS/UcXQTSCZepW5NIkAMhtbmbTNBJFTvkURxxlPP+V2mgsyyVx/ab5WFhatZVQR4UG5RfMbcT1Is61TaVgJsIOqN9nC68YvpsWR+J0pEf7Ge+ZENbf2fBGibO/4pNBdZ/PT6mBwqd3AdObTk4GxU94p/5Htr9L7Z0G9qW1wTWzjjYEOWiauzzg==
Wb44bL5DKSgXF0Ld5bUhDdDL7/0mZ9/wawFpdCxUtlW1G3AHLBIyeDuEveyJB4LkF4kDHONL9HR14gbFLUVH5Mt9qxtlQGxZbtK2b7j4uRwYksg8Sk5vXuIuewtjJfbWxe4uL3taO9lfuRe/bnyJM/wtPgez2JbSSshgNzrJ6xyGRIbEfQ79bOn/nh4zBD0imZjZC1LHgmuEnaGzxA==
Q1bOeQ8B1sg7AdjfmGXQE047Lhj+hsWEkPB1AQPIvf3TOlC0+nFDoofJ2YWVjcSz4wMrcEQDNXwcxkTmNCmfp9jdBO/Hz5G+Y31athx/V6HSULvsLxSf+geEczuoO4GHZ0rj7LubEPO4ox55U7M2
1m1A1KxI/ThEd6dpWkD7d047Lhj+hsWEkPB1AQPIvf3TOlC0+XFDoofJ2YWVjcSw4wMrcEQDNXwcxkTmNCmfp9jdBO/Hz5G+Y31athx/V6HSULvsLxSf+geEczuhO4GHZ0rj7LubEPO4ox55U7M2
n3z3ZeBhFPN6HeprKhN5lud9eH0/wgfGkoSXmOBrAhDJ4ZDqOddBzFMQ0s/nAHtKTZnLuLf6hpOrkB5/au0I27kSLVNZhWlAVyQsEOHjKOOf6vupBAo62NxauETIOvViyqytDC7CylxjBcGr3wdHTLMr
zfzGdSkr4eH1afe8XJr1ZOd9eH0/wgfGkoSXmOBrAhDJ4ZDqOddBzFMQ0s/nAHtKTZnLuLf6hpOrkB5/au0I27kSLVNZhWlAVyQsEOHjKOeW/fypBAo62NxauETIOvVlyaytDC7CylxjBcGr3wdHTLMr
sizGKrXXSurVpK1yfa/9XOd9eH0/wgfGkoSXmOBrAhDJ4ZDqOddBzFMQ0s/nAHtKTZnLuLf6hpOrkB5/au0I27kSLVNZhWlAVyQsEOHjKOOf6vupBAo62NxauETIOvVmz6ytDC7CylxjBcGr3wdHTLMr
KZPfrvW0ZRbJHQzV/lbCdE47Lhj+hsSEkPB1AQPIvf3TOlC0+XFDoofJ2YWVjcSw4wMrcEQDNXwcxkTmNCmfpdjdBO/Hz5G+Y31athx/V6HSULvsLxSf+geEczuvP4GHZ0rj7LubEPO4ox55U7M2
iedZTnBK673P/OmZ9xLtN047Lhj+hsSEkPB1AQPIvf3TOlC0+nFDoofJ2YWVjcSx4wMrcEQDNXwcxkTmNCmfpdjdBO/Hz5G+Y31athx/V6HSULvsLxSf+geEczurPoGHZ0rj7LubEPO4ox55U7M2
rFcVyDqvYrMqJ0HqDgXTeWpwCP+JUWIRAX8ofQva+Do5UDnVS3ib8CNkZJaBmc6Id4/wt80nf/tdX4zvmq1G9ITFSxDq675rZmWQ9LHNj/jkmdDplR0ErinF8w4pktolOmBxVkUET1mbS9/Fx/p4y4J5bPR0ZsAsIbluMjDe9iTOtrPLLSk38bO2s9U=
+2aOpwhQqWsHcO56IHEi3V8vJQJ2QMz4qPEVPPt3C0GYGU+3KcWHRLOrhrr5aYT4qs8gY/JrTPyagIJi1Wo+kz3YvPISICZQMXsyWylaMriU97q4B782Y5uTHV6ktPvJ29fzo8A96L+graXMelyypCm2IZxlV+peB+oxEsXgjaumXz47yLW1s9A=
+2aOpwhQqWsHcO56IHEi3V8vJQJ2QMz4qPEVPPt3C0GYGU+3KcWHRLOrhrr5aYT4qs8gY/JrTPyagIJi1Wo+kz3YvPISICZQMXsyWylaMriU97q4B782Y5uTHV6ktPvJ29fzo8A96L+graXMelyypCm2IZxlV+peB+oxEsXgjaumXz47yLW1s9A=
+2aOpwhQqWsHcO56IHEi3V8vJQJ2QMz4qPEVPPt3C0GYGU+3KcWHRLOrhrr5aYT4qs8gY/JrTPyagIJi1Wo+kz3YvPISICZQMXsyWylaMriU97q4B782Y5uTHV6ktPvJ29fzo8A96L+graXMelyypCm2IZxlV+peB+oxEsXgjaumXz47yLW1s9A=
+2aOpwhQqWsHcO56IHEi3V8vJQJ2QMz4qPEVPPt3C0GYGU+3KcWHRLOrhrr5aYT4qs8gY/JrTPyagIJi1Wo+kz3YvPISICZQMXsyWylaMriU97q4B782Y5uTHV6ktPvJ29fzo8A96L+graXMelyypCm2IZxlV+peB+oxEsXgjaumXz47yLW1s9A=
+2aOpwhQqWsHcO56IHEi3V8vJQJ2QMz4qPEVPPt3C0GYGU+3KcWHRLOrhrr5aYT4qs8gY/JrTPyagIJi1Wo+kz3YvPISICZQMXsyWylaMriU97q4B782Y5uTHV6ktPvJ29fzo8A96L+graXMelyypCm2IZxlV+peB+oxEsXgjaumXz47yLW1s9A=
HO9AkSzTT/G32182zvWtwmpwCP+JUWIRAX8ofQva+Do5UDnVS3ib8CNkZJaBmc6Id4/wt80nf/tdX4zvmq1G9ITFSxDq675rZmWQ9LHNj/jkmdDplR0ErinF8w4pktolOmBxVkUET1mbS9/Fx/p4y4J5bPR0ZsAsIbhqMjPe9iTOtrPLLSk38bO2s9U=
HfRlt309wX0Ym9C5c/h2EF8vJQJ2QMz4qPEVPPt3C0GYGU+3KcWHRLOrhrr5aYT4qs8gY/JrTPyagIJi1Wo+kz3YvPISICZQMXsyWylaMriU97q4B782Y5uTHV6ktPvJ29fzo8A96L+graXMelyypCm2IZxlV+taB+kxEsXgjaumXz47yLW1s9A=
j6mmMeXOlqi0Gui5K4w6YUp6IHCJwnqDnwjZr54OohiqVzGtj5y0jZaalOO3cENiOnFEmNHdDrh52z4qx6R9A3obNiYf7dY+mP/TKV7AR3SLdPtC23S/c+p6RU2rer+Un7v064SzEnFXszI=
/ltnGsFT0JAgmBlsOaK0P0p6IHCJwnmDnwjZr54OohiqVzGtj5y0jZaalOO3cENiOnFEmNHdDrh52z4qx6R9A3sbNiYf7dY+mP/TKV7AR3SLdPtC23S/c+p5RU2rer+Un7v064SzEnFXszI=
J0U/IwR7t9ed2q71bDkXfE47Lhj+hsbfxepiChnZkP3lL2X1jSMU9J3P/syNqsTtuBNvYU8fInEA93XhJg75tsjFCO/e2Y6+Y31athx/V6HSULvsLxSf+geEczurOIGFZ0rj7LubEPO4ox55U7M2
/JHSkoVlsrnhjm2ld5Tnk047Lhj+hsHfxepiChnZkP3lL2X1jSMU9J3P/syNqsTtuBNvYU8fInEA93XhJg75tsnFCO/e2Y6+Y31athx/V6HSULvsLxSf+geEczuvP4GFZ0rj7LubEPO4ox55U7M2
OmEY+kZAX+q4ZQ+OSb5+qed9eH0/wgLGkoSXmOBrAhDJ4ZDqOddDzFMQ0s/nAHtKTZnNuLf6hpOrkB5/au0I27kSLlNZhWlAVyQsEOHjKOOf6vupBAo62NxauETIOvViy6ypDS7CylxjBcGr3wdHTLMr
4LPorvmMruqDPJVc8t1B9ed9eH0/wgLGkoSXmOBrAhDJ4ZDqOddBzFMQ0s/nAHtKTZnOuLf6hpOrkB5/au0I27kSLlNZhWlAVyQsEOHjKOOf6vupBAo62NxauETIOvVmyqypDS7CylxjBcGr3wdHTLMr
SgBEuc3CBe3pGSY8LbfnPsqbkC0BPFaX4lB98Ifq7tDQHTIe8sBK9aOjfQ4KPOGHlkORBaX7ANU0LA4AieX/HA1W5MZvuDE9YV7jT6SFm5OCk/c/24a+wV9v63ZpJNGfpfFgdXtzvLCv7B+Rcpwsr6sXvG/E2DBPPSCUqmDDTiobEQ7InnmMOMwCUJDJaSleLdsG+IbCE0fVjWeNm6Kz+Q==
9v8O9uYuUUXSvy7Riaof0EBY57EaGfju69qE7H6N0/6l2Ic8qKxC2ru8UZVJNOLfIxsoz6PK2ERMTFwNekdZbx9lGI0Z1eXx2lgM1ykvIA4GczIQ/i1tory2KK+aZUygPMpwqJkBqQYd0+YAFmpTX6XFxzVLSrMh
y36eiI0GsZX6J6SEnbpH/P1sPNsSDvzDmmqNzO6n17s1vl+yx5GbdfQ3X7rqEcTkNmUJGAkWOyhc1Pzxiv2KhCSvRnWMUN+IVrek2JuUzJ6JmE4NDwZh/F5UvoTlfoUM4c8ymdv3NAIhKEFLKtfaywxNSbMs
A8K22wFdhR13ryO1zTFV6rdENzzUU1bMxmkh2Q8SFiNiulUMVheP213O1zJPITPVLMenejLB/MQedQEYAQYTCGQEJDFyDVIkjB/O9QQgt+gOBxwYQ0Q0fmGIRg0HFgmcJgTmxF3OXewJP7oZU0econlYOQtyh+LrJF1BsyQ=
iz/6KWYwp8nJhAInOb7OIRJCnBRgd5Q9WaTFKVrWRVt6ayjuB1wEQyVz92p1ku2FmX2GUzXqoFV2TJTxg5iDgpmA7pC2oeCZ+Iwmu2xVpoQdQKRTTkgREH42K8wETUVSQ9RsULSUD5p3xCMbmDlxY7aKU0wrG2CT6OMuWUOzJg==
OD7c40WbvFZvwChdBvDq1r9Z2zFtl0ZGRQtAnn8cXBON00/a/RJldWGdboPtKphlXmyM4YuYi5KBoMagjmE4SRBs3kvk1S40peAMAxYIaWAWVjPcDE1NQls0hKBMVNdK32SbqxC5+RPO6jscc1tYo8DDNklLsy4=
C++bWrhN6sjtmfqtUxAKfwtR7bZKDf318szXq2SWxOul2Ic8qKxC2ru8UZVJNOLfIxsoz6PK2ERMTFwNekdZbx9lGI0Z1eXx2lgM1ykvIA4GczIQ/i1tory2KK+aZUygPMpwqJkBqQYd0+YAFmpTX6XFxzVLSrMh
W3sXgNXEBarYth81lB7kp79Zxj1rhV1PdQtAnn8cXBON00/a/RJldWGdboPtKphlXmyM4YuYi5KBoMagjmE4SRBs3kvk1S40peAMAxYIaWAWVjPcDE1NQls0hKBMVNdK32SbqxC5+RPO6jscc1tYo8DDNklLsy4=
1e9vszoa3mDu72Pd0F8LGntAobBg9IKBYPinXjPXgEWnp4CT1hL5rPq/24sJlotyE3lnhXivyxpeqYi0ag19GH1+Z3gQbEhRHmUGdNhHkrVYeOO4Wq+wuO/sgM7VMPqNu669LJKsSmTxZok83edm2Y+fSHKtsNXrnm8WG9ClvbPY
a2Hu8eKQM9iHU3L/k2fFDBYP4I+KNwC04x/W2PH7tHbjvOC72YM7orFSKU1VTbprEcqETWpcmPmHmIeKlZDyiJKBxKHEvOpzqJViTNGwWKuqqPWI4qanRIDNwdrPRPDI0PRr4gu0b1PceTUr+rpvdA87RIv08yJRR7Mi
OFm5XS2OgEhh1OrN1pdEwhcG/ZiMNEmmsxHK0vS6gDjvpuiu2YM7orFSKU1VTbprEcqETWpcmPmHmIeKlZDyiJKBxKHEvOpzqJViTNGwWKuqqPWI4qanRIDNwdrPRPDI0PRr4gu0b1PceTUr+rpvdA87RIv08yJRR7Mi
fOFVZmUHTbMamhfzHsIZNzT2+FW7pmre2fVRTaACL1wk9Ctiy7Qv0xx5das6uq/0TzuEC7Tz4tEHs2I=
ymwwSpJSdjY5Ge5LBcEELYYgOMJxdxrhIlhu8h+NTGC8inBoGUGpRp0T5kCWqlOfJYXH9csKs2E=
CMbmEOe+fqaGcUlcwMRCztG70I+EsA6KxURPr7Y22NeMyQs5SvgaglyK2HQIqlWXydwJnW7yKgzj1eHbH5cnfLMb
8i5PWHWksrD3pJs/jmF0usqbkC0BPFaX4lB98Ifq7tDQHTIe8sBK9aOjfQ4KPOGHlkORBaX7ANU0LA4AieX/HA1W5MZvuDE9YV7jT6SFm5OCk/c/24a+wV9v63ZpJNGfpfFgdXtzvLCv7B+Rcpwsr6sXvG/E2DBPPSCUqmDDTiobEQ7InnmMOMwCUJDJaCleK90G94fCEkfVjWeNm6Oj+g==
Kqh6lZ901pZH3AZ7eABsX0BY57EaGfju69qE7H6N0/6l2Ic8qKxC2ru8UZVJNOLfIxsoz6PK2ERMTFwNekdZbx9lGI0Z1eXx2lgM1ykvIA4GczIQ/i1tory2KK+aZUygPMpwqJkAqQYb1eYPF2pSX6XFxzVLS6Mi
trSj8/gNJOnLkcIMvTFBuv1sPNsSDvzDmmqNzO6n17s1vl+yx5GbdfQ3X7rqEcTkNmUJGAkWOyhc1Pzxiv2KhCSvRnWMUN+IVrek2JuUzJ6JmE4NDwZh/F5UvoTlfoUM4c8zmdvxMgIuKUFKKtfaywxNSKMv
wGBTgpTq8pVeaCVDSXRM/bdENzzUU1bMxmkh2Q8SFiNiulUMVheP213O1zJPITPVLMenejLB/MQedQEYAQYTCGQEJDFyDVIkjB/O9QQgt+gOBxwYQ0Q0fmGIRg0HFgmcJgTmxF3OXewJP7sZU0GaonZZOQpyh+LrJF1Aoyc=
u7k6S0/O2ooo0hi3VmbTWxJCnBRgd5Q9WaTFKVrWRVt6ayjuB1wEQyVz92p1ku2FmX2GUzXqoFV2TJTxg5iDgpmA7pC2oeCZ+Iwmu2xVpoQdQKRTTkgREH42K8wETUVSQ9RsULSUD5p3xCMbmTlxZbCKXE0rGmCT6OMuWUKjJQ==
Q4TfDtMVREwJs0C3tvfDpr9Z2zFtl0ZGRQtAnn8cXBON00/a/RJldWGdboPtKphlXmyM4YuYi5KBoMagjmE4SRBs3kvk1S40peAMAxYIaWAWVjPcDE1NQls0hKBMVNdK32SbqxG5+RXI6jQdc1pYo8DDNklKoy0=
82Hy4kbZVSgqwm2mD28XlAtR7bZKDf318szXq2SWxOul2Ic8qKxC2ru8UZVJNOLfIxsoz6PK2ERMTFwNekdZbx9lGI0Z1eXx2lgM1ykvIA4GczIQ/i1tory2KK+aZUygPMpwqJkAqQYb1eYPF2pSX6XFxzVLS6Mi
tLNvhdFKvF+XNuucFzJW0L9Zxj1rhV1PdQtAnn8cXBON00/a/RJldWGdboPtKphlXmyM4YuYi5KBoMagjmE4SRBs3kvk1S40peAMAxYIaWAWVjPcDE1NQls0hKBMVNdK32SbqxG5+RXI6jQdc1pYo8DDNklKoy0=
iUgBxFUnVTVDS6/pfnYJlntAobBg9IKBYPinXjPXgEWnp4CT1hL5rPq/24sJlotyE3lnhXivyxpeqYi0ag19GH1+Z3gQbEhRHmUGdNhHkrVYeOO4Wq+wuO/sgM7VMPqNu669LJKsSmTxZok83edn2Y+ZTnKisdXqnm8WG9ClvKPb
ZlFJYpW8MY9z6krv7WOWnBYP4I+KNwC04x/W2PH7tHbjvOC72YM7orFSKU1VTbprEcqETWpcmPmHmIeKlZDyiJKBxKHEvOpzqJViTNGwWKuqqPWI4qanRIDNwdrPRPDI0PRr4gu0b1PdeTUt/LpgdQ86RIv08yJRRqMh
VlQPRlU+m41sXPxoWONmhxcG/ZiMNEmmsxHK0vS6gDjvpuiu2YM7orFSKU1VTbprEcqETWpcmPmHmIeKlZDyiJKBxKHEvOpzqJViTNGwWKuqqPWI4qanRIDNwdrPRPDI0PRr4gu0b1PdeTUt/LpgdQ86RIv08yJRRqMh
iL5eEzvom+P/WaaFChcgLDT2+FW7pmre2fVRTaACL1wk9Ctiy7Qv0x15da08uqD1TzqEC7Tz4tEGo2E=
/WPOMXszASGfpudJIjQoAoYgOMJxdxrhIlhu8h+NTGC8inBoGUCpRpsV5k+XqlKfJYXH9csLo2I=
LLlaQCTFQJ6aQLS6jBAnm9G70I+EsA6KxURPr7Y22NeMyQs5SvgaglyK2HQIqlWWydwPm279Kwzi1eHbH5cnfaMY
Zh8EpDzTFM9VJtXH8esG1Ek//dh9S5m9HI9UWBoMYcpdbX/3rXkj6bf0KGtzBOAogHTbAjv037MNeWWNDPoQVf+6FKvkM7IxdqMR
iL5eEzvom+P/WaaFChcgLDT2+FW7pmre2fVRTaACL1wk9Ctiy7Qv0x15da08uqD1TzqEC7Tz4tEGo2E=
/WPOMXszASGfpudJIjQoAoYgOMJxdxrhIlhu8h+NTGC8inBoGUCpRpsV5k+XqlKfJYXH9csLo2I=
iL5eEzvom+P/WaaFChcgLDT2+FW7pmre2fVRTaACL1wk9Ctiy7Qv0x15da08uqD1TzqEC7Tz4tEGo2E=
/WPOMXszASGfpudJIjQoAoYgOMJxdxrhIlhu8h+NTGC8inBoGUCpRpsV5k+XqlKfJYXH9csLo2I=
QabU7OvWuAkHkTF3of9ppnM1mRjFp93noeDaZE02kZyGhEg/f/eJC6qevwaHPwDAybzEWmB9AfUsh/dWcHt+oPQd7CSUlgCcgexpYpNpNtsvZjKbTVl3QRNnowY=
CzzqYL2CNreT7SvVt0U+AANa5PIeq3ADdE8tZlrmybgZBhoS2M3LiTHhBvgfpOOR6Hq1CjQINKPZv2BBNxS0tTb6KMu8FmCoeLZtygmAtwceIRMQAolZR29LH2GjBA==
L6JlIdeI+aAQ7L32XfCGaSppy9cvmVEZQ08tZlrmybgZBhoS2M3LiTHhBvgfpOOR6Hq1CjQINKPZv2BBNxS0tTb6KMu8FmCoeLZtygmAtwceIRMQAolZR29LH2GjBA==
zo0AXOhzLUPceFnXXkP0Whd+YCxRRiViWuLBrAkSMvb4qeNdYbXOPF9gK8W4rh1ulOycN0kr6MW3kDwhpm6ALxxyyHwo4qUOSUR/U071O3QibXFTf18XZaMA
TqOm/Eo0JfLPrdJl3+KBSvaEJ1eNrSoBhh6IHc/VDwesVF1eWt65kPkuSkoYFZvhkQm2gJ9cU/lIkmVSdNDki7mXkHk3LESdVtL4E/xOsEDY3t0yifgH775JQ8jC0Qlvj2NvWaM8
UWcSMTDsBUrv6H1J0r39qDfV4vL36NM2V8nVOpp5U2epHx8aHX/Ntemwg0BOVRSlRuRRb28l1JRFTytcOzqu3ahyWBdPYmB6teI6BHXeVcwx70OZ6xHiwn5J0craN2qLfG1Yoz8=
KB1mdGeuLlhwARUHs7Tc4874Ak0Pv2iwEo9IPLacKMzf0tFbdAoxqeO+h5oHUyKTn2U/y9anwDLgWEkoAQj9yFv+1CcVXtiDkhEsnOQu4CTxVOna49HWY1/e8qM9YZd5Y1+jPg==
rslIgMzcbduLO88fuHv3oO3Gqw31jDM+uon+BXMQWs7wtWUvJQdpky/bDlCkP+wtk6yVAxsnDAn68zVKXpu4hRL0S6JrNI+T/HlVbVw6wDVvOmRLVHNCEWajAQ==
i99NtSMiiDksYwWGqKrySi/O4PUwNKDVFRghuAix0xWynNv7vPYgCPjWresJoPfnnoHTcAKpGafv698Bo2Q=
i99NtSMiiDksYwWGqKrySi/O4PUwNKDVFRghuAix0xWynNv7vPYgCPjWresJoPfnnoHTcAKpGafv698Bo2Q=
CI6oC2v8b2V6cdbOoRjUnbwlOicGazQUM98DRsG9zF4xdvp6QJD+2h3oPRFH2/cfTX02zFYIOx2EUFew5LLWA7ZjeeZy
