ZS0ErQ8HWbRGeeNchUd+WzgyjhnYtczmr+jXfkMy0LTHygkEXNfuRebHqxSQIQqey7bXTi9UCOwhrvlZYWV+tfkr7CSUlgCcgehqYpJpNtsvZjKbTVl3QRNnowY=
a/QC4cxByw5taA90CqIzRY7/dUhww97hMx4Z0rj1XGu28A9iZW3Mc8xl3ZnhTDMB/VXpNHZXrXz+FJ6ExT7ljAEPV5r7MJKCjumhSkqXOkusDWijDw==
kmlmLw1YGHCsX0P2oKlxHCrcHjbWzylklQQfInp6h2IxZwzrtyS5v1NSJybecJb1W1y4l8QfLl4Zi5vcwrj2x/jKp/OGMa8SUprDTR/3l8jWi8na1c4vpJT56dxg1dY7HJIIHKhCZepKJD7zzhV7FCJNsfP/P1dFoyA=
h/xWX6RS1qzgSKaZ7xs6wVbcmbtDUR2xvHDpBlVCfxnee85h54gWaBHpr2EzdKzj/5RcsGQUf7pnBJN7zTqhxMDKTK2bmjCzGCO+OXKjFQ==
6ZM/iXXx0ZL4eh7q9Svg6quVjVqhhHZ3o4u/DGQCX93+tGklMB15jyGCS3HCS8J50+nCUF05Ewmn9DgLQ8SQiDD0S6JrNI+T+XpVbFw6wDVvOmRLVHNCEWajAQ==
pFSyFYgBwb0/WPgqGH8qsquVjVqhhHZ3o4u/DGQCX93+pWErNhJ43SGCS3HCS8J50+rCUF05Ewmn9DgLQ8SQiDD0S6JrNI+T+XpVbFw6wDVvOmRLVHNCEWajAQ==
C0az0JxaZLtShgd7t1VbLVtE/hlvQivDhjy35yklr6Nmx2cE7TCogphvWVBbxOD/kvWpgE0Jbnd/5WNGEs7raQ/zn9zz34KehWqHMBRtQXgwkZ5vPIYAGLhmTb4KcJZXXpHzgIIZ+bevG39RozQ=
t8Fx6emo2aHgV+STBuCLfvHKpR74mHZ3q4mpHjAPVsOstG9sZFMs3SGCS3HCS8J50+zCUF05Ewmn9DgLQ8SQiDD0S6JrNI+T+XpVbFw6wDVvOmRLVHNCEWajAQ==
xomhycG7Bc9+CuYOFUQxUK+N5EKrznZ3oJa5GWIGRY2ytGo+IRgs3SGCS3HCS8J50+3CUF05Ewmn9DgLQ8SQiDD0S6JrNI+T+XpVbFw6wDVvOmRLVHNCEWajAQ==
dt40tUyy05VhbOdVffev+vrb56Gt5slqWGnc4/8rKU/ShfeLN5zy2OdL9037VmZ53sytZLNKVJvt+qhPWkVMgPwq8MjZJKomWrVm79dKUn9lJUdVC2ujAg==
+l9oCqbPG1pK4hdEgSXWBk0qOG4BKzFjVvjbvUIAc+b2/aYTb+GLclJ6A+2fl1co16uKelUu74SU2Sk84HWWGxxyyHwo4qUKSkR+U071O3QibXFTf18XZaMA
AbfbFEokjsUL2XSD0l/oVgP23llODtCpt3BbHsgLevrS8pNV/0/nYBNk+qJ1Vv+MlNE5RMCt5tPcOnikSFo1gsrM7uuurYu8YiWBC1+nB22jCA==
4kFn+dUb2Cntr4PLD3RX11WZQgNhuL9uNoG378L5HNqZi5i3BSMhbLb2vv3MM7RNuQLT4VrrKqmbrQ1gNRnrOd/0wDs75Hi4eDSD8gOUFwNh+s38xNpoZSf6rDt8k3phXqM5
AnEHYaJ+keSr4To8WKm1u5eiRRFasmKqS4xOIveJNM+exNBLeUB/+qX/joELAWfnn2gypN+vx0HzQkUiBgj9yFv+1CcVXtiDkhEsnOQu4CTxUOra4tHWY1/e8qM9YZd5Y1+jPg==
hQF9uUmr38Ctls1uHPvzhft2KDhwGA08MmjUQdosws12DM4V1VDfs0spdbHuq9Iyic4Dy8Ly/NP2ZdFWgrbMwGx+dPXntDHQua+X2F/PA5L6XRCMxBA+AFxJQRSPJWIdZ3E+YzUKSILgedDy63Bb8Wum8qCNjit1Cv/TfrtizTA1OED0Sy3p4TYEgutZZdsLXjLfrpKmu/Hvy+/0NTGz5iVyV5gUxZFgkOmuh/yucCBY/h3WiphGzz6pA6jCcclPDwMv+aOc
wmKr3DTQAZrQIXE49GSxanFf/XuPewNXWWjRJ0CqPYuu+BzalNbWsg5nGQoUkcyhpILHaf3CF6kmW8ZxP8+omZmJd7FbdESzp3TUwNzUJ6pvJOvLJboJNPiqRL3D2sgDkINmaVqjPQ==
FgjWBXWv0ebGWCBpf2Kki+fQvQ/4kXZ3o4u/DGQCX93+tGklMB15ryGCS3HCS8J50+DDUV05Ewmn9DgLQ8SQiDD0S6JrNI+T+XpVbFw6wDVvOmRLVHNCEWajAQ==
BL8vgVJeDq+WIkDP/3sKxHqhmxu+mWwUN5r5kho5KCTi25tv8x1DIqnVmKN4DQE4leqncUnNZbT6zxmMarxiJJnWUdzVtxtaN0hGUvrBfSp2fy57WBVkowM=
7WMhlxmdbrHcOj94c+mFJUdhgoRyOTaLWhH34t39tNNkNRXZobJbIeUl8TRup7VcFmRWRI3uTSz5n+8ag6Aq4ma56YoCpxIrtD1woxc=
c3wvXAjt9grleiubaQqo+SdN3agVYUcvz8CyDI9n50njagKImIBdAAvW1A9FlngLArlstPQmwOyh+Gpyshn2a0/2sgut6TexM3ejFg==
Oi1i6mmnr8nIaWO4cjPB/EVhgpVwLzKLWhH34t39tNNkNRXbobJbIeUl8TRup7VcFmRWRI3uTSz5n+8ag6Aq4ma56YoCpxIrtD1woxc=
hz4Jo9l9NMsJSXyPT5AybSdN274JfEcvz8CyDI9n50njagSImIBdAAvW1A9FlngLArlstPQmwOyh+Gpyshn2a0/2sgut6TexM3ejFg==
QpSaha0Q2ghQnZnx/RzfeidN2qgbeUcvz8CyDI9n50njagWImIBdAAvW1A9FlngLArlstPQmwOyh+Gpyshn2a0/2sgut6TexM3ejFg==
GajsqaIgJvRpbrG4P3906i7fofj358s/ZdnVOoJ5B3aNRwIcHTbc+u/xk1JfQh3kQPEfYnUN/LN8BW0ZeiPjwa11GTQGd308rvQOBHXeVcwx70ea6xDiwn5J0craN2qLfG1Yoz8=
uqMsGQ+YfgJBhKIEXp425fjr5tLTRPLr3q1mErVHH1QZhPiogRBKd3Cx4+PH2WvJ0VCdAQLF2KvHqB4qBlkS/Zfl1zqAXUZDXKoYFIgKFXLKvM477h1rLOK1IXufd2ddozg=
WHAA4lH3oewupQvcAH+W+/jr5tLTRPLr3q1mErVHH1QZhPiogRBKd3Cx4+PH2WvJ0VCdAQLF2KvHqB4qBlkS/Zfl1zqAXUZDXKoYFIgKFXXKvMs87hxrLOK1IXufd2ddozg=
HcdlvccndqIYYgPUSnARV/jr5tLTRPLr3q1mErVHH1QZhPiogRBKd3Cx4+PH2WvJ0VCdAQLF2KvHqB4qBlkS/Zfl1zqAXUZDXKoYFIgKFXHIvMo87hxrLOK1IXufd2ddozg=
4NXCScrN06THhqSVrZR2mPjr5tLTRPLr3q1mErVHH1QZhPiogRBKd3Cx4+PH2WvJ0VCdAQLF2KvHqB4qBlkS/Zfl1zqAXUZDXKoYFIgKFXfLvM087hxrLOK1IXufd2ddozg=
VIsFmsSKhCp1FOUbHtuPMPjr5tLTRPLr3q1mErVHH1QZhPiogRBKd3Cx4+PH2WvJ0VCdAQLF2KvHqB4qBlkS/Zfl1zqAXUZDXKoYFIgKFX/KvMg67hxrLOK1IXufd2ddozg=
e1qLwWMrtrCl4jO9dYvoq/jr5tLTRPLr3q1mErVHH1QZhPiogRBKd3Cx4+PH2WvJ0VCdAQLF2KvHqB4qBlkS/Zfl1zqAXUZDXKoYFIgKFXDKvMo+7hNrLOK1IXufd2ddozg=
uyaTnqO70TMKQjn0N4V04fjr5tLTRPLr3q1mErVHH1QZhPiogRBKd3Cx4+PH2WvJ0VCdAQLF2KvHqB4qBlkS/Zfl1zqAXUZDXKoYFIgKFXPKvMA/7hNrLOK1IXufd2ddozg=
WJHqpz7RgTN7d3oyFVt0rvjr5tLTRPLr3q1mErVHH1QZhPiogRBKd3Cx4+PH2WvJ0VCdAQLF2KvHqB4qBlkS/Zfl1zqAXUZDXKoYFIgKFXfOvMA/7hNrLOK1IXufd2ddozg=
cFJNay1uuteuuIiLEaAV/fjr5tLTRPLr3q1mErVHH1QZhPiogRBKd3Cx4+PH2WvJ0VCdAQLF2KvHqB4qBlkS/Zfl1zqAXUZDXKoYFIgKFXfPvMo97hNrLOK1IXufd2ddozg=
RTZ9D2SGZ0KIlsvfJdEnTfjr5tLTRPLr3q1mErVHH1QZhPiogRBKd3Cx4+PH2WvJ0VCdAQLF2KvHqB4qBlkS/Zfl1zqAXUZDXKoYFIgKFXfPvM077htqLOK1IXufd2ddozg=
CI6oC2v8b2V6cdbOoRjUnbwlOicGazQUM98DRsG9zF4xdvp6QJD+2h3oPRFH2/cfTX02zFYIOx2EUFew5LLWA7ZjeeZy
