FEnWaYPBiZ/pGzBrovfwzTgyjhnYtczmr+jXfkMy0LTHygkEXNfuRebHqxSQIQqey7bXTi9UCOwhrvlZYWV+tfkr7CSUlgCcge9oYpBpNtsuZjObTVl3QRNmswU=
6C5Drim1Gnb16z48OB272Y7/dUhww97hMx4Z0rj1XGu28A9iZW3Mc8xl3ZnhTDMB/VXpNHZXrXz+FJ6ExT7ljAEPUJj7MpKCjuihS0qXOkusDWmzDA==
qywdIh18N9VdVbKhzc7vDCrcHjbWzylklQQfInp6h2IxZwzrtyS5v1NSJybecJb1W1y4l8QfLl4Zi5vcwrj2x/jKp/OGMa8SUprDTR/3l8jWi8na1c4vpJT56dxg1dY7HJIIHKhCZe1IJDzzzhV6FCNNsfP/P1dEsyM=
/TKoeYb3XkdaVmRHvuyfEVbcmbtDUR2xvHDpBlVCfxnee85h54gWaBHpr2EzdKzj/5RcsGQUf7pnBJN7yjihxsDKTKybmzCzGCO+OXOzFg==
fsM1JEycb1+7Ipzzz+OEfKuVjVqhhHZ3o4u/DGQCX93+tGklMB15jyGCS3HCS8J50+nCUF05Ewmn9DgLQ8SQiDD0S6JrNI+T/nhVblw6wDRvO2RLVHNCEWezAg==
b2b/FEeW0AUhnNwqulxza6uVjVqhhHZ3o4u/DGQCX93+pWErNhJ43SGCS3HCS8J50+rCUF05Ewmn9DgLQ8SQiDD0S6JrNI+T/nhVblw6wDRvO2RLVHNCEWezAg==
HZjJ7qOHY7IX9JWq6cBGW1tE/hlvQivDhjy35yklr6Nmx2cE7TCogphvWVBbxOD/kvWpgE0Jbnd/5WNGEs7raQ/zn9zz34KehWqHMBRtQXgwkZ5vPIYAGLhmTbkIcJRXXpHygIMZ+bevG39Qszc=
ZI6WZrDKMhCSwyWcZjexqPHKpR74mHZ3q4mpHjAPVsOstG9sZFMs3SGCS3HCS8J50+zCUF05Ewmn9DgLQ8SQiDD0S6JrNI+T/nhVblw6wDRvO2RLVHNCEWezAg==
rrB2T5q0xJmGOa/8ssdgfK+N5EKrznZ3oJa5GWIGRY2ytGo+IRgs3SGCS3HCS8J50+3CUF05Ewmn9DgLQ8SQiDD0S6JrNI+T/nhVblw6wDRvO2RLVHNCEWezAg==
lmXDFzVf8cMPd0jrVCWh3frb56Gt5slqWGnc4/8rKU/ShfeLN5zy2OdL9037VmZ53sytZLNKVJvt+qhPWkVMgPwq8MjZI6gmWLVm79ZKU39lJUdVC2qzAQ==
mOAfRxG5ACNfn1WA1S0Euk0qOG4BKzFjVvjbvUIAc+b2/aYTb+GLclJ6A+2fl1co16uKelUu74SU2Sk84HWWGxxyyHwo4qUNSER8U071OnQjbXFTf18XZLMD
4Pe1hMuP0A0mUnmBr79G7AP23llODtCpt3BbHsgLevrS8pNV/0/nYBNk+qJ1Vv+MlNE5RMCt5tPcOnikSFo1hcjM7OuurYq8YyWBC1+nB2yzCw==
WXmvWOhi2LCM5fTFJppYSFWZQgNhuL9uNoG378L5HNqZi5i3BSMhbLb2vv3MM7RNuQLT4VrrKqmbrQ1gNRnrOd/0wDs75Hi4eDSD8gOUFwNm+M3+xNpoZCf7rDt8k3phX7M6
fwPdPcjF3u+lbAsqusAGu5eiRRFasmKqS4xOIveJNM+exNBLeUB/+qX/joELAWfnn2gypN+vx0HzQkUiBgj9yFv+1CcVXtiDkhEsnOQu4CTxV+ja4NHWY17e86M9YZd5Y16zPQ==
au8MkR8y5G5JGVZ0/dtFA/t2KDhwGA08MmjUQdosws12DM4V1VDfs0spdbHuq9Iyic4Dy8Ly/NP2ZdFWgrbMwGx+dPXntDHQua+X2F/PA5L6XRCMxBA+AFxJQRSPJWIdZ3E+YzUKSILgedDy63Bb8Wum8qCNjit1Cv/TfrtizTA1OED0Sy3p4TYEgutZZdsLXjLfrpKmu/Hvy+/0NTGz5iVyV5gUxZFgkOmuh/yucCBY/h3RiJhEzz6pAqjDcclPDwMv+LOf
19occ35wzr+fHY+vnhx7KHFf/XuPewNXWWjRJ0CqPYuu+BzalNbWsg5nGQoUkcyhpILHaf3CF6kmW8ZxP8+omZmJd7FbdESzp3TUwNzUJ6pvJOvLIrgJNviqRLzD28gDkINmaVuzPg==
nt+etWmh8b3UDIFHuNtF2ufQvQ/4kXZ3o4u/DGQCX93+tGklMB15ryGCS3HCS8J50+DDUV05Ewmn9DgLQ8SQiDD0S6JrNI+T/nhVblw6wDRvO2RLVHNCEWezAg==
gJWiLqMTZa0kpkw7dNtph3qhmxu+mWwUN5r5kho5KCTi25tv8x1DIqnVmKN4DQE4leqncUnNZbT6zxmMarxiJJnWUdzVtxxYN0pGUvrAfSt2fy57WBVlswA=
ZnwGjFaC5bojgXfEohrY+kdhgoRyOTaLWhH34t39tNNkNRXZobJbIeUl8TRup7VcFmRWRI3uTSz5n+gYg6Iq4ma46YsCpxIrtD1xsxQ=
aLYz6ju6b/DRziCkR1u8CidN3agVYUcvz8CyDI9n50njagKImIBdAAvW1A9FlngLArlstPQmwOyh/2hysBn2a072swut6TexM3azFQ==
tR6Mst9gCHFvp0ER5rdkm0VhgpVwLzKLWhH34t39tNNkNRXbobJbIeUl8TRup7VcFmRWRI3uTSz5n+gYg6Iq4ma46YsCpxIrtD1xsxQ=
/eoMPJGoRsinkrWPzNAaWidN274JfEcvz8CyDI9n50njagSImIBdAAvW1A9FlngLArlstPQmwOyh/2hysBn2a072swut6TexM3azFQ==
GEak46fGGdzDzNC8DtHBgidN2qgbeUcvz8CyDI9n50njagWImIBdAAvW1A9FlngLArlstPQmwOyh/2hysBn2a072swut6TexM3azFQ==
yp7t8aJAPnCeLm+tdM9Ecy7fofj358s/ZdnVOoJ5B3aNRwIcHTbc+u/xk1JfQh3kQPEfYnUN/LN8BW0ZeiPjwa11GTQGd308rvQOBHXeVcwx70CY6xLiwn5I0cvaN2qLfG1Zszw=
3jDbNboro68WWnbnpbNQ3vjr5tLTRPLr3q1mErVHH1QZhPiogRBKd3Cx4+PH2WvJ0VCdAQLF2KvHqB4qBlkS/Zfl1zqAXUZDXKoYFIgKFXLIvMw77h1qLOO1IXufd2dcszs=
FyNrHtPJ8mcuLdnnHBPVxvjr5tLTRPLr3q1mErVHH1QZhPiogRBKd3Cx4+PH2WvJ0VCdAQLF2KvHqB4qBlkS/Zfl1zqAXUZDXKoYFIgKFXTPvM8+7hxqLOO1IXufd2dcszs=
aPa7QXkKrX3DY9YXkhMgpfjr5tLTRPLr3q1mErVHH1QZhPiogRBKd3Cx4+PH2WvJ0VCdAQLF2KvHqB4qBlkS/Zfl1zqAXUZDXKoYFIgKFXHOvME67hxqLOO1IXufd2dcszs=
qgd7avT82q06N/O0DtNIqvjr5tLTRPLr3q1mErVHH1QZhPiogRBKd3Cx4+PH2WvJ0VCdAQLF2KvHqB4qBlkS/Zfl1zqAXUZDXKoYFIgKFXbLvME/7hJqLOO1IXufd2dcszs=
CI6oC2v8b2V6cdbOoRjUnbwlOicGazQUM98DRsG9zF4xdvp6QJD+2h3oPRFH2/cfTX02zFYIOx2EUFew5LLWA7ZjeeZy
