LTGAYFQvaTYGHnv6IyNyrDgyjhnYtczmr+jXfkMy0LTHygkEXNfuRebHqxSQIQqey7bXTi9UCOwhrvlZYWV+tfkr7CSUlgCcge5qYpJpNtsvZjKbTVl3QRNnowY=
O+aP4YDpzSfR8sCkLXVsNo7/dUhww97hMx4Z0rj1XGu28A9iZW3Mc8xl3ZnhTDMB/VXpNHZXrXz+FJ6ExT7ljAEPUZr7MJKCjumhSkqXOkusDWijDw==
MktRSJRJAlfpwriHt6R7AyrcHjbWzylklQQfInp6h2IxZwzrtyS5v1NSJybecJb1W1y4l8QfLl4Zi5vcwrj2x/jKp/OGMa8SUprDTR/3l8jWi8na1c4vpJT56dxg1dY7HJIIHKhCZexKJD7zzhV7FCJNsfP/P1dFoyA=
2ECzJYUpgY0iZ+QEzISbfVbcmbtDUR2xvHDpBlVCfxnee85h54gWaBHpr2EzdKzj/5RcsGQUf7pnBJN7yzqhxMDKTK2bmjCzGCO+OXKjFQ==
dyvQ+AeVu/d66Lp20CBNF6uVjVqhhHZ3o4u/DGQCX93+tGklMB15jyGCS3HCS8J50+nCUF05Ewmn9DgLQ8SQiDD0S6JrNI+T/3pVbFw6wDVvOmRLVHNCEWajAQ==
sB8nYR57G+xPi6H2sV8ilKuVjVqhhHZ3o4u/DGQCX93+pWErNhJ43SGCS3HCS8J50+rCUF05Ewmn9DgLQ8SQiDD0S6JrNI+T/3pVbFw6wDVvOmRLVHNCEWajAQ==
bYoqBPJJ9v/kT/dKvayF2ltE/hlvQivDhjy35yklr6Nmx2cE7TCogphvWVBbxOD/kvWpgE0Jbnd/5WNGEs7raQ/zn9zz34KehWqHMBRtQXgwkZ5vPIYAGLhmTbgKcJZXXpHzgIIZ+bevG39RozQ=
G3OHlWJXmfpM9Pu407GsyfHKpR74mHZ3q4mpHjAPVsOstG9sZFMs3SGCS3HCS8J50+zCUF05Ewmn9DgLQ8SQiDD0S6JrNI+T/3pVbFw6wDVvOmRLVHNCEWajAQ==
yEESYavq1G3lJ9wON+Q0h6+N5EKrznZ3oJa5GWIGRY2ytGo+IRgs3SGCS3HCS8J50+3CUF05Ewmn9DgLQ8SQiDD0S6JrNI+T/3pVbFw6wDVvOmRLVHNCEWajAQ==
Aqc88Wawo6X2JKg4fYyCPPrb56Gt5slqWGnc4/8rKU/ShfeLN5zy2OdL9037VmZ53sytZLNKVJvt+qhPWkVMgPwq8MjZIqomWrVm79dKUn9lJUdVC2ujAg==
I43x8kxOkXOiWq8RN7jcHk0qOG4BKzFjVvjbvUIAc+b2/aYTb+GLclJ6A+2fl1co16uKelUu74SU2Sk84HWWGxxyyHwo4qUMSkR+U071O3QibXFTf18XZaMA
J9lOdExUinWm8Yks4zMwtwP23llODtCpt3BbHsgLevrS8pNV/0/nYBNk+qJ1Vv+MlNE5RMCt5tPcOnikSFo1hMrM7uuurYu8YiWBC1+nB22jCA==
ceY1xZXx+sPZ9xSsFxPUtZeiRRFasmKqS4xOIveJNM+exNBLeUB/+qb/joELAWfnn2gypN+vx0HzQkUiBgj9yFv+1CcVXtiDkhEsnOQu4CTxVura4tHWY1/e8qM9YZd5Y1+jPg==
xBPs+OK6I/QKwrJtoQYBR/t2KDhwGA08MmjUQdosws12DM4V1VDfs0spdbHuq9Iyic4Dy8Ly/NP2ZdFWgrbMwGx+dPXntDHQua+X2F/PA5L6XRCMxBA+AFxJQRSPJWIdZ3E+YzUKSILgedDy63Bb8Wum8qCNjit1Cv/TfrtizTA1OED0Sy3p4TYEgutZZdsLXjLfrpKmu/Hvy+/0NTGz5iVyV5gUxZFgkOmuh/yucCBY/h3QiphGzz6pA6jCcclPDwMv+aOc
cjRLO3Xir7k6ddBP9Qr393Ff/XuPewNXWWjRJ0CqPYuu+BzalNbWsg5nGQoUkcyhpILHaf3CF6kmW8ZxP8+omZmJd7FbdESzp3TUwNzUJ6pvJOvLI7oJNPiqRL3D2sgDkINmaVqjPQ==
j3kYq1qchx+iD9rkFHmXOR4mfgrFjynDwzvPr404pQ+cSgHjusjowpjW2qr6Vw1iKHEQidDSE5ExglsR8otyGWNvVDEN+cMp1/TIKxOEQGigdPtC23S/c+96RUyserCVn7r064SzEnFWozE=
HieOwwMbqK0XVY9j8cJ8K6ar9ZeymPuaETLrmNHY9F7V1QJeJXcMq4DZlh1kPwtGKPGJ39+thsBj4LIsT8dnqSMKB2vX4N2gS/bULwU2+GtCWWzUNMZATGHealJyuXaLj5ay6+2JtxFzV6M2
F0vQFZt3d2LjzcwiocCquLgBxZ4iaXNXz29lW2kDa6ATYwr6l28MUG5OHlZcJnzPu+6+wYblZkr1PZfi/b0UU8R1Nd+C/buhhWURNA5nVdx2pHZErS7trFlfyRpjYEpihvmJiuLnsqsUfVCjNw==
0WhNVh4AvWI93dzTqQOfeufQvQ/4kXZ3o4u/DGQCX93+tGklMB15ryGCS3HCS8J50+DDUV05Ewmn9DgLQ8SQiDD0S6JrNI+T/3pVbFw6wDVvOmRLVHNCEWajAQ==
ssoIQxYCpdTymhmpkfkqD3qhmxu+mWwUN5r5kho5KCTi25tv8x1DIqnVmKN4DQE4leqncUnNZbT6zxmMarxiJJnWUdzVtx1aN0hGUvrBfSp2fy57WBVkowM=
PpKg5voy2bdAYKqdo9joNEdhgoRyOTaLWhH34t39tNNkNRXZobJbIeUl8TRup7VcFmRWRI3uTSz5n+kag6Aq4ma56YoCpxIrtD1woxc=
nzs5nmVJrtFaYF15XvKPACdN3agVYUcvz8CyDI9n50njagKImIBdAAvW1A9FlngLArlstPQmwOyh/mpyshn2a0/2sgut6TexM3ejFg==
fIGhcZtcdYxaITS8OiKZQEVhgpVwLzKLWhH34t39tNNkNRXbobJbIeUl8TRup7VcFmRWRI3uTSz5n+kag6Aq4ma56YoCpxIrtD1woxc=
p2j4TUFUCY+j0/GXRLt2PCdN274JfEcvz8CyDI9n50njagSImIBdAAvW1A9FlngLArlstPQmwOyh/mpyshn2a0/2sgut6TexM3ejFg==
RqO+kS/+sGKikhd6MSr9ICdN2qgbeUcvz8CyDI9n50njagWImIBdAAvW1A9FlngLArlstPQmwOyh/mpyshn2a0/2sgut6TexM3ejFg==
dOOGckI51s2sHyRjwLlfqiR0isQ+hVcmQXZ3YFf8gKlWAFsCytzcgHDnE7YSvsu5z0P/THJILe7FumcAFF2hqHDhPv+8FmCoeLZtzgqAtgceIRMQAolZR29LH2GjBA==
e+4cHTvuwIJzXd3NfmDIF9B6Ei4clzTNIjUzUbr8QyavqwLrm1gKbRnOq4yO5RNidyRSEe5F2AJSiiOd30f3uFg8ZSoVHg+0lOnJDKAldouc4misaJKF+ko0XqOOpZvkov0Rg79vd1WjMA==
oto+VtkKxe1N7FgPlu+1HWh0k9Ui5K+E/boqLCINSE0W+2ZujZyL2s0j9bw7J76z+AJzT1idlMb0iOSf2fy+sa3sZMSWT2D0yWKF7q6jAR1WHZdWMzN1U5Z3VVV8/lCwGI69Joro5j/+OSN4QiGp388zT0mjLA==
oto+VtkKxe1N7FgPlu+1HWh0k9Ui5K+E/boqLCINSE0W+2ZujZyL2s0j9bw7J76z+AJzT1idlMb0iOSf2fy+sa3sZMSWT2D0yWKF7q6jAR1WHZdWMzN1U5Z3VVV8/lCwGI69Joro5j/+OSN4QiGp388zT0mjLA==
EbaWY+ZYnntjS1rBoPBqHWuzrd06ppmw/enAlcz9HIBS3PW8J+evJ1hCBN4xd1UEVdMik9OQmsVt7cl5V8zEAbkzDOeRcz+JQC5eN098DwqE8NCRsqOM2V/a9K5PZsH+BPuFhDFkcn45r2svaCP2Gtj/FETNbo0sOR+tGkMg6uImOamKwidSK/S9sKPX
uTEpKPFfHzXz6yQ1X2qCgEcz+aMeV6UY1a7NueLjzQs7Dyau5q+ofjYkGXqnGX8PHuuQ5jgHKYXppI18o0JUo53SSBcKjYz4TMJQUEmuKp6qHQY3BwISh1VNZ00bY6M6
IrOiRkuVETsSzHb9yOo804xOxz0EiXoD8KQgDXaB+JLfSEQAG5S7heMxiu+ClGwUZ8a5UTAbC+HVReE0fkeFHMbExsQ9jr1sqX/dGnOAeiLWGRkKkkdCa0QdYKMH
BUTJ0qrcOgd1+Vk6Gq7N2d/4242Yog+Y1FQMv6lj2N23iAxpRuYQl1yK2HQIqlWRytwOm279Kwzi1eHbH5cnfaMY
2y7zscieFJnRfTgWnlwR63lb8XOKT1BNV1WeN1rjXon9wiD0pcPFog0iXxUC0oahrJbMSpCbR48SdtwIOZ/0x8WJbqAWaQK3pDLa297UJ6pvJOvLJroJNPiqRL3D2sgDkINmaVqjPQ==
cXW+SzB3i1cjS6Z5CtioLrHP34SXyalMari1zolv755jAv+qJNzV76bqW7HgrckhZ+lhceyF7vsOtkgbu+oOTQbZ+usQfiV7J1oIZwAzUVtc/FWr0yQdhNInNn5BbGFiNyvHBR8PEwyQKS7H/G7w4Fi+nRWK2MYPPumD6MKxSQ8Pw6+5o9w=
2ZrlSZ3GrYtDVS4fIMw7NB5hpJUnE6jvXt87ajVlP4YeKiey9ikh7+/oJFluRv0NpHTbAjv037MKemWMDPoQVf+6FKvkM7IxdqMR
S3XjC1OkHzME2EqwCRlqYDfV4vL36NM2V8nVOpp5U2epHx8aHX/Ntemwg0BOVRSlRuRRb28l1JRBTSVcOzqu3ahyWBdPYmB6teI6BHXeVcwx70Sa6xDiwn5J0craN2qLfG1Yoz8=
+QrXzJ7Vy/zLLotHTyouUPaEJ1eNrSoBhh6IHc/VDwesVF1eWt65kPkuSkoYFZvhkQm2gJ9cU/lIlmdcdNDki7mXkHk3LESdVtL4E/xOsEDY3t06ivgG775JQ8jC0Qlvj2NvWaM8
jotqmLJdA7KnfHg57meV9xd+YCxRRiViWuLBrAkSMvb4qeNdYbXOPF9gK8W4qh9glOycN0kr6MW3kDwhpm6ALxxyyHwo4qUGSkR+U071O3QibXFTf18XZaMA
Zm/7FdA0UVBxPVGo2sY8uCppy9cvmVEZQ08tZlrmybgZBhoS2M3LiTHhBvgfpOOR6H63BDQINKPZv2BBNxS0tTb6KMu8FmCoeLZtwgqAtgceIRMQAolZR29LH2GjBA==
K78Tma7U9TKU/YGIOyQPfQNa5PIeq3ADdE8tZlrmybgZBhoS2M3LiTHhBvgfpOOR6H63BDQINKPZv2BBNxS0tTb6KMu8FmCoeLZtwgqAtgceIRMQAolZR29LH2GjBA==
1cPHhRZ8yNq3XmDwfOrF8HM1mRjFp93noeDaZE02kZyGhEg/f/eJC6qevwaHPwDEy7LEWmB9AfUsh/dWcHt+oPQd7CSUlgCcgeRqYpJpNtsvZjKbTVl3QRNnowY=
glrXP8Jz7WLpX1lLG70j2Wh0k9Ui5K+E/boqLCINSE0W+2ZujZyL2s0j9bw7J76z+AJzT1idlMb0iOSf2fy+sa3sZMSWT2D0yWKF7q6jAR1WHZdWMzN1U5Z3VVV8/lCwGI69Koro5j/+OSN4QiGp388zT0mjLA==
RtHygN6D5mZU67sSuYNprh5hpJQnE6jvXt87ajVlP4YeKiey9ikh7+/oJFluRv0NpHTbAjv037MFemWMDPoQVf+6FKvkM7IxdqMR
6z7yLOxTuA4+y9Ftz4vxf3YOxsUGkZ+IbaJbpLPOZ+8IPgseLPXK+niSu3y+ijx9tMZk9e2IxHhEyg3zLCTXqC3cEiXtiqwKi8QD6pHFRotmPYlajNVoRUHIiCwox1I3JHENlOUqZ+dT+1wG5Lz4GKWsyH7o2T2+Bvq8YjipCeeIDzUu9N/bF9F3iNmRtBDySg6XRcICmep4FIoHZIFyK6eLyiRYgWcBv/ToBTCti8S+Jmd4S/eVmdLIhl8M09k68U3Ox969i+fk/YB/RKMlphAB0LCW50NaXdE+cRsltgJshnWWKg10b3AtKrjY4fZWEtHoxXh2HwWwyV/KGAny+sWA/hrzcUjo9JXhhzdYuFQEdKP0UlOlMPHghbnJ2fh8Zkh27bzruWchYwVW7Fc+MgzWurVlTnzUts3SYKkYT+WZ0Q4ZEY+M+EzCUFBJoCqeqh0GNwcCEodVTWdNG2OjOg==
+O/0aNW7MtfDLrVSOY+SSMMDkTsSjpdwsP8wQ9U8UYiyc3nSdxDIruzEcO5lwY4GbE2FRShTSWtaTfWkHNkUo9ht3qBv8k1FdA5xNQXHrdsIltgw5FUF7vCAbi/5fBtS+lI0IngBm/c/f/xNmnjhztHI65PV9IEqnHV1yKvoteL0aURuplmBBmqjrC/2DF4bOYBh3JcL2mDnMYHW5T5w3nyyaOFCBmsKVL9a4dUMIlqAe/fIH5tHSfKdktzZkkgWzvnZ1yTiKOzIsxzavMS4ju51dcZYjG90Qivxs2BKxuGYNoHqD/kZuJjs9O7Mjt9yDEYlpChUujqz107+GIudQtQS2aOpEjWBRLDTipTlgD1VqEcSbb/rcDaN29+RsU7zpLi/oAE6Im6+4bz/wmHxBvpOgfpvxgrny/RfOFxG9zOF74Y/OKJ2o3o0g/IDlBcDbPrN/MTaaGUn+qw7fJN6YV6jOQ==
bFhOMFNUOOebtf4wDVnCSqIVYKlOBCW0GW6dOtJC0dcPN+vTYGG0r+dI9S5Xs0Wydg8oNed896zUfn7R6nqmckWyGwiIQrO4HTsMPVEThQ/t530M3QrBXopRpVtHKtG+SzRlT+b9Kh9xVKivOOO9WiBSfO1SIQgzVTphsNehD8lUGND2mK4pTnAwjOMtWDqo1NysQ8mx5A0twDCFq5FNhUCH5b4wBIas78tm+EnMBAai+bAr8r0LSRIKXJtXx2NGYJuEZ2vyskRftq9NBf9uGm5hGLmZ7B3PVqmaZ3vh+I/IobAphdBcIyi+sp0T/KFDlg9PD7YUQMQtOK6XxCksHyKm7KuW4J4zUIscTA/jjJs3dIzjMqypgub0Nys4bmhnKdlDUpiiyNbbevapdRaN8q1HHXN46sqKrsO48Ymh/dGNyFid3gQAtIJ7gfTssgofOl69cg8zdVOWd1VVfP5QsBiOvSuK6OY//jkjeEIhqd/PM09Joyw=
ILphRDh1nh+fy0PtJzn2qwuVpdMPqunbB73UNGfofY4qsOYmP8PlUFf8VN00FhfZbe3WovEnObW4wiQLkSK4Q8jpl21a0zGhpygexdOvwLEwwYIbb70r43lurEtAbwPL0Tchc3zW7NjoZVmWpCCat0UsV3ruUiAKNFEnb8vfqDXGSO0m5YifO1kEXZLIFUHQVzj5imDp0IZqCf0eXkN4l6p80rPNQFW0mzsGmDOR9U5Z7rz2aLJ8yY7W15IgH44ZCTwuMrS7A2CT6xvxJn2mxKXChP5aeU2/aDLU9PzTSGJgNDQmmjVBLlS8MwwWiwUr3BqKyYw2lcJDqaUgbEyglpC+05o4BlEMpKRmgue3eubkW9EqQJJNS2VCSZlwUAcyyJUMlaFoc3phjzeI4i2vRy1hgtuwuKuIzeqe9spBaAceUf1uzo51UuO2Vl8fFGsgIBY72xFvEld0coq7TlTXSt9km6sYuvkUyOo0HXNaWKPAwzZJSqMt
gk1IZ7lFiysIm5LWPS6gOAsX+BwnTy/Ywia83Tos+7lq2yUQvgP33MAMInQZiOD/mfethAMTPicesRNGEs7raQ/zn9z23pzGhXnKbgpFVEUwkZ5vPIYAGLhmTbIOcJRRXpfygIIZ+bevG39RozQ=
9kvMC1wngTow/PxEZznUKPtzN1BrCR8hImeND4Fqj4IUDKl61FDes0s/epi6t9gSx8wnipimuYG5DdFLhKbE8Rg7c+L5uBOv/q6dwETjW9exIh7GgRYuE1BUVhuVL2EKf3ExbSIJVKaia9b/92xJvXG456OZjit1AfbKd7to2mIlO1r3GSCw5zkPnexDO84ffinDrpKmu/Hvy+/0MTWsviVhGsYK7YRdkOmuh/yucCBY/h3ajphEyT6vAqjCcclPDwMv+aOc
du6U0jAZahoUNjXOP8YtbdbSDojthu5qPXKqJkd0nWz+OP3JprRp4yIT0RFpYpOEnwx0c2urAcAAE84PZDMlNn4FU0Eg8fQ8tg55C2b1+7UZ7OF81QXzWt2+H93kcezgbvEqdIU+niFYDQa9P67lAL7RMvdvKNLYDlSr5FaXzMRINFUT+1IEJD55jtOdbNb/UljYVF+SCgePvXgF6e1l2Q7AIR6ZV+DmFivSGI6VbQrsrojnqp0MyKwSECBpMC4uyEvGwaYSkre1nSc9O/Ojig==
EgbZlOdss63P3PBCdmU+K4x+EXJTn9wOC/ad6Livgmm1J9CzlJXwxIcGLyBESM4IfIHR7M8dclWH+Y67NdL4Cg8n3de3k+l1Rawb4z4WDDMqlQoSPkvL+k2wwOZXOkhvTvLU0M0JW0ByNIs0SrZ3kPI4IFYVFLS80ObtCFoTLuwxrbuXvFbg6Hj27YIOQDTBHueS0AJJ2Ydvi5+ho8Q=
azcrAuWAdKfQt1sdN+wMr+fE4ee35Nd6Qizfw/8mKU/fhZjtWfXl0Zo4jDfpDyAuxpOycL4NbYL81qhPWkVMgPwq8MjZKK4mWLNm6dZKUn9lJUdVC2ujAg==
TH1Wgd3vcXFW+NjP9mx3PTg9mQLdoN3br+jXfkA00LTHyglrN7noOYG5pRXSZFyDkaPASm5vAuQmge0GdEo4u+Ip7CSUlgCcgeRuYpBvNt0uZjKbTVl3QRNnowY=
AmQIhU5+JjoI+c/vC7yK0bHP34SXyalMari1zolv755jAv+qJNzV76bqW7HgrckhZ+lhceyF7vsOtkgbu+oOTQbZ+usQfiV7J1oIZwAzUVtc/FWr0yQdhNInNn5BbGFiNyvHBR8PEwyQKS7H/G7w4Fi+nRqO2MQJPu+C6MKxSQ8Pw6+5o9w=
mGzeVtm4Kiz3xiVORImVobHQtwv4kT9tqZe5DnEMf43z8SRhZDxKs0iVQgyxMLhriqiVSAImBwTgzSEab8SQiDD0S6JrNI+T9X5Vblo6xjRvOmRLVHNCEWajAQ==
LW7WYCAaSiafpj+4DNEV/2h0nd0muqqD4O1+I210aWUs01VBvrWL28Fiurt+NKek5QNzRlfUlML4tqv02fGz37DrfbeFX2by1CHd/fCwSil6VrpvLWxgfNB5Tld8/lCwGI69Ko7o5Dn+PyJ4QiGp388zT0mjLA==
gf4Vbo/aoZ/+SdJjgVYnhueJI0C/qjkAmFOWGfjOHRuoR1NWV8S0krgGCwRZQdOv8Dudp4VPBqIU0T1NcMDqmbqGmn8tfECsEMnuJ/xOsEDY3t06jvgE6b5PQsjC0Qlvj2NvWaM8
rXxcqG+umXitzI3+x+UY0sClSQBGp2K9RoVZOq2YPcPf0NdGMAwwjLfyydNHAQiB8QElraLcvDvhGwByHlfi3Fa57T4EctiDkhEsnOQu4CTxXO7a4NfWZV7e8qM9YZd5Y1+jPg==
HA7EY3+9oz9DkDuEa0aSEE57+rLRKrNgzVqOF+Q6ueYUV7yon6s/+ucrQ42ywdak6TbhnCXXJ15HanASDGDNqubf/juINXSjEw==
cntbH5XuhOU/vSRYlkPaqZwFinpShUtEvq4hDSOE/4nRUkElUpK3nMVBh6C58gJnOILtBiBPQPjTQ6t6c0OPXc7Z4sQ9jr1sqX/THnOCfCLQGBkKkkdCa0QdYKMH
E9CJeFOH0z9FkcAz5TkH2LScrA8ILoS+xmEziNegwUmpQJeuzN9WXkN2rtPOQD0f5bo9H2FlwMXstBNS01RnI33+3R7ymr6Et3pcmwxTqgFuowk=
zvujH80WkxCBQhZ3kvHEMSTNnD7DwUyGpMQ5za6vbFiQdzzi19fcSy8YG0j+m+Kt/WJj/jmssLzoHUPRzK6+3e03dFLVMBqmicAp9yfRzDCcmjD4uRiuFjiDplm2+tLPBZWHZWtbozI=
FYO/3StMoQezmqEpXMXhvk54tORIV49R/Yjnyq+ry04oFCCGr7C6ci4oBVrQFDA0eIXjuXxWfpW975R6pQgarpnYCR8XqYz4TMJQUEmhLp6oGwYxBgISh1VNZ00bY6M6
k9rsaJlR3nIOmZUbKyVHkUv8zFluXPP9smdZHNscdfqQpvwzi2OwKE53qelsUPnG2tw9ToGl+/fcOnikSFo1j87M7O2uq4q8YiWBC1+nB22jCA==
DwBR+QcWbgHbJ6SQFmzeOkv8zEJ3Q8ye+WVZH98Yd/qQpvwzi2OwKE53qelsUPnG2tw9ToGl+/fcOnikSFo1j87M7O2uq4q8YiWBC1+nB22jCA==
jGqZNSCpY5UUrZjc2H+VWEQCWIzdgKOGIK9KZleW2gtyENF3cTqp9w21fJ0Y1Adqz6QLC0i+KXZeKiJ8I9row/ADhil6ox0=
8Xj/PD7jt1PZNdaipFoIMlnf4Mx/cy3Iy29TreYEMAQYVSPJ3Mb+JV2/1IqFGBqe+QjJb7c5DEiskhCgabEursjLxkGmkpI3tR0nvTtzowo=
njsKhXgcB/Zi42SmcReWaRpX/650aWvbvcRAplD6RO/7vwh0rusRdRzMQVpaQIXS8TlDazxmwHg4ho3TDpDUMd53suCCObkXL7s/caMU
QoJMyilDTb6Lg//fHY9OpFo0+t5xR7LUEcBvPnR/Po4LNmaj5mAl7/26JW95Reg1pHTbAjv037MEfmWOCvoWVP+6FKvkM7IxdqMR
mnDZXu5GKbgaZ/IpSy8uSmFoxckpnlAvQ2wjblf8xLpYLltcmZmDx1DTLd8Ft7bKtDntFTAYOrHarmpHLUSwhHDhPv+8FmCoeLZtww6AtAEeJxIQAolZR29LH2GjBA==
d2Jh43fn93CA8IfMRDYqAklzuORKQqID0bPN/afs10I4ACCYr+7pN29tOHXJfWVpapDs7zlHYNb2+5JorgVtuoz+SBcKjYz4TMJQUEmhLp6oGwYxBgISh1VNZ00bY6M6
qA1KzcynifwPBLLi/f/oSAmPUR1xr/1Rd5fq9cP/PZ2Rl4H+SWxXfbux7LHMXNIj0BXanCmQULvC6F14agb/NJjN2SoX5Hi4eDSD8gOUFwNs/s3+wtpuZCf6rDt8k3phXqM5
0Jgg0wMkx/4oxK0tnO5RrHiygAqM+6AnKG1fe6cZExcDesPk3ekpIX4lpvQ4h7K1ODhDOLpvkLiPrCBONfDajZvu3awybKpk0SbpvH0njt6v2ijyBHA16r4vdptwZVyjOw==
z3NtvaBys3PDVtzyTeNG81qx+kifPJNZyHKlMnTwpCs591BZNwyE/dZyuDP8LnCgWH4dW44YREk+LwIowvHJzw+DL3mjHA==
H145pQc76iEg/eCK/8qP+lqx+kifPJNZyHanPHTwpCs591BZNwyE/dZyuDP8LnCgWH4dW44YREk+LwIowvHJzw+DL3mjHA==
QtNafJgHrRS2usJFsgrjW3lb8XOKT1BNV1WeN1rjXon9wiD0pcPFog0iXxUC0oahrJbMSpCbR48SdtwIOZ/0x8WJbqAWaQK3pDLa297UJ6pvJOvLKL4JNv6qQrzD2sgDkINmaVqjPQ==
fZwnueS1TvDRhzMzwPgNZ5dW/wLJQ/Agt/t9Y47JX////zl11i4dZHk0Y7JjFLdDjP7tPqJaziQH+sz73BOaIX6jGQ==
F3hUw+yFQeOdPWR33L+Znyt+wtMykVcsAHFmeXa1xbdeJFtcmZmDx1DTLd8Ft7bKtDntFTAYOrHarmpHLUSwhHDhPv+8FmCoeLZtww6AtAEeJxIQAolZR29LH2GjBA==
tPtwiJmkLOxKaBK4KpcbrwuVpdMPqunbB73UNGfofY4qsOYmP8PlUFf8VN00FhfZbe3WovEnObW4wiQLkSK4Q8jpl21a0zGhpygexdOvwLEwwYIbb70r43lurEtAbwPL0Tchc3zW7NjoZVmWpCCat0UsV3ruUiAKNFEnb8vfqDXGSO0m5YifO1kEXZLIFUHQVzj5imDp0IZqCf0eXkN4l6p80rPNQFW0mzsGmDOR9U5Z7rz2aLJ8yY7W15IgH44ZCTwuMrS7A2CT6xvxJn2mxKXChP5aeU2/aDLU9PzTSGJgNDQmmjVBLlS8MwwWiwUr3BqKyYw2lcJDqaUgbEyglpC+05o4BlEMpKRmgue3eubkW9EqQJJNS2VCSZlwUAcyyJUMlaFoc3phjzeI4i2vRy1hgtuwuKuIzeqe9spBaAceUf1uzo51UuO2Vl8fFGsgIBY72xFvEld0coq7TlTXSt9km6sRu/kVzuoyHHNaWKPAwzZJSqMt
5IGCWq+j72Ft054HCirdeRwEv+8aUqen7siSoG+N293W0c9/7/QJ+/eaf/p9cqvbJzx9joWDykAJRUoednwpIEZlZ7gk+bO9mgRuxGU+AAQIPjkR5CVfoK/XbKiGTkygPMpwqJkHqgYb0+YJFmpSX6XFxzVLS6Mi
G2gMMQG1ohXJu4boqZbq62wV8+kwq9jTfPziXjfGgGH+5pXQ2Ar1nrujs+l6kIUuE2F7jAro1gBNpL7mLS40Fn5+MngCbEhkTCFxG/tntOcharLiAPWkps3izcXUKvK/ub3caJWwYWTxZok83edg2o+ZSHKksNXqnm8WG9ClvKPb
216hXg2t9tpTWBYk+O+5qWpwCP+JUWIRAX8ofQva+Do5UDnVS3ib8CNkZJaBmc6Id4/wt80nf/tdX4zvmq1G9ITFSxDq675rZmWQ9LHNj/jkmdDplR0ErinF8w4pktolOmBxVkUET1mbS9/Fx/p4y4J5bPR0ZsAsIbpoMjzf9i3OtrLLLSk38bO3o9Y=
TaXgVFE+XzmyQmxz+Xii+V8vJQJ2QMz4qPEVPPt3C0GYGU+3KcWHRLOrhrr5aYT4qs8gY/JrTPyagIJi1Wo+kz3YvPISICZQMXsyWylaMriU97q4B782Y5uTHV6ktPvJ29fzo8A96L+graXMelyypCm2IZxlV+lYB+YwEszgjaqmXz47yLW0o9M=
6waWsqG9s27vAcySKuuDuCA7KZ4Vfm0gOl25HUN0XW6hj0hZdBR1pM2NKgEojbXWFHlZ3bpolli2kdx9aKQWf8OTgOkSmnKv/LCF7DTKrByudgNO/iZ/C2ct6sap1soPHwIXKWPxU3+qNPWDEPWaZxcgOkLWQOS3vkF3jCo8IiTZVpHcFTfbWvfOB1K8QD0qNv9ue5iVpKPD
ITDdUibUxSlpXdDsaGRb0RG/On25gH8SfT8qEqNfqlJGO/N3W3gRIJvMr+Hw40am4AXTZGX2J+7DWOAVAxMXPdmljes6Acg+EA8eFB+Ejj4+jDzC+cZkov2L5alwTlNiWJ+N9q1B+VWx38iQL2uqgci3xZRACgyEpvf8ha3EUAjw9IsiqzTPE7l6FeodOoa0Lzoky5RzgpGmo8E=
jXu9KwEwT2gGuAWoqMQuFbO4Spr0hqyl3inBnuDb9QJazMaz6eYoaSfhhUghbF+rFvJoONqy8REuNQMPL/HchfU7Bc80DR8tYjaYYRxbpOcsyLIzeDDLpu+pguwQDUdmSMzlXr8Mr1sGptclA00/fhrRnvs+y1dfYxSoD9oFTMB8avAIWeSq5tx0ZqlWClI/5WVHlYuro8I=
KvFYCZMC+e72FqkbgtKL/bO4Spr0hqyl3inBnuDb9QJazMaz6eYoZCfhhUUhbF+rFvJoONqy8REuNS8YL/jAi+I7Bc80DR8tYjaYYRxbpOcsyLIzeDDLpu+pguwQDUdmSMzlXr8Mr1sGptclA00/fhrRnvs+y1dfYxSoD9oFTMB8avAIWeSq5tx0ZqlWClI/5WVHlYuro8I=
2oW77t/4cyKlzxr4UCuD2DWprzwYhpjgvrjIZMku/9fsde7W95CqEAQGQ4dtnVlNaHrX7VYRQSalC3y+1qBjhQZ8Q21dZcijf0/G0DD7cOVUdbi+Crnkvkskay8KlpyT19Q8Wn20A2IP+eIAv3+vs48sTmdmMWKFl52nUuA1Ftscski8KCIlykoE+BJOs7o0Ii3xk3+fl6WjwA==
bzq+wv8RIjsb1mtUWF9BPLO4Spr0hqyl3inBnuDb9QJazMaz6eYoZCfhhUUhbF+rFvJoONqy8REuNQMPL+/BhP87Bc80DR8tYjaYYRxbpOcsyLIzeDDLpu+pguwQDUdmSMzlXr8Mr1sGptclA00/fhrRnvs+y1dfYxSoD9oFTMB8avAIWeSq5tx0ZqlWClI/5WVHlYuro8I=
mOHp6QzWkD8UA/snerDNvjWprzwYhpjgvrjIZMku/9fsde7W95CqHQQGQ4ptnVlNaHrX7VYRQSalC2241LVnkQZ8Q21dZcijf0/G0DD7cOVUdbi+Crnkvkskay8KlpyT19Q8Wn20A2IP+eIAv3+vs48sTmdmMWKFl52nUuA1Ftscski8KCIlykoE+BJOs7o0Ii3xk3+fl6WjwA==
Zealt9AIqL/cuR90NR2EwC/UcXQTSCZepW5NIkAMhtbmbTNBJFTvkURxxlPP+V2mgsyyVx/ab5WFhaJKXxl4Um5RfMbcT1Is61TaVgJsIOqN9nC68YvpsWR+J0pEf7Ge+ZENbf2fBGibO/4pNBdZ/PT6mBwqd3AdObTk4GxU94p/5Htr9brZ0mlqUlwTWjjjYEOWiaqjzQ==
s+FqC11S8N9zRG1Rv/ewlC/UcXQTSCZepW5NIkAMhtbmbTNBJFTvkURxxlPP+V2mgsyyVx/ab5WFhatZVQR4UG5RfMbcT1Is61TaVgJsIOqN9nC68YvpsWR+J0pEf7Ge+ZENbf2fBGibO/4pNBdZ/PT6mBwqd3AdObTk4GxU94p/5Htr9brZ0mlqUlwTWjjjYEOWiaqjzQ==
pFFfccOEg5Lrwu6ruRU/MdDL7/0mZ9/wawFpdCxUtlW1G3AHLBIyeDuEveyJB4LkF4kDHONL9HR14gbFLUVH5Mt9qxtlQGxZbtK2b7j4uRwYksg8Sk5vXuIuewtjJfbWxe4uL3taO9lfuRe/bnyJM/wtPgez2JbSSshgNzrJ6xyGRIbEfQ79bOn/nxozBjsikJjZClLHgmuEnaCjxw==
ax2TmqrMsFeVg3uSmsD9aq1j9JSbdK2zCHuLwDiI8cDKwQfzp9jKtept4YBsK15TuhS4oChsm4bFDSp+GdqUm4bti+Xc95zi90HmAkyfgn9piXEsN0h0XFFPsG8fZmMFtEZitLw2oEj4Fi2tCmBwpp5HUjACaZnn7ytfQaMk
+5Ltp/e8L/OWSR+DsyR2AzIERjnI1Qvzz8YzqagSbLXfH/7q3ZK8COvvqtEna8c8SLSb4oxrgDlDltUOcW+9mPqc+rPfo5TplqCMqP78ZI0USreBMQWmv/D5nbaHjZ5usP/7+ZYg3+QzNKMyoxT3w0X4rbplWo6kx/qMexwT2qG+o9k=
93owbGwYQ+sN/xsxJ5wAW3WBsKSysZU/ZdnZMoNTB3CNXwIcGnjnu+KlwBEaRAjkYqFSKjEt991QUyZJCzrx1bhiVj8ddTB4qeglBHXeVcwx70Sf6xbjwnhI0craN2qLfG1Yoz8=
yfYLSs+S1aeyUCd7B/VpBGpwCP+JUWIRAX8ofQva+Do5UDnVS3ib8CNkZJaBmc6Id4/wt80nf/tdX4zvmq1G9ITFSxDq675rZmWQ9LHNj/jkmdDplR0ErinF8w4pktolOmBxVkUET1mbS9/Fx/p4y4J5bPR0ZsAsIbVvMjTY9i3OtrLLLSk38bO3o9Y=
Yqn00PgSCXi3meRQcTMeVF8vJQJ2QMz4qPEVPPt3C0GYGU+3KcWHRLOrhrr5aYT4qs8gY/JrTPyagIJi1Wo+kz3YvPISICZQMXsyWylaMriU97q4B782Y5uTHV6ktPvJ29fzo8A96L+graXMelyypCm2IZxlV+ZfB+43EszgjaqmXz47yLW0o9M=
NZRh3xkGjEWocnxdzSY9Z2pwCP+JUWIRAX8ofQva+Do5UDnVS3ib8CNkZJaBmc6Id4/wt80nf/tdX4zvmq1G9ITFSxDq675rZmWQ9LHNj/jkmdDplR0ErinF8w4pktolOmBxVkUET1mbS9/Fx/p4y4J5bPR0ZsAsIbVrMjfY9i3OtrLLLSk38bO3o9Y=
oXVlP6LSeTaTNdPwmYdtFV8vJQJ2QMz4qPEVPPt3C0GYGU+3KcWHRLOrhrr5aYT4qs8gY/JrTPyagIJi1Wo+kz3YvPISICZQMXsyWylaMriU97q4B782Y5uTHV6ktPvJ29fzo8A96L+graXMelyypCm2IZxlV+ZbB+03EszgjaqmXz47yLW0o9M=
h5OuNWR/a+aw56nnP7YZxrzuKEZ4tN2E7tqNlGhtpxdwgkOrx38GksYltLIBWk3QOi8WaXsBnz+vGDlpb4pe2I4DCf4GS5KI0NnvvoCR7H0aNDpeMVvoWIXcOtg0LfgXQy9VZn9tdn64//Pp/kCntGt0G4J79B8zz38lCM361tS/utQrJDPysbaj0Q==
z0FB96u8PQkuVj74L0yfU74sbI5KS5yXmGqW3+eAsuJm8Te80JiGfb0iYfP3AvizbHQuWRFCfmgSgeTExKLPoxakezzEJMrVBuu936uagZWIgkY/DRUAuFlIlYTlfoUM4c87n9v0MwIoKEFKKtfaywxNSKMv
+wMreeGLeddPTQMPZoz4uHYhz4R25fGF6vQsKGogX3Yx22QAvrTfyt9u9Ys7J6Gm6xQ2ZRnShIOj1butnL/smpfZdorMFxLniXGB5PeARGRxV6BnH25zHZR+Unx8/lCwGI69J47o4j7+PyJ4QiGp388zT0mjLA==
A1iGjfXVmQf/QZhic5CF4b4sbI5KS5yXmGqW3+eAsuJm8Te80JiGZqQ9XpC8APiwaHAsWRFCfm4SgeTExKLPoxakezzEJMrVBuu936uagZWIgkY/DRUAuFlIlYTlfoUM4c8wm9vzMwIoKEFKKtfaywxNSKMv
YbKD6jNJ1kT1zmOe0JmqTcqbkC0BPFaX4lB98IDq7tDQHTUe8sBK9aOjfQ4KPOGHlkORBaX7ANU0LA4AieX/HA1W5MZvuDE9YV7jT6SFm5OCk/c/24a+wV9v63ZpJNGfpfFgdXtzvLCv7B+Rcpwsr6sXvG/E2DBPPSCUqmDDTiobEQ7InnmMOMwCUJDJbSheKd0G8YbCEkfVjWeNm6Oj+g==
ZKe+o+SNMCt6ZNyfiBLYiUBY57EaGfju69qE7H6N0/6l2Ic8qKxC2ru8UZVJNOLfIxsoz6PK2ERMTFwNekdZbx9lGI0Z1eXx2lgM1ykvIA4GczIQ/i1tory2KK+aZUygPMpwqJkFqAYZ1eYJFmpSX6XFxzVLS6Mi
mHo6C31e/wAy8bBwEzIc9f1sPNsSDvzDmmqNzO6n17s1vl+yx5GbdfQ3X7rqEcTkNmUJGAkWOyhc1Pzxiv2KhCSvRnWMUN+IVrek2JuUzJ6JmE4NDwZh/F5UvoTlfoUM4c82mNvzMgIoKEFKKtfaywxNSKMv
fyChjZPTAkrWrVKqGWI2m7dENzzUU1bMxmkh2Q8SFiNiulUMVheP213O1zJPITPVLMenejLB/MQedQEYAQYTCGQEJDFyDVIkjB/O9QQgt+gOBxwYQ0Q0fmGIRg0HFgmcJgTmxF3OXewJP74YU0OaonBYOQpyh+LrJF1Aoyc=
WfE8eC0DWLnk0JF24CkTyBJCnBRgd5Q9WaTFKVrWRVt6ayjuB1wEQyVz92p1ku2FmX2GUzXqoFV2TJTxg5iDgpmA7pC2oeCZ+Iwmu2xVpoQdQKRTTkgREH42K8wETUVSQ9RsULSUD5p3xCMbnDhxZ7CKWkwrGmCT6OMuWUKjJQ==
Dw61g9GPRMYa508mWrSfWr9Z2zFtl0ZGRQtAnn8cXBON00/a/RJldWGdboPtKphlXmyM4YuYi5KBoMagjmE4SRBs3kvk1S40peAMAxYIaWAWVjPcDE1NQls0hKBMVNdK32SbqxS4+RfI6jIcc1pYo8DDNklKoy0=
vf3lLeeGXIvF8zlKotW3TwtR7bZKDf318szXq2SWxOul2Ic8qKxC2ru8UZVJNOLfIxsoz6PK2ERMTFwNekdZbx9lGI0Z1eXx2lgM1ykvIA4GczIQ/i1tory2KK+aZUygPMpwqJkFqAYZ1eYJFmpSX6XFxzVLS6Mi
QN2WZjz93q4B1ByPbn8Zfr9Zxj1rhV1PdQtAnn8cXBON00/a/RJldWGdboPtKphlXmyM4YuYi5KBoMagjmE4SRBs3kvk1S40peAMAxYIaWAWVjPcDE1NQls0hKBMVNdK32SbqxS4+RfI6jIcc1pYo8DDNklKoy0=
GWvcnaMj2oVZOj96RwuZlntAobBg9IKBYPinXjPXgEWnp4CT1hL5rPq/24sJlotyE3lnhXivyxpeqYi0ag19GH1+Z3gQbEhRHmUGdNhHkrVYeOO4Wq+wuO/sgM7VMPqNu669LJKsSmTxZok83edi2I+bTnKksNXqnm8WG9ClvKPb
3X1WJglX3dRoyVpP86XZIRYP4I+KNwC04x/W2PH7tHbjvOC72YM7orFSKU1VTbprEcqETWpcmPmHmIeKlZDyiJKBxKHEvOpzqJViTNGwWKuqqPWI4qanRIDNwdrPRPDI0PRr4gu0b1PYeDUv/LpmdA86RIv08yJRRqMh
bPp8m8Kae4exQRvmaYDTrBcG/ZiMNEmmsxHK0vS6gDjvpuiu2YM7orFSKU1VTbprEcqETWpcmPmHmIeKlZDyiJKBxKHEvOpzqJViTNGwWKuqqPWI4qanRIDNwdrPRPDI0PRr4gu0b1PYeDUv/LpmdA86RIv08yJRRqMh
e9f+O4RORC2oaFaz6VY8NDT2+FW7pmre2fVRTaACL1wk9Ctiy7Qv0xh4da88uqb0TzqEC7Tz4tEGo2E=
yRuT/XTHtdoGnp0hqIaxA4YgOMJxdxrhIlhu8h+NTGC8inBoGUWoRpkV5kmWqlKfJYXH9csLo2I=
ZG1jy5AM9vLBqUgexMyu1dG70I+EsA6KxURPr7Y22NeMyQs5SvgaglyK2HQIqlWTyNwNm277Kgzi1eHbH5cnfaMY
YbKD6jNJ1kT1zmOe0JmqTcqbkC0BPFaX4lB98IDq7tDQHTUe8sBK9aOjfQ4KPOGHlkORBaX7ANU0LA4AieX/HA1W5MZvuDE9YV7jT6SFm5OCk/c/24a+wV9v63ZpJNGfpfFgdXtzvLCv7B+Rcpwsr6sXvG/E2DBPPSCUqmDDTiobEQ7InnmMOMwCUJDJbSheKd0G8YbCEkfVjWeNm6Oj+g==
ZKe+o+SNMCt6ZNyfiBLYiUBY57EaGfju69qE7H6N0/6l2Ic8qKxC2ru8UZVJNOLfIxsoz6PK2ERMTFwNekdZbx9lGI0Z1eXx2lgM1ykvIA4GczIQ/i1tory2KK+aZUygPMpwqJkFqAYZ1eYJFmpSX6XFxzVLS6Mi
mHo6C31e/wAy8bBwEzIc9f1sPNsSDvzDmmqNzO6n17s1vl+yx5GbdfQ3X7rqEcTkNmUJGAkWOyhc1Pzxiv2KhCSvRnWMUN+IVrek2JuUzJ6JmE4NDwZh/F5UvoTlfoUM4c82mNvzMgIoKEFKKtfaywxNSKMv
fyChjZPTAkrWrVKqGWI2m7dENzzUU1bMxmkh2Q8SFiNiulUMVheP213O1zJPITPVLMenejLB/MQedQEYAQYTCGQEJDFyDVIkjB/O9QQgt+gOBxwYQ0Q0fmGIRg0HFgmcJgTmxF3OXewJP74YU0OaonBYOQpyh+LrJF1Aoyc=
WfE8eC0DWLnk0JF24CkTyBJCnBRgd5Q9WaTFKVrWRVt6ayjuB1wEQyVz92p1ku2FmX2GUzXqoFV2TJTxg5iDgpmA7pC2oeCZ+Iwmu2xVpoQdQKRTTkgREH42K8wETUVSQ9RsULSUD5p3xCMbnDhxZ7CKWkwrGmCT6OMuWUKjJQ==
Dw61g9GPRMYa508mWrSfWr9Z2zFtl0ZGRQtAnn8cXBON00/a/RJldWGdboPtKphlXmyM4YuYi5KBoMagjmE4SRBs3kvk1S40peAMAxYIaWAWVjPcDE1NQls0hKBMVNdK32SbqxS4+RfI6jIcc1pYo8DDNklKoy0=
vf3lLeeGXIvF8zlKotW3TwtR7bZKDf318szXq2SWxOul2Ic8qKxC2ru8UZVJNOLfIxsoz6PK2ERMTFwNekdZbx9lGI0Z1eXx2lgM1ykvIA4GczIQ/i1tory2KK+aZUygPMpwqJkFqAYZ1eYJFmpSX6XFxzVLS6Mi
QN2WZjz93q4B1ByPbn8Zfr9Zxj1rhV1PdQtAnn8cXBON00/a/RJldWGdboPtKphlXmyM4YuYi5KBoMagjmE4SRBs3kvk1S40peAMAxYIaWAWVjPcDE1NQls0hKBMVNdK32SbqxS4+RfI6jIcc1pYo8DDNklKoy0=
GWvcnaMj2oVZOj96RwuZlntAobBg9IKBYPinXjPXgEWnp4CT1hL5rPq/24sJlotyE3lnhXivyxpeqYi0ag19GH1+Z3gQbEhRHmUGdNhHkrVYeOO4Wq+wuO/sgM7VMPqNu669LJKsSmTxZok83edi2I+bTnKksNXqnm8WG9ClvKPb
3X1WJglX3dRoyVpP86XZIRYP4I+KNwC04x/W2PH7tHbjvOC72YM7orFSKU1VTbprEcqETWpcmPmHmIeKlZDyiJKBxKHEvOpzqJViTNGwWKuqqPWI4qanRIDNwdrPRPDI0PRr4gu0b1PYeDUv/LpmdA86RIv08yJRRqMh
bPp8m8Kae4exQRvmaYDTrBcG/ZiMNEmmsxHK0vS6gDjvpuiu2YM7orFSKU1VTbprEcqETWpcmPmHmIeKlZDyiJKBxKHEvOpzqJViTNGwWKuqqPWI4qanRIDNwdrPRPDI0PRr4gu0b1PYeDUv/LpmdA86RIv08yJRRqMh
e9f+O4RORC2oaFaz6VY8NDT2+FW7pmre2fVRTaACL1wk9Ctiy7Qv0xh4da88uqb0TzqEC7Tz4tEGo2E=
yRuT/XTHtdoGnp0hqIaxA4YgOMJxdxrhIlhu8h+NTGC8inBoGUWoRpkV5kmWqlKfJYXH9csLo2I=
ZG1jy5AM9vLBqUgexMyu1dG70I+EsA6KxURPr7Y22NeMyQs5SvgaglyK2HQIqlWTyNwNm277Kgzi1eHbH5cnfaMY
N969lacSq4YHJG2vwf+0IsqbkC0BPFaX4lB98IDq7tDQHTUe8sBK9aOjfQ4KPOGHlkORBaX7ANU0LA4AieX/HA1W5MZvuDE9YV7jT6SFm5OCk/c/24a+wV9v63ZpJNGfpfFgdXtzvLCv7B+Rcpwsr6sXvG/E2DBPPSCUqmDDTiobEQ7InnmMOMwCUJDJaC9eKd0G8YbCEkfVjWeNm6Oj+g==
8RR/h9w5KvdFlQFzlx10s0BY57EaGfju69qE7H6N0/6l2Ic8qKxC2ru8UZVJNOLfIxsoz6PK2ERMTFwNekdZbx9lGI0Z1eXx2lgM1ykvIA4GczIQ/i1tory2KK+aZUygPMpwqJkArwYZ1eYJFmpSX6XFxzVLS6Mi
Haosue/1sZBwFtv2M8wH0P1sPNsSDvzDmmqNzO6n17s1vl+yx5GbdfQ3X7rqEcTkNmUJGAkWOyhc1Pzxiv2KhCSvRnWMUN+IVrek2JuUzJ6JmE4NDwZh/F5UvoTlfoUM4c8zn9vzMgIoKEFKKtfaywxNSKMv
KwP2YFP77KK9R/6yHwz4/LdENzzUU1bMxmkh2Q8SFiNiulUMVheP213O1zJPITPVLMenejLB/MQedQEYAQYTCGQEJDFyDVIkjB/O9QQgt+gOBxwYQ0Q0fmGIRg0HFgmcJgTmxF3OXewJP7sfU0OaonBYOQpyh+LrJF1Aoyc=
jlFT1A5+cEV+zmQoa6aTWxJCnBRgd5Q9WaTFKVrWRVt6ayjuB1wEQyVz92p1ku2FmX2GUzXqoFV2TJTxg5iDgpmA7pC2oeCZ+Iwmu2xVpoQdQKRTTkgREH42K8wETUVSQ9RsULSUD5p3xCMbmT9xZ7CKWkwrGmCT6OMuWUKjJQ==
CS8DbLhi+iEjeV58t1dBSL9Z2zFtl0ZGRQtAnn8cXBON00/a/RJldWGdboPtKphlXmyM4YuYi5KBoMagjmE4SRBs3kvk1S40peAMAxYIaWAWVjPcDE1NQls0hKBMVNdK32SbqxG/+RfI6jIcc1pYo8DDNklKoy0=
Ch81VfPaVcvd25TfdZD/8QtR7bZKDf318szXq2SWxOul2Ic8qKxC2ru8UZVJNOLfIxsoz6PK2ERMTFwNekdZbx9lGI0Z1eXx2lgM1ykvIA4GczIQ/i1tory2KK+aZUygPMpwqJkArwYZ1eYJFmpSX6XFxzVLS6Mi
O33614dvRTqLq9Ul8Jfmrb9Zxj1rhV1PdQtAnn8cXBON00/a/RJldWGdboPtKphlXmyM4YuYi5KBoMagjmE4SRBs3kvk1S40peAMAxYIaWAWVjPcDE1NQls0hKBMVNdK32SbqxG/+RfI6jIcc1pYo8DDNklKoy0=
UL5XEIsmW9U1Mt2/VHMgAHtAobBg9IKBYPinXjPXgEWnp4CT1hL5rPq/24sJlotyE3lnhXivyxpeqYi0ag19GH1+Z3gQbEhRHmUGdNhHkrVYeOO4Wq+wuO/sgM7VMPqNu669LJKsSmTxZok83edn34+bTnKksNXqnm8WG9ClvKPb
L2vxCCcIiVxasS1suBkmChYP4I+KNwC04x/W2PH7tHbjvOC72YM7orFSKU1VTbprEcqETWpcmPmHmIeKlZDyiJKBxKHEvOpzqJViTNGwWKuqqPWI4qanRIDNwdrPRPDI0PRr4gu0b1PdfzUv/LpmdA86RIv08yJRRqMh
N1kMMhsTuaYhkFgfCou5TRcG/ZiMNEmmsxHK0vS6gDjvpuiu2YM7orFSKU1VTbprEcqETWpcmPmHmIeKlZDyiJKBxKHEvOpzqJViTNGwWKuqqPWI4qanRIDNwdrPRPDI0PRr4gu0b1PdfzUv/LpmdA86RIv08yJRRqMh
cPm6AlEiaqjHNuuSObqkOjT2+FW7pmre2fVRTaACL1wk9Ctiy7Qv0x1/da88uqb0TzqEC7Tz4tEGo2E=
ClXhgQGOF+rn6dCp3nbku4YgOMJxdxrhIlhu8h+NTGC8inBoGUCvRpkV5kmWqlKfJYXH9csLo2I=
bTl/p0WVG9jTO6+jW7mrYtG70I+EsA6KxURPr7Y22NeMyQs5SvgaglyK2HQIqlWWz9wNm277Kgzi1eHbH5cnfaMY
/KaCqk6Tjvh5jlNU/Xyx8cMDkTsSjpdwsP8wQ9U8UYiyc3nSdxDIruzEcO5lwY4GbE2FRShTSWtaTfWkHNkUotht3qBv8k1FdA5xNQXHrdsIltgw5FUF7vCAbi/5fBtS+lI0IngBm/c/f/xNmnjhztHI65PV9IEqnHV1yKvoteL0aURuplmBBmqjrC/2DF4bOYBh3JcL2mDnMYHW5T5w3nyyaOFCBmsKVL9a4dUMIlqAe/fIH5tHSfKdktzZkkgWzvnZ1yTiKOzIsxzavMS4ju51dcZYjG90Qivxs2BKxuGYNoHqD/kZuJjs9O7Mjt9yDEYlpChUujqz107+GIudQtQS2aOpEjWBRLDTipTlgD1VqEcSbb/rcDaN29+RsU7zpLi/oAE6Im6+4bz/wmHxBvpOgfpvxgrny/RfOFxG9zOF74Y/OKJ2o3o0g/IDlBcDZP/N/8TabmQn+qw7fJN6YV6jOQ==
Lt00Bf2g1n0qNilBYuRAGUixVLk3Ysp35eRRXvb7pHvbFyX5g2Pc/pSoMuUVRT2psPGzVcsSeucTMKgIrveWm7fIsscI2BwVjd0MOZ5i7l6/VVYm88AT9rmxBke+mfnmBEHIKfkMWHBA81I7PBU9aC1+B0urf8yaTEg4VP2IOELgzR1SPr7svtAdiWsQ64VSvAs7O6lzmMW5wFA+kqrn+UqWOYbA0FpbDLVyJ7/v+tiQ1QetR3B4mZhZS4jmApdEQ+O1deqM1oPkZ1m2aal+u5Zpa8uc+ZBjbNdlasiloAwec+M25RXuLXMRtg504kVq4lkUw4ipuiRwFTYaSvUY+XBiP+mIjQ8W8L1ydl1kTma7pajEjJHxmx8s+Jjc0NNI2scFXEkkVeWh7fhwfixGEXS/2cvZ55XKRKP+flTySoltWlw4jomCvEGsz2kBNb5lWVts1DTGQExh3W9Scbl2jY6WsuvtibcRc1ejNg==
oBfSpNCnoOYJGDARmLWkvFqx+kifPJNZyHKlMnTwpCs591BZNwyE/dZyuDP8LnCgWH4dV48YRU8+LwIowvHJzw+DL3mjHA==
PXNn9wH/XJgZNtGLVaBcB0k//dh9S5m9HI9UWBoMYcpdbX/3rXkj6bf0KGtzBOAogHTbAjv037MIf2WPDPoWVP+6FKvkM7IxdqMR
f9xVE5qbSM0n6vvBysHKljT2+FW7pmre2fVRTaACL1wk9Ctiy7Qv0xh/da88uqb0TzqEC7Tz4tEGo2E=
S3B7uXlAEvs6A2K4/oAA+oYgOMJxdxrhIlhu8h+NTGC8inBoGUWvRpkV5kmWqlKfJYXH9csLo2I=
f9xVE5qbSM0n6vvBysHKljT2+FW7pmre2fVRTaACL1wk9Ctiy7Qv0xh/da88uqb0TzqEC7Tz4tEGo2E=
S3B7uXlAEvs6A2K4/oAA+oYgOMJxdxrhIlhu8h+NTGC8inBoGUWvRpkV5kmWqlKfJYXH9csLo2I=
JO+p7tPXSAZz+CgEfgYHv3M1mRjFp93noeDaZE02kZyGhEg/f/eJC6qevwaHPwDAybzEWmB9AfUsh/dWcHt+oPQd7CSUlgCcgelvYpFpNt0uZjKbTVl3QRNnowY=
Y8L5USHMNYAxc46FLSUibgNa5PIeq3ADdE8tZlrmybgZBhoS2M3LiTHhBvgfpOOR6Hq1CjQINKPZv2BBNxS0tTb6KMu8FmCoeLZtzw+AtQceJxIQAolZR29LH2GjBA==
+HkT6Fk5PvYZuWJaLQtw2ippy9cvmVEZQ08tZlrmybgZBhoS2M3LiTHhBvgfpOOR6Hq1CjQINKPZv2BBNxS0tTb6KMu8FmCoeLZtzw+AtQceJxIQAolZR29LH2GjBA==
Sl8OfrgnNOoMcdo9VDiP1hd+YCxRRiViWuLBrAkSMvb4qeNdYbXOPF9gK8W4rh1ulOycN0kr6MW3kDwhpm6ALxxyyHwo4qULT0R9U07zOnQibXFTf18XZaMA
09kbZ7B1luMDe5cmGHsnUfaEJ1eNrSoBhh6IHc/VDwesVF1eWt65kPkuSkoYFZvhkQm2gJ9cU/lIkmVSdNDki7mXkHk3LESdVtL4E/xOsEDY3t03j/gF775PQsjC0Qlvj2NvWaM8
fr3tDO5ShajKLB44N2O2vzfV4vL36NM2V8nVOpp5U2epHx8aHX/Ntemwg0BOVRSlRuRRb28l1JRFTytcOzqu3ahyWBdPYmB6teI6BHXeVcwx70af6xPiwnhI0craN2qLfG1Yoz8=
gUFY7FQtqadoX1hIPLNQ3874Ak0Pv2iwEo9IPLacKMzf0tFbdAoxqeO+h5oHUyKTn2U/y9anwDLgWEkoAQj9yFv+1CcVXtiDkhEsnOQu4CTxUe/a4dHWZV7e8qM9YZd5Y1+jPg==
pYCTnPxkXaUgLnoVMQErDe3Gqw31jDM+uon+BXMQWs7wtWUvJQdpky/bDlCkP+wtk6yVAxsnDAn68zVKXpu4hRL0S6JrNI+T+H9Vb1w6xjRvOmRLVHNCEWajAQ==
WoXYoSG57vlwk+36z1bqGC/O4PUwNKDVFRghuAix0xWynNv7vPYgCPjWre8PoPXnnofScAKpGafv698Bo2Q=
WoXYoSG57vlwk+36z1bqGC/O4PUwNKDVFRghuAix0xWynNv7vPYgCPjWre8PoPXnnofScAKpGafv698Bo2Q=
CI6oC2v8b2V6cdbOoRjUnbwlOicGazQUM98DRsG9zF4xdvp6QJD+2h3oPRFH2/cfTX02zFYIOx2EUFew5LLWA7ZjeeZy
