4aKgxlqLwAtlreauR0cEpjgyjhnYtczmr+jXfkMy0LTHygkEXNfuRebHqxSQIQqey7bXTi9UCOwhrvlZYWV+tfkr7CSUlgCcgexoYpRuNtQuZjObTVl3QRNmswU=
wiJFO8cUNEX1B/L4pWd+JI7/dUhww97hMx4Z0rj1XGu28A9iZW3Mc8xl3ZnhTDMB/VXpNHZXrXz+FJ6ExT7ljAEPU5j7NpWCgeihS0qXOkusDWmzDA==
esk1TT4jzuw1xgn3iGeRlCrcHjbWzylklQQfInp6h2IxZwzrtyS5v1NSJybecJb1W1y4l8QfLl4Zi5vcwrj2x/jKp/OGMa8SUprDTR/3l8jWi8na1c4vpJT56dxg1dY7HJIIHKhCZe5IJDj0zhp6FCNNsfP/P1dEsyM=
lFwAXCe8Az8XmcGsnGJZZFbcmbtDUR2xvHDpBlVCfxnee85h54gWaBHpr2EzdKzj/5RcsGQUf7pnBJN7yTihwsfKQ6ybmzCzGCO+OXOzFg==
2QOARxI8lsqEe1vF2tb+HauVjVqhhHZ3o4u/DGQCX93+tGklMB15jyGCS3HCS8J50+nCUF05Ewmn9DgLQ8SQiDD0S6JrNI+T/XhVals6zzRvO2RLVHNCEWezAg==
+Go3iGv7lynpKbYfjIwjmquVjVqhhHZ3o4u/DGQCX93+pWErNhJ43SGCS3HCS8J50+rCUF05Ewmn9DgLQ8SQiDD0S6JrNI+T/XhVals6zzRvO2RLVHNCEWezAg==
GXrp8LHS1QefdbRWucnCwVtE/hlvQivDhjy35yklr6Nmx2cE7TCogphvWVBbxOD/kvWpgE0Jbnd/5WNGEs7raQ/zn9zz34KehWqHMBRtQXgwkZ5vPIYAGLhmTboIcJBQXp7ygIMZ+bevG39Qszc=
DFRWDLzNsHB4gk/k6J0QfPHKpR74mHZ3q4mpHjAPVsOstG9sZFMs3SGCS3HCS8J50+zCUF05Ewmn9DgLQ8SQiDD0S6JrNI+T/XhVals6zzRvO2RLVHNCEWezAg==
F1PyFLm2mRV6XX9rnUDYnq+N5EKrznZ3oJa5GWIGRY2ytGo+IRgs3SGCS3HCS8J50+3CUF05Ewmn9DgLQ8SQiDD0S6JrNI+T/XhVals6zzRvO2RLVHNCEWezAg==
4KYeMNtDQ85RVTjDaHZVf/rb56Gt5slqWGnc4/8rKU/ShfeLN5zy2OdL9037VmZ53sytZLNKVJvt+qhPWkVMgPwq8MjZIKgmXLJm4NZKU39lJUdVC2qzAQ==
KHJ1ooqM8hSG3MC0XU4ruE0qOG4BKzFjVvjbvUIAc+b2/aYTb+GLclJ6A+2fl1co16uKelUu74SU2Sk84HWWGxxyyHwo4qUOSER4VE76OnQjbXFTf18XZLMD
uMUxWjmZVW8wUyWRC98lqwP23llODtCpt3BbHsgLevrS8pNV/0/nYBNk+qJ1Vv+MlNE5RMCt5tPcOnikSFo1hsjM6Oyuooq8YyWBC1+nB2yzCw==
1DoTEExpMySR0NlABipJelWZQgNhuL9uNoG378L5HNqZi5i3BSMhbLb2vv3MM7RNuQLT4VrrKqmbrQ1gNRnrOd/0wDs75Hi4eDSD8gOUFwNl+M36w9pnZCf7rDt8k3phX7M6
0vH5JHUrq2n4Ittgp05nt5eiRRFasmKqS4xOIveJNM+exNBLeUB/+qX/joELAWfnn2gypN+vx0HzQkUiBgj9yFv+1CcVXtiDkhEsnOQu4CTxVOja5NbWbF7e86M9YZd5Y16zPQ==
95pDuagORJkp5jcqK5Cu7/t2KDhwGA08MmjUQdosws12DM4V1VDfs0spdbHuq9Iyic4Dy8Ly/NP2ZdFWgrbMwGx+dPXntDHQua+X2F/PA5L6XRCMxBA+AFxJQRSPJWIdZ3E+YzUKSILgedDy63Bb8Wum8qCNjit1Cv/TfrtizTA1OED0Sy3p4TYEgutZZdsLXjLfrpKmu/Hvy+/0NTGz5iVyV5gUxZFgkOmuh/yucCBY/h3SiJhAyD6mAqjDcclPDwMv+LOf
/llMewRtpOCTA+U7pLn/inFf/XuPewNXWWjRJ0CqPYuu+BzalNbWsg5nGQoUkcyhpILHaf3CF6kmW8ZxP8+omZmJd7FbdESzp3TUwNzUJ6pvJOvLIbgJMv+qS7zD28gDkINmaVuzPg==
Mp1ghTPEuQGhW8PHzc1nEufQvQ/4kXZ3o4u/DGQCX93+tGklMB15ryGCS3HCS8J50+DDUV05Ewmn9DgLQ8SQiDD0S6JrNI+T/XhVals6zzRvO2RLVHNCEWezAg==
BcUzkmpLbk8+0bLvI5ZoqXqhmxu+mWwUN5r5kho5KCTi25tv8x1DIqnVmKN4DQE4leqncUnNZbT6zxmMarxiJJnWUdzVtx9YN05BUvXAfSt2fy57WBVlswA=
Q9Qs2v5lfBM8BPAdAi1R60dhgoRyOTaLWhH34t39tNNkNRXZobJbIeUl8TRup7VcFmRWRI3uTSz5n+sYg6Yt4mm46YsCpxIrtD1xsxQ=
lCrGXJiM2q1XoNuOjwUL8SdN3agVYUcvz8CyDI9n50njagKImIBdAAvW1A9FlngLArlstPQmwOyh/GhytB72ZE72swut6TexM3azFQ==
DsmmEPqOUl30Pl6RdguNzUVhgpVwLzKLWhH34t39tNNkNRXbobJbIeUl8TRup7VcFmRWRI3uTSz5n+sYg6Yt4mm46YsCpxIrtD1xsxQ=
BJBbfEJsiAHrgD5GJnpXGCdN274JfEcvz8CyDI9n50njagSImIBdAAvW1A9FlngLArlstPQmwOyh/GhytB72ZE72swut6TexM3azFQ==
1eHzbsCvz9G59qhSEV6TBSdN2qgbeUcvz8CyDI9n50njagWImIBdAAvW1A9FlngLArlstPQmwOyh/GhytB72ZE72swut6TexM3azFQ==
wEWkYvtr3giqlkayOr86ni7fofj358s/ZdnVOoJ5B3aNRwIcHTbc+u/xk1JfQh3kQPEfYnUN/LN8BW0ZeiPjwa11GTQGd308rvQOBHXeVcwx70OY6xblwnFI0cvaN2qLfG1Zszw=
FT7i7RaT2Eu2w/96u/cOh/jr5tLTRPLr3q1mErVHH1QZhPiogRBKd3Cx4+PH2WvJ0VCdAQLF2KvHqB4qBlkS/Zfl1zqAXUZDXKoYFIgKFXbIvMg87hJqLOO1IXufd2dcszs=
Jc8TT9zNIi9TIo3PHYnXQfjr5tLTRPLr3q1mErVHH1QZhPiogRBKd3Cx4+PH2WvJ0VCdAQLF2KvHqB4qBlkS/Zfl1zqAXUZDXKoYFIgKFXTJvMo67hJqLOO1IXufd2dcszs=
feWQdS0kc56jh0tlCInejfjr5tLTRPLr3q1mErVHH1QZhPiogRBKd3Cx4+PH2WvJ0VCdAQLF2KvHqB4qBlkS/Zfl1zqAXUZDXKoYFIgKFXLJvMA77hJqLOO1IXufd2dcszs=
0y9QcO/3B8X/H7VYGPaRzPjr5tLTRPLr3q1mErVHH1QZhPiogRBKd3Cx4+PH2WvJ0VCdAQLF2KvHqB4qBlkS/Zfl1zqAXUZDXKoYFIgKFXXIvME87htpLOO1IXufd2dcszs=
sttzMe1BrpDxMLGAd1ZZefjr5tLTRPLr3q1mErVHH1QZhPiogRBKd3Cx4+PH2WvJ0VCdAQLF2KvHqB4qBlkS/Zfl1zqAXUZDXKoYFIgKFXfJvMg97htpLOO1IXufd2dcszs=
B2FmbGYgPd3U8OEkY2KgJPjr5tLTRPLr3q1mErVHH1QZhPiogRBKd3Cx4+PH2WvJ0VCdAQLF2KvHqB4qBlkS/Zfl1zqAXUZDXKoYFIgKFXPIvMg77htpLOO1IXufd2dcszs=
kGi1Z8JwlknMorlVFPISwPjr5tLTRPLr3q1mErVHH1QZhPiogRBKd3Cx4+PH2WvJ0VCdAQLF2KvHqB4qBlkS/Zfl1zqAXUZDXKoYFIgKFXXIvMA67hppLOO1IXufd2dcszs=
jHqhUPhTQTG67Lfnz2/3Ofjr5tLTRPLr3q1mErVHH1QZhPiogRBKd3Cx4+PH2WvJ0VCdAQLF2KvHqB4qBlkS/Zfl1zqAXUZDXKoYFIgKFXHOvMo/7hlpLOO1IXufd2dcszs=
rQJy5IqfXkN0jICr/9sOefjr5tLTRPLr3q1mErVHH1QZhPiogRBKd3Cx4+PH2WvJ0VCdAQLF2KvHqB4qBlkS/Zfl1zqAXUZDXKoYFIgKFXLKvME+7hhpLOO1IXufd2dcszs=
BMbkm4k2dnWY/nYJIFClVPjr5tLTRPLr3q1mErVHH1QZhPiogRBKd3Cx4+PH2WvJ0VCdAQLF2KvHqB4qBlkS/Zfl1zqAXUZDXKoYFIgKFXTLvMA+7hhpLOO1IXufd2dcszs=
eomXxCuQOe0Rfqn3AayVYPjr5tLTRPLr3q1mErVHH1QZhPiogRBKd3Cx4+PH2WvJ0VCdAQLF2KvHqB4qBlkS/Zfl1zqAXUZDXKoYFIgKFXTPvM8/7hhpLOO1IXufd2dcszs=
/H6Rt9lGYRVUKoByX+OWN/jr5tLTRPLr3q1mErVHH1QZhPiogRBKd3Cx4+PH2WvJ0VCdAQLF2KvHqB4qBlkS/Zfl1zqAXUZDXKoYFIgKFXTLvM487hhpLOO1IXufd2dcszs=
y5xPB6c73bKf1LYgYAFf5fjr5tLTRPLr3q1mErVHH1QZhPiogRBKd3Cx4+PH2WvJ0VCdAQLF2KvHqB4qBlkS/Zfl1zqAXUZDXKoYFIgKFXLKvM497hhpLOO1IXufd2dcszs=
hQBMmy1HymiK4Xh42etMdvjr5tLTRPLr3q1mErVHH1QZhPiogRBKd3Cx4+PH2WvJ0VCdAQLF2KvHqB4qBlkS/Zfl1zqAXUZDXKoYFIgKFXTIvM077hhpLOO1IXufd2dcszs=
Ou+fqv8NBJKEYS/SMvoEA/jr5tLTRPLr3q1mErVHH1QZhPiogRBKd3Cx4+PH2WvJ0VCdAQLF2KvHqB4qBlkS/Zfl1zqAXUZDXKoYFIgKFXHIvMg/7htrLOK1IXufd2ddozg=
ma8zUR1zclxwHiIjcVySaPjr5tLTRPLr3q1mErVHH1QZhPiogRBKd3Cx4+PH2WvJ0VCdAQLF2KvHqB4qBlkS/Zfl1zqAXUZDXKoYFIgKFXLJvM487htrLOK1IXufd2ddozg=
YDdZfAgbOS5qGKM3T7vt5vjr5tLTRPLr3q1mErVHH1QZhPiogRBKd3Cx4+PH2WvJ0VCdAQLF2KvHqB4qBlkS/Zfl1zqAXUZDXKoYFIgKFXTIvMs67htrLOK1IXufd2ddozg=
uhqP9bJaYJIxkskZLEa73Pjr5tLTRPLr3q1mErVHH1QZhPiogRBKd3Cx4+PH2WvJ0VCdAQLF2KvHqB4qBlkS/Zfl1zqAXUZDXKoYFIgKFX7LvME77htrLOK1IXufd2ddozg=
+P/HbIDDJm7sOY07vvG03Pjr5tLTRPLr3q1mErVHH1QZhPiogRBKd3Cx4+PH2WvJ0VCdAQLF2KvHqB4qBlkS/Zfl1zqAXUZDXKoYFIgKFXfOvMo/7hprLOK1IXufd2ddozg=
oc770iDCUARHIRAN8339P/jr5tLTRPLr3q1mErVHH1QZhPiogRBKd3Cx4+PH2WvJ0VCdAQLF2KvHqB4qBlkS/Zfl1zqAXUZDXKoYFIgKFX7PvMg97hprLOK1IXufd2ddozg=
tyfLNEyw8Zxey8jd+ODaWfjr5tLTRPLr3q1mErVHH1QZhPiogRBKd3Cx4+PH2WvJ0VCdAQLF2KvHqB4qBlkS/Zfl1zqAXUZDXKoYFIgKFXbOvMA67hprLOK1IXufd2ddozg=
49ACpAtXE3zlzAXfqZVVMfjr5tLTRPLr3q1mErVHH1QZhPiogRBKd3Cx4+PH2WvJ0VCdAQLF2KvHqB4qBlkS/Zfl1zqAXUZDXKoYFIgKFXXIvMw+7hlrLOK1IXufd2ddozg=
PynqLmUDm+gjBi1IGAfxavjr5tLTRPLr3q1mErVHH1QZhPiogRBKd3Cx4+PH2WvJ0VCdAQLF2KvHqB4qBlkS/Zfl1zqAXUZDXKoYFIgKFX/KvMo87hlrLOK1IXufd2ddozg=
ND7NcGe+SDVICxxOlchqMPjr5tLTRPLr3q1mErVHH1QZhPiogRBKd3Cx4+PH2WvJ0VCdAQLF2KvHqB4qBlkS/Zfl1zqAXUZDXKoYFIgKFXfLvMk67hlrLOK1IXufd2ddozg=
zDWVlNwHfB9BFa/ER6sAgPjr5tLTRPLr3q1mErVHH1QZhPiogRBKd3Cx4+PH2WvJ0VCdAQLF2KvHqB4qBlkS/Zfl1zqAXUZDXKoYFIgKFXTIvM477hlrLOK1IXufd2ddozg=
MA6lUKWBQDTRh+hZRcqOqPjr5tLTRPLr3q1mErVHH1QZhPiogRBKd3Cx4+PH2WvJ0VCdAQLF2KvHqB4qBlkS/Zfl1zqAXUZDXKoYFIgKFX/PvMw+7hhrLOK1IXufd2ddozg=
FFngBaZTJkxze0+7+NDtDvjr5tLTRPLr3q1mErVHH1QZhPiogRBKd3Cx4+PH2WvJ0VCdAQLF2KvHqB4qBlkS/Zfl1zqAXUZDXKoYFIgKFXLPvMo87hhrLOK1IXufd2ddozg=
2JcRaHG0+OqEsf4aP5Q/lfjr5tLTRPLr3q1mErVHH1QZhPiogRBKd3Cx4+PH2WvJ0VCdAQLF2KvHqB4qBlkS/Zfl1zqAXUZDXKoYFIgKFXXIvMg67hhrLOK1IXufd2ddozg=
M8wLtfLSn2drugbIpCjKFvjr5tLTRPLr3q1mErVHH1QZhPiogRBKd3Cx4+PH2WvJ0VCdAQLF2KvHqB4qBlkS/Zfl1zqAXUZDXKoYFIgKFXbJvMA77hhrLOK1IXufd2ddozg=
No+Ae8nEAxAblvCFf5eeEPjr5tLTRPLr3q1mErVHH1QZhPiogRBKd3Cx4+PH2WvJ0VCdAQLF2KvHqB4qBlkS/Zfl1zqAXUZDXKoYFIgKFXXLvM8/7h9rLOK1IXufd2ddozg=
No6MqkbRVvgyCK7euTKYk/jr5tLTRPLr3q1mErVHH1QZhPiogRBKd3Cx4+PH2WvJ0VCdAQLF2KvHqB4qBlkS/Zfl1zqAXUZDXKoYFIgKFXXIvME67h9rLOK1IXufd2ddozg=
/pNki7CMY+bAIB4PSOOk//jr5tLTRPLr3q1mErVHH1QZhPiogRBKd3Cx4+PH2WvJ0VCdAQLF2KvHqB4qBlkS/Zfl1zqAXUZDXKoYFIgKFXHIvMA+7h5rLOK1IXufd2ddozg=
thEFnP7QFmZ9oCy3jNk7jPjr5tLTRPLr3q1mErVHH1QZhPiogRBKd3Cx4+PH2WvJ0VCdAQLF2KvHqB4qBlkS/Zfl1zqAXUZDXKoYFIgKFXfIvMw87h5rLOK1IXufd2ddozg=
df0lkHUZe2Ou7Lr+7rGYS/jr5tLTRPLr3q1mErVHH1QZhPiogRBKd3Cx4+PH2WvJ0VCdAQLF2KvHqB4qBlkS/Zfl1zqAXUZDXKoYFIgKFXLKvMw97h5rLOK1IXufd2ddozg=
6LJv4EAZnMWmPkXV74QuZfjr5tLTRPLr3q1mErVHH1QZhPiogRBKd3Cx4+PH2WvJ0VCdAQLF2KvHqB4qBlkS/Zfl1zqAXUZDXKoYFIgKFXbPvMg77h5rLOK1IXufd2ddozg=
LVDAQmLc8AEp3NsVDVT7KPjr5tLTRPLr3q1mErVHH1QZhPiogRBKd3Cx4+PH2WvJ0VCdAQLF2KvHqB4qBlkS/Zfl1zqAXUZDXKoYFIgKFXTPvM4+7h1rLOK1IXufd2ddozg=
EJ8y5QpXz08I5pNux3gV9fjr5tLTRPLr3q1mErVHH1QZhPiogRBKd3Cx4+PH2WvJ0VCdAQLF2KvHqB4qBlkS/Zfl1zqAXUZDXKoYFIgKFXbKvMo/7h1rLOK1IXufd2ddozg=
CI6oC2v8b2V6cdbOoRjUnbwlOicGazQUM98DRsG9zF4xdvp6QJD+2h3oPRFH2/cfTX02zFYIOx2EUFew5LLWA7ZjeeZy
