q8dh0l5eNmqOTNofWszm/DgyjhnYtczmr+jXfkMy0LTHygkEXNfuRebHqxSQIQqey7bXTi9UCOwhrvlZYWV+tfkr7CSUlgCcge5oYpBpNtsuZjObTVl3QRNmswU=
JLqmpCgIrglvxC1K3yf7TY7/dUhww97hMx4Z0rj1XGu28A9iZW3Mc8xl3ZnhTDMB/VXpNHZXrXz+FJ6ExT7ljAEPUZj7MpKCjuihS0qXOkusDWmzDA==
JovhIuiiUUX+ul5VfUX6gyrcHjbWzylklQQfInp6h2IxZwzrtyS5v1NSJybecJb1W1y4l8QfLl4Zi5vcwrj2x/jKp/OGMa8SUprDTR/3l8jWi8na1c4vpJT56dxg1dY7HJIIHKhCZexIJDzzzhV6FCNNsfP/P1dEsyM=
k2RuAKzIVLGiqatZ/El/51bcmbtDUR2xvHDpBlVCfxnee85h54gWaBHpr2EzdKzj/5RcsGQUf7pnBJN7yzihxsDKTKybmzCzGCO+OXOzFg==
e8h/gJ8TdjEbsfpDivMm36uVjVqhhHZ3o4u/DGQCX93+tGklMB15jyGCS3HCS8J50+nCUF05Ewmn9DgLQ8SQiDD0S6JrNI+T/3hVblw6wDRvO2RLVHNCEWezAg==
7T58xujyw+/GNEeB6IfIfauVjVqhhHZ3o4u/DGQCX93+pWErNhJ43SGCS3HCS8J50+rCUF05Ewmn9DgLQ8SQiDD0S6JrNI+T/3hVblw6wDRvO2RLVHNCEWezAg==
q+8zHDr6axPWxe7gAD4PhVtE/hlvQivDhjy35yklr6Nmx2cE7TCogphvWVBbxOD/kvWpgE0Jbnd/5WNGEs7raQ/zn9zz34KehWqHMBRtQXgwkZ5vPIYAGLhmTbgIcJRXXpHygIMZ+bevG39Qszc=
ejA8w1bXJAHyaKI50xIEdPHKpR74mHZ3q4mpHjAPVsOstG9sZFMs3SGCS3HCS8J50+zCUF05Ewmn9DgLQ8SQiDD0S6JrNI+T/3hVblw6wDRvO2RLVHNCEWezAg==
W17RhI5fuhDIEofABhSfkq+N5EKrznZ3oJa5GWIGRY2ytGo+IRgs3SGCS3HCS8J50+3CUF05Ewmn9DgLQ8SQiDD0S6JrNI+T/3hVblw6wDRvO2RLVHNCEWezAg==
LEmuizkMg35J4TimdYQVjfrb56Gt5slqWGnc4/8rKU/ShfeLN5zy2OdL9037VmZ53sytZLNKVJvt+qhPWkVMgPwq8MjZIqgmWLVm79ZKU39lJUdVC2qzAQ==
ZndXR8tfh03EvkCzelL3g00qOG4BKzFjVvjbvUIAc+b2/aYTb+GLclJ6A+2fl1co16uKelUu74SU2Sk84HWWGxxyyHwo4qUMSER8U071OnQjbXFTf18XZLMD
dTa+Pc80vyXlFEiqxeWB1gP23llODtCpt3BbHsgLevrS8pNV/0/nYBNk+qJ1Vv+MlNE5RMCt5tPcOnikSFo1hMjM7OuurYq8YyWBC1+nB2yzCw==
XV1eB5QjaIGnW23ebQF5qJeiRRFasmKqS4xOIveJNM+exNBLeUB/+qb/joELAWfnn2gypN+vx0HzQkUiBgj9yFv+1CcVXtiDkhEsnOQu4CTxVuja4NHWY17e86M9YZd5Y16zPQ==
CffvOZwEvXvfIhLqCOCMu/t2KDhwGA08MmjUQdosws12DM4V1VDfs0spdbHuq9Iyic4Dy8Ly/NP2ZdFWgrbMwGx+dPXntDHQua+X2F/PA5L6XRCMxBA+AFxJQRSPJWIdZ3E+YzUKSILgedDy63Bb8Wum8qCNjit1Cv/TfrtizTA1OED0Sy3p4TYEgutZZdsLXjLfrpKmu/Hvy+/0NTGz5iVyV5gUxZFgkOmuh/yucCBY/h3QiJhEzz6pAqjDcclPDwMv+LOf
gmQOCc+KuP1cDwt/aqESBXFf/XuPewNXWWjRJ0CqPYuu+BzalNbWsg5nGQoUkcyhpILHaf3CF6kmW8ZxP8+omZmJd7FbdESzp3TUwNzUJ6pvJOvLI7gJNviqRLzD28gDkINmaVuzPg==
C9kG2r4FGZBnajpvhU921h4mfgrFjynDwzvPr404pQ+cSgHjusjowpjW2qr6Vw1iKHEQidDSE5ExglsR8otyGWNvVDEN+cMp1/TIKxOEQGigdPtC23S/c+94RU6serCUn7v064SzEnFXszI=
5xdmUNTLra6/3i6RkZXUJ6ar9ZeymPuaETLrmNHY9F7V1QJeJXcMq4DZlh1kPwtGKPGJ39+thsBj4LIsT8dnqSMKB2vX4N2gS/bULwU2+GtCWWzUNMZATGHeaFJwuXaLjpaz6+2JtxFzVrM1
BponMQpZ2WmgB9LEG4gwR7gBxZ4iaXNXz29lW2kDa6ATYwr6l28MUG5OHlZcJnzPu+6+wYblZkr1PZfi/b0UU8R1Nd+C/buhhWURNA5nVdx2pHZErS7trFlfyRhjYkpihviJi+LnsqsUfVGzNA==
scizqkae0ahI2HWCls55UOfQvQ/4kXZ3o4u/DGQCX93+tGklMB15ryGCS3HCS8J50+DDUV05Ewmn9DgLQ8SQiDD0S6JrNI+T/3hVblw6wDRvO2RLVHNCEWezAg==
bJSi6gjMivXAGuJfWKc+RHqhmxu+mWwUN5r5kho5KCTi25tv8x1DIqnVmKN4DQE4leqncUnNZbT6zxmMarxiJJnWUdzVtx1YN0pGUvrAfSt2fy57WBVlswA=
oiPATMZ86DfxUAbVvGGlrkdhgoRyOTaLWhH34t39tNNkNRXZobJbIeUl8TRup7VcFmRWRI3uTSz5n+kYg6Iq4ma46YsCpxIrtD1xsxQ=
liPmRXbEfjONTRpsCAaYJydN3agVYUcvz8CyDI9n50njagKImIBdAAvW1A9FlngLArlstPQmwOyh/mhysBn2a072swut6TexM3azFQ==
ZayhjAW/qVIlgzWQIrE8XkVhgpVwLzKLWhH34t39tNNkNRXbobJbIeUl8TRup7VcFmRWRI3uTSz5n+kYg6Iq4ma46YsCpxIrtD1xsxQ=
tye9ATXBugWk0QZSMnW8CSdN274JfEcvz8CyDI9n50njagSImIBdAAvW1A9FlngLArlstPQmwOyh/mhysBn2a072swut6TexM3azFQ==
jE1RF9rMxJ6v+4W/oJor1CdN2qgbeUcvz8CyDI9n50njagWImIBdAAvW1A9FlngLArlstPQmwOyh/mhysBn2a072swut6TexM3azFQ==
oYuWZi8un1+xGPtJiQhZ6iR0isQ+hVcmQXZ3YFf8gKlWAFsCytzcgHDnE7YSvsu5z0P/THJILe7FumcAFF2hqHDhPv+8FmCoeLZtzgiAtAceIRIQA4lZR29LH2CzBw==
w/Q+410OqyeylMP4/1zlWdB6Ei4clzTNIjUzUbr8QyavqwLrm1gKbRnOq4yO5RNidyRSEe5F2AJSiiOd30f3uFg8ZSoVHg+0lOnJDKAldouc4misaJKF+kg0XKOOpZrko/0Rg79vd1SzMw==
0DDboeDt0c9TAdGvx/6peGh0k9Ui5K+E/boqLCINSE0W+2ZujZyL2s0j9bw7J76z+AJzT1idlMb0iOSf2fy+sa3sZMSWT2D0yWKF7q6jAR1WHZdWMzN1U5Z3VVV8/lCwGI69JYjo5D/+OSJ4QyGp388zT0izLw==
qPcOecP7J7cf8nd+eFkI80cz+aMeV6UY1a7NueLjzQs7Dyau5q+ofjYkGXqnGX8PHuuQ5jgHKYXppI18o0JUo53SSBcKjYz4TMJQUEmrL56oHQY3BgITh1VNZ00bYrM5
0R6B1uQhXRT1J0pqL7nStYxOxz0EiXoD8KQgDXaB+JLfSEQAG5S7heMxiu+ClGwUZ8a5UTAbC+HVReE0fkeFHMbExsQ9jr1sqX/YH3OCeiLWGBkLkkdCa0QdYbME
47ANuL0DwlwxVTFmwm2yH9/4242Yog+Y1FQMv6lj2N23iAxpRuYQl1yK2HQIqlWVz9wMm279Kgzj1eHbH5cnfLMb
daekUuNjrNHSRYtYnM8CD3lb8XOKT1BNV1WeN1rjXon9wiD0pcPFog0iXxUC0oahrJbMSpCbR48SdtwIOZ/0x8WJbqAWaQK3pDLa297UJ6pvJOvLIr8JNviqRLzD28gDkINmaVuzPg==
jRfhqjRN5kVoW7NahGBwkbHP34SXyalMari1zolv755jAv+qJNzV76bqW7HgrckhZ+lhceyF7vsOtkgbu+oOTQbZ+usQfiV7J1oIZwAzUVtc/FWr0yQdhNInNn5BbGFiNyvHBR8PEwyQKS7H/G7w4Fi+nRGP2MQPPumC6MOxSQ8Pw6+4s98=
QeJHrlwPfAJVaaSGcNkabx5hpJUnE6jvXt87ajVlP4YeKiey9ikh7+/oJFluRv0NpHTbAjv037MJf2WODPoQVP+7FKvkM7Ixd7MS
tGVubbfO/72fsgsN9HgeUjT2+FW7pmre2fVRTaACL1wk9Ctiy7Qv0xl/da48uqD0TzuEC7Tz4tEHs2I=
twHgpdrlb9gxqA21laN3zIYgOMJxdxrhIlhu8h+NTGC8inBoGUSvRpgV5k+WqlOfJYXH9csKs2E=
+Af53PWD6HMBAoSzkXGTWTT2+FW7pmre2fVRTaACL1wk9Ctiy7Qv0xt/da48uqD0TzuEC7Tz4tEHs2I=
pcEmSxmbnqqnUcD4UOO4xIYgOMJxdxrhIlhu8h+NTGC8inBoGUavRpgV5k+WqlOfJYXH9csKs2E=
PsZI5eYMMNul3gGGLpkm9TfV4vL36NM2V8nVOpp5U2epHx8aHX/Ntemwg0BOVRSlRuRRb28l1JRBTSVcOzqu3ahyWBdPYmB6teI6BHXeVcwx70Wf6xLiwn5I0cvaN2qLfG1Zszw=
UdDY+BnyFuHfk3PYw9GF1/aEJ1eNrSoBhh6IHc/VDwesVF1eWt65kPkuSkoYFZvhkQm2gJ9cU/lIlmdcdNDki7mXkHk3LESdVtL4E/xOsEDY3t00j/gE775JQsjD0Qlvj2NvWLM/
LSygsgv9ys9JcW7fW0Vw2hd+YCxRRiViWuLBrAkSMvb4qeNdYbXOPF9gK8W4qh9glOycN0kr6MW3kDwhpm6ALxxyyHwo4qUIT0R8U071OnQjbXFTf18XZLMD
IPknlxlXGRBwwdhODONDbyppy9cvmVEZQ08tZlrmybgZBhoS2M3LiTHhBvgfpOOR6H63BDQINKPZv2BBNxS0tTb6KMu8FmCoeLZtzA+AtAceIRIQA4lZR29LH2CzBw==
kHasbBnWqqIRB0UfF97jnQNa5PIeq3ADdE8tZlrmybgZBhoS2M3LiTHhBvgfpOOR6H63BDQINKPZv2BBNxS0tTb6KMu8FmCoeLZtzA+AtAceIRIQA4lZR29LH2CzBw==
lnH0j8BRq5e0cNj8oLDVbXM1mRjFp93noeDaZE02kZyGhEg/f/eJC6qevwaHPwDEy7LEWmB9AfUsh/dWcHt+oPQd7CSUlgCcgepvYpBpNtsuZjObTVl3QRNmswU=
MFP3lbgMxMlhYfEr7CimkGh0k9Ui5K+E/boqLCINSE0W+2ZujZyL2s0j9bw7J76z+AJzT1idlMb0iOSf2fy+sa3sZMSWT2D0yWKF7q6jAR1WHZdWMzN1U5Z3VVV8/lCwGI69JI/o5D/+OSJ4QyGp388zT0izLw==
j2BdJ0PM2F4pdkKjpMRVxB5hpJQnE6jvXt87ajVlP4YeKiey9ikh7+/oJFluRv0NpHTbAjv037MKf2WODPoQVP+7FKvkM7Ixd7MS
7K32zy4Ww1Yq4spPuPEV9Dw1Pew2XyR4egvpChE2Tin1g0ZRQ1019ZvVMAEow6/SCXpLsrdk2B61y9l9aIIdbuyoiqgIty+0+rCnrHqCo1rnN28V6hpPWT9Oha3H0LZoYgwMMyapQCGnc/mCPdaOe0slIGWXR9y0uk95jCo8IiTZVpHcFTfYXvfJBlK6QD0rNv9ue5iVpbPA
CakE9QOao8mWgJ+CFSWOA1lwyUGr3UqnyE8PdudBbGb3II1zsr/xIDFv5G692uvO8OVhVFd06yselvzrPgzhhLiz9VVFQIpIkHjOkqqPvjx5ormFlAKG3dIpJJ3p6ISDskz4J2QsIkb9PAnvNDiZ1tweSQqmiWBzVs+fUxencf6R8vYAECHjyo9TWXJJy1RzPcIIh2r9DKhscpBAqV8uTgstRqdmcpPXdf2nXfuSs+k=
KZfRCboF7J3RdeLLjLAiOKaHOWfNG9brR0rhrY8XCvgYe6OIUIz+rDqJNQlTxBXZeM3BGtTFrJOLvijybqyvbsPuHEOOlGEMKAtVPbUYSoDAgK66mpe+NGmamW3k2saVAlHENVlwBAsi9FhPlHTijq3EaccEIJnezCZp4tZRIDuGt3/7pz/xdgFKVmjgeSMC36s5WnnTVHst+ihvGiVM4LwKcOgZx67Gm5Xmz5YqUx8lBcd1y4qz4Q==
sjA0qbYqb8EHuzfdgiQoWz9Ic97O3ALz96jOGnXXl3+rL9Olm6l2+28FKUGSrm+6nOAXBgTd2JPyU+Vq5kxw0B7/7UXzQl6vedc2WNZ2EwRY8uTiVJT2SM141X2xGkzfBjChIDAfpUFdnOrM+LS+ZtJzPtgxTqlRzJ4mGfolFClRVESnumAos/xwwkIVcPmbzESZshRy2V5+lUA3/kMvZy+bMVoZXqYUCP2DTuefKYYxN9SXdS4YUzJhrGxEfqD0EePuagMBljP+LnPTnbFXKQPus40=
qlfsVyTvDGKdismVducofGRoxTjY8mZzhsuUZtRqBTPnK0mHqpFOqg9oI35Wryd9qPtLN8v5yqri2TlujUUGKgch+BWVTG8rbm+aJKgwR87pMhu12AdT0qhEuQL0Fhz3IlkDKk7tbOO1BOIx7X1rVPOsWTMirTAgSu+FydJkumXkPyts6bku+oZ7jTCWENNxpUowobDzB5Lh6nMS/5RAHi27Ed1QEnWuRJgSyMDnFzSCYO+M4vJLGs+nF/WiKtdZp37NTb9AniiKfJQTbnk4oZ8jMeKl5ia7I7UYxV83RLQivzEsEqzKZHFmCTxd5+DeD5nOciKwVeseb5YbUKU9s1g=
YIFWeGEvWTYfMYDq1hzgMxbx4JBmgT0dCPx7DIyx6n3GaE39r4l67L1JFr3VPD8KKXtGjdU/qPzpMxnTOaZVPTNoa+4Qwkwus65tGq6Itf80E+dwwGuQhxnghcPmhQKLGw2go3jqf2NN0IVkWxH9bG9O9bTvlhbF45tMUgyj4nK93yC4BKky+kGuTC29pxnmehIUttYwRpn+ti2cUdeoxBbnNkecn6VeZOkGkvCV+EoS3Lky0Y0Y7hkcyGDhGNoPsAnyYeeRm9FRVOXsPnLMB5MQix3BUCVdlHnpfGBV1rscEgicqMJlaU6kP3POlXqUI82xc/+/V8Szow==
xsh7YE69kYu776SGRN8XCdcOCc18xzPdCropeQl+SfBOjC49rwBVQNq2XHbAIPhMGCq63PgeK2rMbWNdPhYm+DeWP363wAqN9qWsrnsoN/7dtZWIWVnaZHI6SVFWkQ6xzXq/KyPa1Wh0TGS+NMFE/UWicXl4IwYeqyZM92UK3Wo5cq/n6ZjiEqSx15bFh9JetGPwDgUknsyhdT7aV9hsFMFR9w5KySpHpUIjHmkaxbASXn8fq1XK5rd+ZqwIoLqjRZQQ5BVkOMZpCs3TTb0YjkXZNdp3BeU0nDioSE77lP2qAc1nS4q/0gRr4UGCTeWTFvRwmwskCFgItNPSk1Qno7L+HZ00mvgE93ucG8xTaoEvs0o=
x5r8Wm6wsBaVpp0CiDhea2TReYnpdGaIh847mm5THssOJbicuC+EIFQTE2CBQEeeyH5e9Yn/mMjjWVGtaHlyRXC5EdoVJX0hKNEr+noPjPJhCuWYQReK9AX0EeJET5UZOm8DIosbhN0px1uRSF921o5kFEuSDg1khf65nwTO4nSDvedwObNjCeUGvBueXOE02KM1JWWQCnhw6I5iCt++jBmyefW00gbtMrlkbUm4hDPSXDhXRPyidh2sSR+UaJlmvA6JeoZZ4EO2X9+jt/dxTvHiNnAw8WP6b8MZgumbVMNd0sj3Si2MmIzi0LAJDy7+az2G10aiE+eVbeetW8KzWQ==
1Nesx9mb2i6SPkWHt2vVcGRoxTjY8mZzhsuUZtRqBTPnK1WGsJcOskN5LnVXomV67PFHKcGmyert2S5ui1pbNkQs5huBUGU0a2iAYKhyWMLgIVGvgxpGiKQEt0PzWRv3NV0ZYUi3cfbvSvdtp3pvSKDkRDRs5C0hU+SbyONvimL/NyJ2/qUZ6p1/jTCWENNxpUowobDzB5Lh6nMS/5RAHi27Ed1QEnWuRJgSyMDnFzSCYO+M4vJLGs+nF/WiKtdZp37NTb9AniiKfJQTbnk4oZ8jMeKl5ia7I7UYxV83RLQivzEsEqzKZHFmCTxd5+DeD5nOciKwVeseb5YbUKU9s1g=
AIePxqoNYNV0uNa0k4iVSOnEy7IiN+vfmEq3cVzz7N0azpowfeSAOuye+IKqJW7Ld3Nou5p6wR6ui8CuqaxH3SdE3ptVHeqRsOAuO5ZOrQXQyQRsXiZFZug/pYRnK7933sjpf3jkhNKsbXgtytyUoASBrN8TZyOvtx7NmXJ6zH/GEKEA8L8lIZ186qy4VD7GklM++HHuKbGM/ib5OkWUiZF0RId6wKjTPJDCIlWQeTuMZJmSVNJZvj71QNc+I6/H77sxetn+JnTIHYMup3+pJnEX1Lc1jpizcgGsjIQeIFTRw+5Kw6EWUz7Oc7PdUdeJQ86zrQ==
as5I0325Fkuqdq0C7gwh7lR4+b9bYkQ7442rB4NK7JTym7wguHyMFFrUSKx79LvqCHDb0kGZg9evT3TkymQG/NgU4WGRlbET2zaI3Ut0pFkh+f6h+bLfu0c1Zy3Qu3VoKBJejji5GUB+xbWE8BdlPeX5lKtbuLDxfG1KKfD/XGM8IGU/jgqc+PCSiSjryhLAX6sIOY2VPA3VEtsxV9l6qsnZlUnyislkM4kCttK9hBb5Dt8qIJAZ9OTZCSDkkSKywWZcFd0/Ke66mmSu9sjW0f7+vWRxz9hM1u8G3/yntZbkoRaqEA3IQlJUSSrx9YgmGdRYGMEAKofwAcL5B6mLmdGc9dRe6vwPU5j7BeGotRWUMXmEQE2mM9waOATI+nWhzuwvSy4NSpxjRUFr38fHDLNr
Im6WZynW3chaLx2dfkS6dujfQtotscNHemvjjpZ0ABWce+n8J85EHX10RAUucQl1QS/SsfQfOdW5UHTtGcphoJU4OKE/zc6m131HQoVG0wp8M/UatayUA+YZfdFTC+FCOjiCZV8LAnabAJ8ONcr1n7i4qy2ysrhHz8MVXmoUksHcPG6/8qbO79fp1jG3YORJZdpEeiw6zz0kf95xPtEd8yt0tOqTL5L00eQnz4XY0LWIWU8Dl37HRoS64/O0SnBR26hQHOURE4Y2+SZf4aKnZqUK2fj23hvXt0WGHjMeorQEkEYrIVQ07CmUtF6tKsnrgS2ERmHZERLrlSkMmBhs0MILqPWOwanvt7qzysALZbnOXflbcnSU0xc0xCCMVJfKn2RbK1a+OZUI6nScs1uYI4DD9skLs24=
WMFn0eImixAjGmg6OT/vmBZFcVEjg6saWm2V8P46cZKQJY6uUnEn29pp2Jbl1WXUJBb7f7PgFgjCW/4A+QuC7vj370Wx34Fb0iFJEExhAoiILJU+C48LD2rFYqq27QckmGof88zATsqEBJp7LtpPznlcZmnfmLTWz0FdcSIYc9ZB7V0PnVNexUxnmSc4Zo9wJaGQTjIYUYZB+VDKGTiAFHGsMsuQAJxSN2UTdRFw7RjuxqSDM9RjKdEkbfkU3aEIcGE+f7yWYCh4Nm1KCwC2hx6hEpADCVnHb8sf4LOH
uSB9Rumpt22O5Sd4EctYGskYPhCup2Zw6QBTJ/SBGXx0XopaI2FbUlM/a9oT9jyfMHtqmFT+b2J0NyO6aHtUT/TPIf0hNSDK5PNcvOvcJdP4ZAiRnNnSX88vPoX5Nad6gUbnh7WJD2LZ8sHi3pEznHIdarsrTWO9CEySh5/tx/LJ6URbZWvOsJCWEEE/bikO/sL6ftZDFFEqq2ZA0+36GrQ8ZeGl9OU8/O/vV/bjkRpEH+727bU7BhEuCeqTPiWUOy8zAP5IYmbeupFd+cSD5R7xnoheDN3buccT3CE4mpJFPQ5lfEBxRkTWJK/5CU7apufqXGQYaM3lmieXfxptSYGbE+gY5kXQ8xeOJ0H8kEoYc46Puxb2nSxchMNhJEk/mmoDIsOUH9rd3C/2G9GtK9CuRGc84VXoKaxXbC1pCXu+xhQ8z1e9PhU25UDr/mmWl8bgjX9tBS61m+9ypzRG31BWFSynyFlCChpIM9IhexRb0U1f01ASDigXAvc1gyANQrYpgJTaC4WYDDYSBHnoAqbBrexAI6rG1t79knrBFPAieOKnOT7casY2QpbSWHTvoHJJ72f3l9NrDx7LIO8mhcjimx77854VWwNTzjwm/JhnDgO7egFNqovyOrp/vY9lcT1CJ3NIedWcrJKIAoMBt6hkcNtrEE+rZ2ELyB2UNsnfcXC310TVcwdEN9Sqz2gok+pNC8IM9eYJoQhnc3FLcZsAv1KsaEmlnvwCDifI/A+FWD1mC8UKG/4+Lt1H3TIzjcimF/CmMlgrr7b/NM7UwON1XCIahHwelo0O6IuQ0db6zy/agDjXe7EnYsoXaMmH4cnNcUrLdL3VkdgUC+5Na0woAholqJmD/FyZqiRquYZOzYBiSJxP/58DscKpxsbMuKVDFtdHSZ4BL9SPRTZ4iwI5bDT0psBsoXxr8rKZ9utOdrOLrWk3MTP2s5U=
tK07FWI+XjSQ+VQfaB2Z3BA5SVV4uEvzLugZ6KdOAtz7L2fjXsTLGKDCx+uzkoF6GM8cGWj04K2lL23yGTKiIZjZ66mn2rxstyfW0wo3NEF1/PMzmETmQS6RqZYrLFuJpysCcGdD+AfasRTmd3HGLX0kILAlxnBxRa9rHeg64Qrcu2XVtJA7myOs6nCtTFEzX0lYdN38TF5C3zSsPomXNY0kP+S6H2T8JJkjdvtW9hrtFKnk9WqAvdabDTy42XlR6Ti/B1bPlDrMoJMRG12exWfT1xx67iXO9r+GIQZNd+SwGM+qyipCrmV0Dq1109ucj6gmDaUEtu+85R5OxZCe0tltlJULW8B7r/uPot6iBIU41xIlsKtfw7mG7MFapnMzO/mFwrxv8GtdTTj2Y8mNFcrvopL/B8WB9hROS7tn5snE0JUtlIhxvtMmzdGy8/fTISIDIGqccK6jz0zj1U5UMJxkPeypKN3ELP5vNXW9HSC2B9WGJfMoc5YCPZn9NdyrAJVOXMZAnqdQCHOVa8GA9nHKNQNVnbAeDdl9St8l/eRk+L1+8Vv8jeKBhVdjakciHKtZEZotjQNe9LgL48QQiLD0y6LrNA+TfXvVbNw6QDTvO+RL1HPCEeezgg==
JiojqIyc413nYhtC+jTEWuOr9B0n0bitRhw1iuUax0+FS9Sa9JTviL4cDGTBbSS/YioZ3vfGYgpWhASrB4TJT2ZAkWO+jqwzVAvFuVlaEjKigZ2sQjcYDhQsA8tr4n8MI3hlUTg196r2kFxICNP573F7eTKQI5NtK5wJh1XqvpJ/e3mKWcNUaw0qaL+6tcxwHNowODnQq9a6RaYfNrrTj4XVh6XrmrPx
rOyCoWo4fEA3gj/lXuvMH2uzrd06ppmw/enAlcz9HIBS3PW8J+evJ1hCBN4xd1UEVdMik9OQmsVt7cl5V8zEAbkzDOeRcz+JQC5eN098DwqE8NCRsqOM2V/a9K5PZsH+BPuFhDFkcn45r2svaCP2Gtj/FETNbo0sOR+rG0Mg6uImOKmLwidSK/S9sbPU
rOyCoWo4fEA3gj/lXuvMH2uzrd06ppmw/enAlcz9HIBS3PW8J+evJ1hCBN4xd1UEVdMik9OQmsVt7cl5V8zEAbkzDOeRcz+JQC5eN098DwqE8NCRsqOM2V/a9K5PZsH+BPuFhDFkcn45r2svaCP2Gtj/FETNbo0sOR+rG0Mg6uImOKmLwidSK/S9sbPU
gSSpluyIobuoJQiQdrx4SjT2+FW7pmre2fVRTaACL1wk9Ctiy7Qv0xx7daw8uqD0TzuEC7Tz4tEHs2I=
+fJpkmntL03wcKRsJ9qUF4YgOMJxdxrhIlhu8h+NTGC8inBoGUGrRpoV5k+WqlOfJYXH9csKs2E=
V2O8UH9L8kQDSI5Cf74Ke3YOxsUGkZ+IbaJbpLPOZ+8IPgseLPXK+niSu3y+ijx9tMZk9e2IxHhEyg3zLCTXqC3cEiXtiqwKi8QD6pHFRotmPYlajNVoRUHIiCwox1I3JHENlOUqZ+dT+1wG5Lz4GKWsyH7o2T2+Bvq8YjipCeeIDzUu9N/bF9F3iNmRtBDySg6XRcICmep4FIoHZIFyK6eLyiRYgWcBv/ToBTCti8S+Jmd4S/eVmdLIhl8M09k68U3Ox969i+fk/YB/RKMlphAB0LCW50NaXdE+cRsltgJshnWWKg10b3AtKrjY4fZWEtHoxXh2HwWwyV/KGAny+sWA/hrzcUjo9JXhhzdYuFQEdKP0UlOlMPHghbnJ2fh8Zkh27bzruWchYwVW7Fc+MgzWurVlTnzUts3SYKkYT+WZ0Q4ZEY+M+EzCUFBJqiueqh0GNwYCE4dVTWdNG2KzOQ==
8VZz+J+euTsLwhB464n0X8MDkTsSjpdwsP8wQ9U8UYiyc3nSdxDIruzEcO5lwY4GbE2FRShTSWtaTfWkHNkUo9ht3qBv8k1FdA5xNQXHrdsIltgw5FUF7vCAbi/5fBtS+lI0IngBm/c/f/xNmnjhztHI65PV9IEqnHV1yKvoteL0aURuplmBBmqjrC/2DF4bOYBh3JcL2mDnMYHW5T5w3nyyaOFCBmsKVL9a4dUMIlqAe/fIH5tHSfKdktzZkkgWzvnZ1yTiKOzIsxzavMS4ju51dcZYjG90Qivxs2BKxuGYNoHqD/kZuJjs9O7Mjt9yDEYlpChUujqz107+GIudQtQS2aOpEjWBRLDTipTlgD1VqEcSbb/rcDaN29+RsU7zpLi/oAE6Im6+4bz/wmHxBvpOgfpvxgrny/RfOFxG9zOF74Y/OKJ2o3o0g/IDlBcDZ/vN/MTaaGQn+6w7fJN6YV+zOg==
mTJlRBTUCKE2KwMEEYtBsqIVYKlOBCW0GW6dOtJC0dcPN+vTYGG0r+dI9S5Xs0Wydg8oNed896zUfn7R6nqmckWyGwiIQrO4HTsMPVEThQ/t530M3QrBXopRpVtHKtG+SzRlT+b9Kh9xVKivOOO9WiBSfO1SIQgzVTphsNehD8lUGND2mK4pTnAwjOMtWDqo1NysQ8mx5A0twDCFq5FNhUCH5b4wBIas78tm+EnMBAai+bAr8r0LSRIKXJtXx2NGYJuEZ2vyskRftq9NBf9uGm5hGLmZ7B3PVqmaZ3vh+I/IobAphdBcIyi+sp0T/KFDlg9PD7YUQMQtOK6XxCksHyKm7KuW4J4zUIscTA/jjJs3dIzjMqypgub0Nys4bmhnKdlDUpiiyNbbevapdRaN8q1HHXN46sqKrsO48Ymh/dGNyFid3gQAtIJ7gfTssgofOl69cg8zdVOWd1VVfP5QsBiOvSCL6OY//jkieEMhqd/PM09Isy8=
y6i498ViTQYXD3IZXk6SzwuVpdMPqunbB73UNGfofY4qsOYmP8PlUFf8VN00FhfZbe3WovEnObW4wiQLkSK4Q8jpl21a0zGhpygexdOvwLEwwYIbb70r43lurEtAbwPL0Tchc3zW7NjoZVmWpCCat0UsV3ruUiAKNFEnb8vfqDXGSO0m5YifO1kEXZLIFUHQVzj5imDp0IZqCf0eXkN4l6p80rPNQFW0mzsGmDOR9U5Z7rz2aLJ8yY7W15IgH44ZCTwuMrS7A2CT6xvxJn2mxKXChP5aeU2/aDLU9PzTSGJgNDQmmjVBLlS8MwwWiwUr3BqKyYw2lcJDqaUgbEyglpC+05o4BlEMpKRmgue3eubkW9EqQJJNS2VCSZlwUAcyyJUMlaFoc3phjzeI4i2vRy1hgtuwuKuIzeqe9spBaAceUf1uzo51UuO2Vl8fFGsgIBY72xFvEld0coq7TlTXSt9km6sTu/kUyOo0HHNbWKPAwzZJS7Mu
YyUaYcHOLMtR9hoX0N4dQcF/4pI9bN5OuJNxqLB5FZNoLO7Fk6c15gR2Lr4awY4245nF0Bx57vFzDI2jHzJJYmBErOgUWYr/HoJ71d339sJbnGZIZ2DeA/alKTI8LagNERBoBFj/Uj80aS181VInL4OjPK4UBHiQNTRoFlgh/fZWIlxKSJEJ75gXFcbEp5vfAS/ocWEMkHraljctcvpZoijMai8UuXIjt5PqzGj5J8lvrIitwBULTC6+xxD7D1XRghBmd3zr2TLhVe4v7sXLLzSl4Ne0G6UugJlw2CYfgxINCd5Zax22CnyeVX4adTSnoHVKEChZdt6CSUityI7fTeARv+JoMfLy1Zje8sMJCCAkzYEvx+A43JTsA5ziq2V4oThlkbnh+HR2UFYFjJP5r/E7Zf4c7766nE4a3dW2vJzmFTJI2SBP7YnJLvEh98wwnJow+LkSqxY6haZftvrTzwWVh2VrWrMx
orEWVM5jGTj+2ag67hwjiwsX+BwnTy/Ywia83Tos+7lq2yUQvgP33MAMInQZiOD/mfethAMTPicesRNGEs7raQ/zn9z23pzGhXnKbgpFVEUwkZ5vPIYAGLhmTbkKcJhXXpHygIMZ+bevG39Qszc=
s7jo7kdxfmPd3AyfNI3y/PtzN1BrCR8hImeND4dqj4IUDK961FDes0s/epi6t9gSx8wnipimuYG5DdFLhKbE8Rg7c+L5uBOv/q6dwETjW9exIh7GgRYuE1BUVhuVL2EKf3ExbSIJVKaia9b/92xJvXG456OZjit1AfbKd7to2mIlO1r3GSCw5zkPnexDO84ffinDrpKmu/Hvy+/0MTWsviVhGsYK7YRdkOmuh/yucCBY/h3RiphIzz6pAqjDcclPDwMv+LOf
4kHokUcqwj4VZa0tUWyvtdbSDojthu5qPXKqJkF0nWz+OPvJprRp4yIT0RFpYpOEnwx0c2urAcAAE84PZDMlNn4FU0Eg8fQ8tg55C2b1+7UZ7OF81QXzWt2+H93kcezgbvEqdIU+niFYDQa9P67lAL7RMvdvKNLYDlSr5FaXzMRINFUT+1IEJD55jtOdbNb/UljYVF+SCgePvXgF6e1l2Q7AIR6ZV+DmFivSGI6VbQrsrojnqp0MyKwSECBpOyouxE3Gx6YSk7e1nSc9O/KziQ==
Gvt5CE4fNA6mHTa3ooWTl4x+EXJTn9wOC/ad6L6vgmm1J9azlJXwxIcGLyBESM4IfIHR7M8dclWH+Y67NdL4Cg8n3de3k+l1Rawb4z4WDDMqlQoSPkvL+k2wwOZXOkhvTvLU0M0JW0ByNIs0SrZ3kPI4IFYVFLS80ObtCFoTLuwxrbuXvFbg6Hj27YkKQDjHHuGS0ANJ2Ydvi5+gs8c=
iFFVFWA8X3ZhaC/PPHUZxefE4ee35Nd6Qizfw/8mKU/fhZjtWfXl0Zo4jDfpDyAuxpOycL4NbYL81qhPWkVMgPwq8MjZI6omVLVm79ZKU39lJUdVC2qzAQ==
JbT+jDjeABdk2a+6aunhRDg9mQLdoN3br+jXfkA00LTHyglrN7noOYG5pRXSZFyDkaPASm5vAuQmge0GdEo4u+Ip7CSUlgCcge9qYpxpNtsuZjObTVl3QRNmswU=
yBlCWv+I914IPxpFLLdOV7HP34SXyalMari1zolv755jAv+qJNzV76bqW7HgrckhZ+lhceyF7vsOtkgbu+oOTQbZ+usQfiV7J1oIZwAzUVtc/FWr0yQdhNInNn5BbGFiNyvHBR8PEwyQKS7H/G7w4Fi+nRGK2MgPPumC6MOxSQ8Pw6+4s98=
JDgWqxhBYrwTnWuJVjVC3LHQtwv4kT9tqZe5DnEMf43z8SRhZDxKs0iVQgyxMLhriqiVSAImBwTgzSEab8SQiDD0S6JrNI+T/npVYlw6wDRvO2RLVHNCEWezAg==
CiF4vSkhTDHlemnwC04Ou2h0nd0muqqD4O1+I210aWUs01VBvrWL28Fiurt+NKek5QNzRlfUlML4tqv02fGz37DrfbeFX2by1CHd/fCwSil6VrpvLWxgfNB5Tld8/lCwGI69IYro6D/+OSJ4QyGp388zT0izLw==
Kq3IgxSF4ww/9pkB5GDRm+eJI0C/qjkAmFOWGfjOHRuoR1NWV8S0krgGCwRZQdOv8Dudp4VPBqIU0T1NcMDqmbqGmn8tfECsEMnuJ/xOsEDY3t0xivgI775JQsjD0Qlvj2NvWLM/
qDPD/rZI9mHp/tpZQge1fcClSQBGp2K9RoVZOq2YPcPf0NdGMAwwjLfyydNHAQiB8QElraLcvDvhGwByHlfi3Fa57T4EctiDkhEsnOQu4CTxV+ra7NHWY17e86M9YZd5Y16zPQ==
OfhKvIi78VTwgCCP3UPFZjA2PTAXpYbyOShyiNnLb3xfTqM+0GI0R1vX2MzuE0Fd/KRxQlpYtboREROTfN4QEJgu/UGKCCiffpniWENBaT9PUw9osw8=
g8jsyWbjPlMIFIrt9acewDE2PTAXpYbyOShyiNnLbHxfTqM+0GI0R1vX2MzuE0Fd/KRxQlpYtboREROTfN4QEJgu/UGKCCiffpniWENBaT9PUw9osw8=
hJwZoI+pe5CU9BHOrAVaPmFoxckpnlAvQ2wjblf8xLpYLltcmZmDx1DTLd8Ft7bKtDntFTAYOrHarmpHLUSwhHDhPv+8FmCoeLZtyQqAuAceIRIQA4lZR29LH2CzBw==
cxoA3m/WDiY652eXDSILgUlzuORKQqID0bPN/afs10I4ACCYr+7pN29tOHXJfWVpapDs7zlHYNb2+5JorgVtuoz+SBcKjYz4TMJQUEmrKp6kHQY3BgITh1VNZ00bYrM5
LskY7rGRw9GdgfuMOLtxmAmPUR1xr/1Rd5fq9cP/PZ2Rl4H+SWxXfbux7LHMXNIj0BXanCmQULvC6F14agb/NJjN2SoX5Hi4eDSD8gOUFwNm+s3yxNpoZCf7rDt8k3phX7M6
CmEcepdAL37VY6aEZQqSQXiygAqM+6AnKG1fe6cZExcDesPk3ekpIX4lpvQ4h7K1ODhDOLpvkLiPrCBONfDajZvu3awybKpk0SbpvH0nhNqv1i7yAnA1674vdptwZV2zOA==
QJYA1bw3PVIY/qJuac/lx1qx+kifPJNZyHKlMnTwpCs591BZNwyE/dZyuDP8LnCgWH4dUYoYSE8+KQIow/HJzw+DL3izHw==
OCxjRtG2+nCUbQfM7M1d1Vqx+kifPJNZyHanPHTwpCs591BZNwyE/dZyuDP8LnCgWH4dUYoYSE8+KQIow/HJzw+DL3izHw==
o1SZbvpcgr2oVNIomP9KYnlb8XOKT1BNV1WeN1rjXon9wiD0pcPFog0iXxUC0oahrJbMSpCbR48SdtwIOZ/0x8WJbqAWaQK3pDLa297UJ6pvJOvLIroJOviqRLzD28gDkINmaVuzPg==
8rXutlKwKOgzxA/0STXZz5dW/wLJQ/Agt/t9Y47JX////zl11i4dZHk0Y7JjFLdDhvrtMqRayCQH+8z73BOaIX+zGg==
4UqbavJAqRWLGddyUWayHit+wtMykVcsAHFmeXa1xbdeJFtcmZmDx1DTLd8Ft7bKtDntFTAYOrHarmpHLUSwhHDhPv+8FmCoeLZtyQqAuAceIRIQA4lZR29LH2CzBw==
CEqnMMecoO2XlLXOv0WjEguVpdMPqunbB73UNGfofY4qsOYmP8PlUFf8VN00FhfZbe3WovEnObW4wiQLkSK4Q8jpl21a0zGhpygexdOvwLEwwYIbb70r43lurEtAbwPL0Tchc3zW7NjoZVmWpCCat0UsV3ruUiAKNFEnb8vfqDXGSO0m5YifO1kEXZLIFUHQVzj5imDp0IZqCf0eXkN4l6p80rPNQFW0mzsGmDOR9U5Z7rz2aLJ8yY7W15IgH44ZCTwuMrS7A2CT6xvxJn2mxKXChP5aeU2/aDLU9PzTSGJgNDQmmjVBLlS8MwwWiwUr3BqKyYw2lcJDqaUgbEyglpC+05o4BlEMpKRmgue3eubkW9EqQJJNS2VCSZlwUAcyyJUMlaFoc3phjzeI4i2vRy1hgtuwuKuIzeqe9spBaAceUf1uzo51UuO2Vl8fFGsgIBY72xFvEld0coq7TlTXSt9km6sVuvkayOo0HHNbWKPAwzZJS7Mu
T6eYnTThaeu68fgyJ66X5ykfg7d6/hliED4MWyvL4NAOT3mBjHjJ3trEDWZhzSvPnMIoDOgyxR9OVJkGDgRaxKMd0eM/jzd0sxM=
qdHaFQfNrIvvlOGX3ajnV5wFinpShUtEvq4hDSOE/4nRUkElUpK3nMVBh6C58gJnOILtBiBPQPjTQ6t6c0OPXc7Z4sQ9jr1sqX/aHnOHfyLXGBkLkkdCa0QdYbME
QKHV/SF3Wn0Ijz8iR7TEAOt/NMAPI4yNkm2Qz+2dheJm+TW80JiFfIRwC7/5FPipOCEFGhdAOx8d3//I3qXIohCVfCbhQpjYEvCEiMLf2Jibk0N6GxNUslJTmoTlfoUM4c8yntv3NwIvKEFLKtfaywxNSbMs
XqyW5u0k7GIA5jvP0hn0aQ2CvJB9AACHmHFSp8hJf0BKEG3Z3vWwP12/1IqFGBqe+RvGa605DEiskhCgabkurs3IxkamkpM3tR0nvTtyswk=
DCpVuQJiq6FKZ0t81juNRSA7KZ4Vfm0gOl25HUN0XW6hj0hZdBR1pM2NKgEojbXWFHlZ3bpolli2kdx9aKQWf8OTgOkSmnKv/LCF7DTKrByudgNO/iZ/C2ct6sap1soPHwIXKWPxU3+qNPWDEPWaZxcgOkLWQOS3vkF3jCo8IiTZVpHcFTfbXvfPA1K7QD0rNv9ue5iVpbPA
PSE2HRSkTDpzvXCpz597YRG/On25gH8SfT8qEqNfqlJGO/N3W3gRIJvMr+Hw40am4AXTZGX2J+7DWOAVAxMXPdmljes6Acg+EA8eFB+Ejj4+jDzC+cZkov2L5alwTlNiWJ+N9q1B+VWx38iQL2uqgci3xZRACgyEpvf8ha3EUAjw9IsiqzTPE7l+FesZOoG0Lzsky5RzgpGns8I=
aYt0GuW0Neb0monOrqETuLO4Spr0hqyl3inBnuDb9QJazMaz6eYoaSfhhUghbF+rFvJoONqy8REuNQMPL/HchfU7Bc80DR8tYjaYYRxbpOcsyLIzeDDLpu+pguwQDUdmSMzlXr8Mr1sGptclA00/fhrRnvs+y1dfYxSoD9oFTMB8avAIWeSu5t1wZq5WClM/5WVHlYuqs8E=
r0a/pM2gtAIABOaabX7C9bO4Spr0hqyl3inBnuDb9QJazMaz6eYoZCfhhUUhbF+rFvJoONqy8REuNS8YL/jAi+I7Bc80DR8tYjaYYRxbpOcsyLIzeDDLpu+pguwQDUdmSMzlXr8Mr1sGptclA00/fhrRnvs+y1dfYxSoD9oFTMB8avAIWeSu5t1wZq5WClM/5WVHlYuqs8E=
dMbnErxYUwWh+koxbTGGJzWprzwYhpjgvrjIZMku/9fsde7W95CqEAQGQ4dtnVlNaHrX7VYRQSalC3y+1qBjhQZ8Q21dZcijf0/G0DD7cOVUdbi+Crnkvkskay8KlpyT19Q8Wn20A2IP+eIAv3+vs48sTmdmMWKFl52nUuA1Ftscski8KCIlyk4E+RZOtLo0Iy3xk3+fl6Szww==
/LfmJrHWcrTFMGh2XZsr+LO4Spr0hqyl3inBnuDb9QJazMaz6eYoZCfhhUUhbF+rFvJoONqy8REuNQMPL+/BhP87Bc80DR8tYjaYYRxbpOcsyLIzeDDLpu+pguwQDUdmSMzlXr8Mr1sGptclA00/fhrRnvs+y1dfYxSoD9oFTMB8avAIWeSu5t1wZq5WClM/5WVHlYuqs8E=
19jJd0nMIxLc6Lxt4lr4GDWprzwYhpjgvrjIZMku/9fsde7W95CqHQQGQ4ptnVlNaHrX7VYRQSalC2241LVnkQZ8Q21dZcijf0/G0DD7cOVUdbi+Crnkvkskay8KlpyT19Q8Wn20A2IP+eIAv3+vs48sTmdmMWKFl52nUuA1Ftscski8KCIlyk4E+RZOtLo0Iy3xk3+fl6Szww==
mrODTloLeF2+O3jYVNTIzy/UcXQTSCZepW5NIkAMhtbmbTNBJFTvkURxxlPP+V2mgsyyVx/ab5WFhaJKXxl4Um5RfMbcT1Is61TaVgJsIOqN9nC68YvpsWR+J0pEf7Ge+ZENbf2fBGibO/4pNBdZ/PT6mBwqd3AdObTk4GxU94p/5Htr9b7Z021qVVwTWzjjYEOWiauzzg==
uACesl/qiCNf97jMZL2oRS/UcXQTSCZepW5NIkAMhtbmbTNBJFTvkURxxlPP+V2mgsyyVx/ab5WFhatZVQR4UG5RfMbcT1Is61TaVgJsIOqN9nC68YvpsWR+J0pEf7Ge+ZENbf2fBGibO/4pNBdZ/PT6mBwqd3AdObTk4GxU94p/5Htr9b7Z021qVVwTWzjjYEOWiauzzg==
ZCYtWCu5IolpMK6ugw1Q39DL7/0mZ9/wawFpdCxUtlW1G3AHLBIyeDuEveyJB4LkF4kDHONL9HR14gbFLUVH5Mt9qxtlQGxZbtK2b7j4uRwYksg8Sk5vXuIuewtjJfbWxe4uL3taO9lfuRe/bnyJM/wtPgez2JbSSshgNzrJ6xyGRIbEfQ79bOn/nx4zBz8il5jZC1LHgmuEnaGzxA==
aRGMdkuvIvnIuOvGw3IEJwG4c/lcaFLo9idUyIe7N/rvO0ps1jy/ZLHmSTydZ6Dezx+LcuMwFeve79YbkCV9sxg=
MJjCaJexezS73JaTzofr9GpwCP+JUWIRAX8ofQva+Do5UDnVS3ib8CNkZJaBmc6Id4/wt80nf/tdX4zvmq1G9ITFSxDq675rZmWQ9LHNj/jkmdDplR0ErinF8w4pktolOmBxVkUET1mbS9/Fx/p4y4J5bPR0ZsAsIbtrMjfc9irOtrPLLSk38bO2s9U=
WlsUrDdJ2MPdN3G5uV3UC18vJQJ2QMz4qPEVPPt3C0GYGU+3KcWHRLOrhrr5aYT4qs8gY/JrTPyagIJi1Wo+kz3YvPISICZQMXsyWylaMriU97q4B782Y5uTHV6ktPvJ29fzo8A96L+graXMelyypCm2IZxlV+hbB+0zEsvgjaumXz47yLW1s9A=
WlsUrDdJ2MPdN3G5uV3UC18vJQJ2QMz4qPEVPPt3C0GYGU+3KcWHRLOrhrr5aYT4qs8gY/JrTPyagIJi1Wo+kz3YvPISICZQMXsyWylaMriU97q4B782Y5uTHV6ktPvJ29fzo8A96L+graXMelyypCm2IZxlV+hbB+0zEsvgjaumXz47yLW1s9A=
WlsUrDdJ2MPdN3G5uV3UC18vJQJ2QMz4qPEVPPt3C0GYGU+3KcWHRLOrhrr5aYT4qs8gY/JrTPyagIJi1Wo+kz3YvPISICZQMXsyWylaMriU97q4B782Y5uTHV6ktPvJ29fzo8A96L+graXMelyypCm2IZxlV+hbB+0zEsvgjaumXz47yLW1s9A=
WlsUrDdJ2MPdN3G5uV3UC18vJQJ2QMz4qPEVPPt3C0GYGU+3KcWHRLOrhrr5aYT4qs8gY/JrTPyagIJi1Wo+kz3YvPISICZQMXsyWylaMriU97q4B782Y5uTHV6ktPvJ29fzo8A96L+graXMelyypCm2IZxlV+hbB+0zEsvgjaumXz47yLW1s9A=
WlsUrDdJ2MPdN3G5uV3UC18vJQJ2QMz4qPEVPPt3C0GYGU+3KcWHRLOrhrr5aYT4qs8gY/JrTPyagIJi1Wo+kz3YvPISICZQMXsyWylaMriU97q4B782Y5uTHV6ktPvJ29fzo8A96L+graXMelyypCm2IZxlV+hbB+0zEsvgjaumXz47yLW1s9A=
9CUyyhm1aUU8X7iueKtuempwCP+JUWIRAX8ofQva+Do5UDnVS3ib8CNkZJaBmc6Id4/wt80nf/tdX4zvmq1G9ITFSxDq675rZmWQ9LHNj/jkmdDplR0ErinF8w4pktolOmBxVkUET1mbS9/Fx/p4y4J5bPR0ZsAsIbhpMjTd9irOtrPLLSk38bO2s9U=
9BRVcrfC6ZJ6BFBW7msUVl8vJQJ2QMz4qPEVPPt3C0GYGU+3KcWHRLOrhrr5aYT4qs8gY/JrTPyagIJi1Wo+kz3YvPISICZQMXsyWylaMriU97q4B782Y5uTHV6ktPvJ29fzo8A96L+graXMelyypCm2IZxlV+tZB+4yEsvgjaumXz47yLW1s9A=
9BRVcrfC6ZJ6BFBW7msUVl8vJQJ2QMz4qPEVPPt3C0GYGU+3KcWHRLOrhrr5aYT4qs8gY/JrTPyagIJi1Wo+kz3YvPISICZQMXsyWylaMriU97q4B782Y5uTHV6ktPvJ29fzo8A96L+graXMelyypCm2IZxlV+tZB+4yEsvgjaumXz47yLW1s9A=
9BRVcrfC6ZJ6BFBW7msUVl8vJQJ2QMz4qPEVPPt3C0GYGU+3KcWHRLOrhrr5aYT4qs8gY/JrTPyagIJi1Wo+kz3YvPISICZQMXsyWylaMriU97q4B782Y5uTHV6ktPvJ29fzo8A96L+graXMelyypCm2IZxlV+tZB+4yEsvgjaumXz47yLW1s9A=
9BRVcrfC6ZJ6BFBW7msUVl8vJQJ2QMz4qPEVPPt3C0GYGU+3KcWHRLOrhrr5aYT4qs8gY/JrTPyagIJi1Wo+kz3YvPISICZQMXsyWylaMriU97q4B782Y5uTHV6ktPvJ29fzo8A96L+graXMelyypCm2IZxlV+tZB+4yEsvgjaumXz47yLW1s9A=
9BRVcrfC6ZJ6BFBW7msUVl8vJQJ2QMz4qPEVPPt3C0GYGU+3KcWHRLOrhrr5aYT4qs8gY/JrTPyagIJi1Wo+kz3YvPISICZQMXsyWylaMriU97q4B782Y5uTHV6ktPvJ29fzo8A96L+graXMelyypCm2IZxlV+tZB+4yEsvgjaumXz47yLW1s9A=
XQT/U/c5pnXXTY6WUtxXleOi9bjfMSWlLEx5lxUEm88ha1Db1O6psWyT5KfAzoMBjoweIE8y1xnJugtF7um2f1o/zYrgvr7m98/Y/Zvv/1HOBi3d4Wkz2SprM2FQeml9jFHf3NezHOTOGiy8JM5ghLE87rqndVaCnv7zg30BF9mjvrPd
+FT0qodAQUSJDFGdEX6CXmpwCP+JUWIRAX8ofQva+Do5UDnVS3ib8CNkZJaBmc6Id4/wt80nf/tdX4zvmq1G9ITFSxDq675rZmWQ9LHNj/jkmdDplR0ErinF8w4pktolOmBxVkUET1mbS9/Fx/p4y4J5bPR0ZsAsIbRqMjbd9irOtrPLLSk38bO2s9U=
ihW/jFj24fan67FPDoQwrF8vJQJ2QMz4qPEVPPt3C0GYGU+3KcWHRLOrhrr5aYT4qs8gY/JrTPyagIJi1Wo+kz3YvPISICZQMXsyWylaMriU97q4B782Y5uTHV6ktPvJ29fzo8A96L+graXMelyypCm2IZxlV+daB+wyEsvgjaumXz47yLW1s9A=
ihW/jFj24fan67FPDoQwrF8vJQJ2QMz4qPEVPPt3C0GYGU+3KcWHRLOrhrr5aYT4qs8gY/JrTPyagIJi1Wo+kz3YvPISICZQMXsyWylaMriU97q4B782Y5uTHV6ktPvJ29fzo8A96L+graXMelyypCm2IZxlV+daB+wyEsvgjaumXz47yLW1s9A=
ihW/jFj24fan67FPDoQwrF8vJQJ2QMz4qPEVPPt3C0GYGU+3KcWHRLOrhrr5aYT4qs8gY/JrTPyagIJi1Wo+kz3YvPISICZQMXsyWylaMriU97q4B782Y5uTHV6ktPvJ29fzo8A96L+graXMelyypCm2IZxlV+daB+wyEsvgjaumXz47yLW1s9A=
ihW/jFj24fan67FPDoQwrF8vJQJ2QMz4qPEVPPt3C0GYGU+3KcWHRLOrhrr5aYT4qs8gY/JrTPyagIJi1Wo+kz3YvPISICZQMXsyWylaMriU97q4B782Y5uTHV6ktPvJ29fzo8A96L+graXMelyypCm2IZxlV+daB+wyEsvgjaumXz47yLW1s9A=
ihW/jFj24fan67FPDoQwrF8vJQJ2QMz4qPEVPPt3C0GYGU+3KcWHRLOrhrr5aYT4qs8gY/JrTPyagIJi1Wo+kz3YvPISICZQMXsyWylaMriU97q4B782Y5uTHV6ktPvJ29fzo8A96L+graXMelyypCm2IZxlV+daB+wyEsvgjaumXz47yLW1s9A=
XXsqWdFEuguXXMu6S4LGnWpwCP+JUWIRAX8ofQva+Do5UDnVS3ib8CNkZJaBmc6Id4/wt80nf/tdX4zvmq1G9ITFSxDq675rZmWQ9LHNj/jkmdDplR0ErinF8w4pktolOmBxVkUET1mbS9/Fx/p4y4J5bPR0ZsAsIb5pMjbd9irOtrPLLSk38bO2s9U=
krWbPeUuAfzr1cIQhphoqV8vJQJ2QMz4qPEVPPt3C0GYGU+3KcWHRLOrhrr5aYT4qs8gY/JrTPyagIJi1Wo+kz3YvPISICZQMXsyWylaMriU97q4B782Y5uTHV6ktPvJ29fzo8A96L+graXMelyypCm2IZxlV+1ZB+wyEsvgjaumXz47yLW1s9A=
krWbPeUuAfzr1cIQhphoqV8vJQJ2QMz4qPEVPPt3C0GYGU+3KcWHRLOrhrr5aYT4qs8gY/JrTPyagIJi1Wo+kz3YvPISICZQMXsyWylaMriU97q4B782Y5uTHV6ktPvJ29fzo8A96L+graXMelyypCm2IZxlV+1ZB+wyEsvgjaumXz47yLW1s9A=
krWbPeUuAfzr1cIQhphoqV8vJQJ2QMz4qPEVPPt3C0GYGU+3KcWHRLOrhrr5aYT4qs8gY/JrTPyagIJi1Wo+kz3YvPISICZQMXsyWylaMriU97q4B782Y5uTHV6ktPvJ29fzo8A96L+graXMelyypCm2IZxlV+1ZB+wyEsvgjaumXz47yLW1s9A=
krWbPeUuAfzr1cIQhphoqV8vJQJ2QMz4qPEVPPt3C0GYGU+3KcWHRLOrhrr5aYT4qs8gY/JrTPyagIJi1Wo+kz3YvPISICZQMXsyWylaMriU97q4B782Y5uTHV6ktPvJ29fzo8A96L+graXMelyypCm2IZxlV+1ZB+wyEsvgjaumXz47yLW1s9A=
krWbPeUuAfzr1cIQhphoqV8vJQJ2QMz4qPEVPPt3C0GYGU+3KcWHRLOrhrr5aYT4qs8gY/JrTPyagIJi1Wo+kz3YvPISICZQMXsyWylaMriU97q4B782Y5uTHV6ktPvJ29fzo8A96L+graXMelyypCm2IZxlV+1ZB+wyEsvgjaumXz47yLW1s9A=
fNY+BA6/Q53B0czCC198R2pwCP+JUWIRAX8ofQva+Do5UDnVS3ib8CNkZJaBmc6Id4/wt80nf/tdX4zvmq1G9ITFSxDq675rZmWQ9LHNj/jkmdDplR0ErinF8w4pktolOmBxVkUET1mbS9/Fx/p4y4J5bPR0ZsAsIbhvMjHd9irOtrPLLSk38bO2s9U=
raWlNYHlYajqNuSvanX9bl8vJQJ2QMz4qPEVPPt3C0GYGU+3KcWHRLOrhrr5aYT4qs8gY/JrTPyagIJi1Wo+kz3YvPISICZQMXsyWylaMriU97q4B782Y5uTHV6ktPvJ29fzo8A96L+graXMelyypCm2IZxlV+tfB+syEsvgjaumXz47yLW1s9A=
qEeVXhoKXGdbZv89Q4k37GpwCP+JUWIRAX8ofQva+Do5UDnVS3ib8CNkZJaBmc6Id4/wt80nf/tdX4zvmq1G9ITFSxDq675rZmWQ9LHNj/jkmdDplR0ErinF8w4pktolOmBxVkUET1mbS9/Fx/p4y4J5bPR0ZsAsIbRvMjHd9irOtrPLLSk38bO2s9U=
9GGLCPsdPzH7ntHirg/NFV8vJQJ2QMz4qPEVPPt3C0GYGU+3KcWHRLOrhrr5aYT4qs8gY/JrTPyagIJi1Wo+kz3YvPISICZQMXsyWylaMriU97q4B782Y5uTHV6ktPvJ29fzo8A96L+graXMelyypCm2IZxlV+dfB+syEsvgjaumXz47yLW1s9A=
ulE9ygoHmrD9fZTux6hYA5DB9VGJXrrKdLI8JIyB89kjdv7UKL8aDW7YLsU0Jz025y+wm5MPEMjfGQXp9JdZGelcs0TFwerd+LfIe3BK4YNRuUnqGiXN/+eOOUqbgC0LprliK6GgQIsYx9UuMGZ06VIlAAdFTgmU94XnPYQsmLLY6mH6oMRkR438UtxEaCTHSTVsub20WCELNaVxkDOt+nBAzpg/P47caehscrLNuC/yuQN9An40v3fji7Kwr8wjK7b68I9CR+mlWwZu/tWQPRlolXvG3fLD20UQexgV+G3FlBQX+EpauTPYyTeGO0cLthBI8D1MxrPkDcTr8pKk79ak1oeAf/Tor0fk76fABGeyKCE2doBfj5jKgJP5bQsW2OaA4guOHo1VMuWGvXMVd3juwr6+t9DVqYUVJV38ENmeQEgAUo9pUEwWYmuq6jX2j7f95wYDPfHcWrhEyDr1ZsqsrA8uzMpcYwXBq98HR0yzKw==
ctH0ckN6audSvu3dzsFcpMqbkC0BPFaX4lB98Ibq7tDQHTMe8sBK9aOjfQ4KPOGHlkORBaX7ANU0LA4AieX/HA1W5MZvuDE9YV7jT6SFm5OCk/c/24a+wV9v63ZpJNGfpfFgdXtzvLCv7B+Rcpwsr6sXvG/E2DBPPSCUqmDDTiobEQ7InnmMOMwCUJDJby5eK9kG9obCE0fVjWeNm6Kz+Q==
bzxSypaaPtlzPUgmxjSGNEBY57EaGfju69qE7H6N0/6l2Ic8qKxC2ru8UZVJNOLfIxsoz6PK2ERMTFwNekdZbx9lGI0Z1eXx2lgM1ykvIA4GczIQ/i1tory2KK+aZUygPMpwqJkHrgYb0eYOFmpTX6XFxzVLSrMh
tQEjcYAMDVY0qWsh1oOUcv1sPNsSDvzDmmqNzO6n17s1vl+yx5GbdfQ3X7rqEcTkNmUJGAkWOyhc1Pzxiv2KhCSvRnWMUN+IVrek2JuUzJ6JmE4NDwZh/F5UvoTlfoUM4c80ntvxNgIvKEFLKtfaywxNSbMs
vau064IgLrOwcBQgBjKE1rdENzzUU1bMxmkh2Q8SFiNiulUMVheP213O1zJPITPVLMenejLB/MQedQEYAQYTCGQEJDFyDVIkjB/O9QQgt+gOBxwYQ0Q0fmGIRg0HFgmcJgTmxF3OXewJP7weU0GeondYOQtyh+LrJF1BsyQ=
Rh5wu2mvmHjbIX/MqCsvWBJCnBRgd5Q9WaTFKVrWRVt6ayjuB1wEQyVz92p1ku2FmX2GUzXqoFV2TJTxg5iDgpmA7pC2oeCZ+Iwmu2xVpoQdQKRTTkgREH42K8wETUVSQ9RsULSUD5p3xCMbnj5xZbSKXUwrG2CT6OMuWUOzJg==
f3L37Ylw+Ozul6L1T8FiAr9Z2zFtl0ZGRQtAnn8cXBON00/a/RJldWGdboPtKphlXmyM4YuYi5KBoMagjmE4SRBs3kvk1S40peAMAxYIaWAWVjPcDE1NQls0hKBMVNdK32Sbqxa++RXM6jUcc1tYo8DDNklLsy4=
TnfJWBCXjWp0+R52I7oIswtR7bZKDf318szXq2SWxOul2Ic8qKxC2ru8UZVJNOLfIxsoz6PK2ERMTFwNekdZbx9lGI0Z1eXx2lgM1ykvIA4GczIQ/i1tory2KK+aZUygPMpwqJkHrgYb0eYOFmpTX6XFxzVLSrMh
NRRPdkh9OJFsK+TdYapkJL9Zxj1rhV1PdQtAnn8cXBON00/a/RJldWGdboPtKphlXmyM4YuYi5KBoMagjmE4SRBs3kvk1S40peAMAxYIaWAWVjPcDE1NQls0hKBMVNdK32Sbqxa++RXM6jUcc1tYo8DDNklLsy4=
CVzwmgJdDDnCf6Lr3iUbw3tAobBg9IKBYPinXjPXgEWnp4CT1hL5rPq/24sJlotyE3lnhXivyxpeqYi0ag19GH1+Z3gQbEhRHmUGdNhHkrVYeOO4Wq+wuO/sgM7VMPqNu669LJKsSmTxZok83edg3o+ZSnKjsNXrnm8WG9ClvbPY
54A7B2Sm0kXKuXXCTjOhvRYP4I+KNwC04x/W2PH7tHbjvOC72YM7orFSKU1VTbprEcqETWpcmPmHmIeKlZDyiJKBxKHEvOpzqJViTNGwWKuqqPWI4qanRIDNwdrPRPDI0PRr4gu0b1PafjUt+LphdA87RIv08yJRR7Mi
FCX8sMCfuMgufJu5+/isqhcG/ZiMNEmmsxHK0vS6gDjvpuiu2YM7orFSKU1VTbprEcqETWpcmPmHmIeKlZDyiJKBxKHEvOpzqJViTNGwWKuqqPWI4qanRIDNwdrPRPDI0PRr4gu0b1PafjUt+LphdA87RIv08yJRR7Mi
fTrt4erw8nLL7pJqY5xURTT2+FW7pmre2fVRTaACL1wk9Ctiy7Qv0xp+da04uqH0TzuEC7Tz4tEHs2I=
QgDARIOrNXNsoqgbQ/n99oYgOMJxdxrhIlhu8h+NTGC8inBoGUeuRpsR5k6WqlOfJYXH9csKs2E=
rRW/nVGoX3ElbpT59vH4XdG70I+EsA6KxURPr7Y22NeMyQs5SvgaglyK2HQIqlWRztwPn278Kgzj1eHbH5cnfLMb
vrHypVgy/R+jt//JgDsyrwsX+BwnTy/Ywia83Tos+7lq2yUQvgP33MAMInQZiOD/mfethAMTPicesRNGEs7raQ/zn9z23pzGhXnKbgpFVEUwkZ5vPIYAGLhmTbMIcJZTXp7ygIMZ+bevG39Qszc=
fS/fYmCaeSkAhW58gd2lhvtzN1BrCR8hImeND4Zqj4IUDK561FDes0s/epi6t9gSx8wnipimuYG5DdFLhKbE8Rg7c+L5uBOv/q6dwETjW9exIh7GgRYuE1BUVhuVL2EKf3ExbSIJVKaia9b/92xJvXG456OZjit1AfbKd7to2mIlO1r3GSCw5zkPnexDO84ffinDrpKmu/Hvy+/0MTWsviVhGsYK7YRdkOmuh/yucCBY/h3biJhGyz6mAqjDcclPDwMv+LOf
fBIt9aYdVIYtWpHflDwXFtbSDojthu5qPXKqJkB0nWz+OPrJprRp4yIT0RFpYpOEnwx0c2urAcAAE84PZDMlNn4FU0Eg8fQ8tg55C2b1+7UZ7OF81QXzWt2+H93kcezgbvEqdIU+niFYDQa9P67lAL7RMvdvKNLYDlSr5FaXzMRINFUT+1IEJD55jtOdbNb/UljYVF+SCgePvXgF6e1l2Q7AIR6ZV+DmFivSGI6VbQrsrojnqp0MyKwSECBpMSguyknGyKYSk7e1nSc9O/KziQ==
cfJkCVP4orL1lTpt34VtvMqbkC0BPFaX4lB98Ibq7tDQHTMe8sBK9aOjfQ4KPOGHlkORBaX7ANU0LA4AieX/HA1W5MZvuDE9YV7jT6SFm5OCk/c/24a+wV9v63ZpJNGfpfFgdXtzvLCv7B+Rcpwsr6sXvG/E2DBPPSCUqmDDTiobEQ7InnmMOMwCUJDJbi5eKtkG+IbCE0fVjWeNm6Kz+Q==
P0vKpzz5qxuKOiq1ZtRomEBY57EaGfju69qE7H6N0/6l2Ic8qKxC2ru8UZVJNOLfIxsoz6PK2ERMTFwNekdZbx9lGI0Z1eXx2lgM1ykvIA4GczIQ/i1tory2KK+aZUygPMpwqJkGrgYa0eYAFmpTX6XFxzVLSrMh
rkfggBi3XWEDwIn13EzJ+P1sPNsSDvzDmmqNzO6n17s1vl+yx5GbdfQ3X7rqEcTkNmUJGAkWOyhc1Pzxiv2KhCSvRnWMUN+IVrek2JuUzJ6JmE4NDwZh/F5UvoTlfoUM4c81ntvwNgIhKEFLKtfaywxNSbMs
gfoogIXOtXAEOwfdVCPbBbdENzzUU1bMxmkh2Q8SFiNiulUMVheP213O1zJPITPVLMenejLB/MQedQEYAQYTCGQEJDFyDVIkjB/O9QQgt+gOBxwYQ0Q0fmGIRg0HFgmcJgTmxF3OXewJP70eU0CeonlYOQtyh+LrJF1BsyQ=
VpDjN1XM45d37KOMq8wxZxJCnBRgd5Q9WaTFKVrWRVt6ayjuB1wEQyVz92p1ku2FmX2GUzXqoFV2TJTxg5iDgpmA7pC2oeCZ+Iwmu2xVpoQdQKRTTkgREH42K8wETUVSQ9RsULSUD5p3xCMbnz5xZLSKU0wrG2CT6OMuWUOzJg==
DingL5JE2WmwoBITJJGOw79Z2zFtl0ZGRQtAnn8cXBON00/a/RJldWGdboPtKphlXmyM4YuYi5KBoMagjmE4SRBs3kvk1S40peAMAxYIaWAWVjPcDE1NQls0hKBMVNdK32Sbqxe++RTM6jscc1tYo8DDNklLsy4=
GVa49B/s7PZVb+zfQh6GuQtR7bZKDf318szXq2SWxOul2Ic8qKxC2ru8UZVJNOLfIxsoz6PK2ERMTFwNekdZbx9lGI0Z1eXx2lgM1ykvIA4GczIQ/i1tory2KK+aZUygPMpwqJkGrgYa0eYAFmpTX6XFxzVLSrMh
9GyAeSNo3SpOvDbPoFXMOb9Zxj1rhV1PdQtAnn8cXBON00/a/RJldWGdboPtKphlXmyM4YuYi5KBoMagjmE4SRBs3kvk1S40peAMAxYIaWAWVjPcDE1NQls0hKBMVNdK32Sbqxe++RTM6jscc1tYo8DDNklLsy4=
WcnBy66pHW1077JDm9R1J3tAobBg9IKBYPinXjPXgEWnp4CT1hL5rPq/24sJlotyE3lnhXivyxpeqYi0ag19GH1+Z3gQbEhRHmUGdNhHkrVYeOO4Wq+wuO/sgM7VMPqNu669LJKsSmTxZok83edh3o+YSnKtsNXrnm8WG9ClvbPY
0Em+EOZrzeFVS4YM0eK1bBYP4I+KNwC04x/W2PH7tHbjvOC72YM7orFSKU1VTbprEcqETWpcmPmHmIeKlZDyiJKBxKHEvOpzqJViTNGwWKuqqPWI4qanRIDNwdrPRPDI0PRr4gu0b1PbfjUs+LpvdA87RIv08yJRR7Mi
YtipuJLitUQRSe9f0ml05BcG/ZiMNEmmsxHK0vS6gDjvpuiu2YM7orFSKU1VTbprEcqETWpcmPmHmIeKlZDyiJKBxKHEvOpzqJViTNGwWKuqqPWI4qanRIDNwdrPRPDI0PRr4gu0b1PbfjUs+LpvdA87RIv08yJRR7Mi
vD092ZxD3BEaLotVsjn21jT2+FW7pmre2fVRTaACL1wk9Ctiy7Qv0xt+daw4uq/0TzuEC7Tz4tEHs2I=
kUS4wItcMY7afjJhuGo8+oYgOMJxdxrhIlhu8h+NTGC8inBoGUauRpoR5kCWqlOfJYXH9csKs2E=
NGyQDJESW2lkNXOyxqBNM9G70I+EsA6KxURPr7Y22NeMyQs5SvgaglyK2HQIqlWQztwOn27yKgzj1eHbH5cnfLMb
6WOdtmaUyJotf6cEwDftVI09dukKSLoS3Bo4BMj6daDO7C5PLgJKnGNFQWvfx8cMs2s=
72KISdtxrOCIvL2BYOH4yFqx+kifPJNZyHKlMnTwpCs591BZNwyE/dZyuDP8LnCgWH4dVI4YRks+JgIow/HJzw+DL3izHw==
FPO2E6WsMNxCNVMPXkQmNLHP34SXyalMari1zolv755jAv+qJNzV76bqW7HgrckhZ+lhceyF7vsOtkgbu+oOTQbZ+usQfiV7J1oIZwAzUVtc/FWr0yQdhNInNn5BbGFiNyvHBR8PEwyQKS7H/G7w4Fi+nRSO2MYLPuaC6MOxSQ8Pw6+4s98=
1FA5Y2X6t8uAlVgc8ENsN1qx+kifPJNZyHanPHTwpCs591BZNwyE/dZyuDP8LnCgWH4dVI4YRks+JgIow/HJzw+DL3izHw==
0yYMWPMTZeni0Qm6cD5ZVXlb8XOKT1BNV1WeN1rjXon9wiD0pcPFog0iXxUC0oahrJbMSpCbR48SdtwIOZ/0x8WJbqAWaQK3pDLa297UJ6pvJOvLJ74JNPyqS7zD28gDkINmaVuzPg==
xU6wFy2cKNGvsHHoB8BxBNG70I+EsA6KxURPr7Y22JWNzRY5SvgaglyK2HQIqlWQztwOn27yKgzj1eHbH5cnfLMb
NH30Yhcthy5Zm7wPfinBasMDkTsSjpdwsP8wQ9U8UYiyc3nSdxDIruzEcO5lwY4GbE2FRShTSWtaTfWkHNkUotht3qBv8k1FdA5xNQXHrdsIltgw5FUF7vCAbi/5fBtS+lI0IngBm/c/f/xNmnjhztHI65PV9IEqnHV1yKvoteL0aURuplmBBmqjrC/2DF4bOYBh3JcL2mDnMYHW5T5w3nyyaOFCBmsKVL9a4dUMIlqAe/fIH5tHSfKdktzZkkgWzvnZ1yTiKOzIsxzavMS4ju51dcZYjG90Qivxs2BKxuGYNoHqD/kZuJjs9O7Mjt9yDEYlpChUujqz107+GIudQtQS2aOpEjWBRLDTipTlgD1VqEcSbb/rcDaN29+RsU7zpLi/oAE6Im6+4bz/wmHxBvpOgfpvxgrny/RfOFxG9zOF74Y/OKJ2o3o0g/IDlBcDZfvN88DaZ2Qn+6w7fJN6YV+zOg==
2Bn6/wK0YnNUVjE5L7AAvVOZQ4R7sthjFYYOjvw+hVNdab1a/U3rmaYjdIqZfLT6f1fWmm8qNLKzn0SLwnFcjKDb8e41OHbv/CzesEeSdZWsTgmF3ScFq4AWUICM9d0eSMA2/wFcc0LyUjwyECFjJ2c/RL1C2Il+WUhj430UWZrkNa0Yk4id8vxpTH6OublWMmNUn65s9uuxAOlsf6uCEF/xWYadHpjOdLJg8aomE1qMf+KRjazK6gj7fzi3+x/5Cl3KjOFyYAbG+dHHDIIQPBDzZGpkJBD+ZvX9djAst4T6a6ljmGqu8ZA2ifpn2eFowKxMHhQut8KExq3UgLRiisuXli4g67VS3BLRs4HyDdEccCs6zIUozd0oz6KFH7MAjk0Dj+mRpuOsuLew6RpaPmYhBI+awRm2cs4JCsemUlczNAdoZKbfI43vji8Qwk5zonT7Qtt0v3Pte0VDqHq/lJ+79OuEsxJxV7My
Uet3LD1C1vMVYncoI1972wsX+BwnTy/Ywia83Tos+7lq2yUQvgP33MAMInQZiOD/mfethAMTPicesRNGEs7raQ/zn9z23pzGhXnKbgpFVEUwkZ5vPIYAGLhmTbsLcJlTXp7ygIMZ+bevG39Qszc=
QxyCZ0Tk2JyIs+xI2Hxd2ftzN1BrCR8hImeND4Zqj4IUDK561FDes0s/epi6t9gSx8wnipimuYG5DdFLhKbE8Rg7c+L5uBOv/q6dwETjW9exIh7GgRYuE1BUVhuVL2EKf3ExbSIJVKaia9b/92xJvXG456OZjit1AfbKd7to2mIlO1r3GSCw5zkPnexDO84ffinDrpKmu/Hvy+/0MTWsviVhGsYK7YRdkOmuh/yucCBY/h3Ti5hJyz6mAqjDcclPDwMv+LOf
g3fooe/OJS644m14h/4Wt9bSDojthu5qPXKqJkB0nWz+OPrJprRp4yIT0RFpYpOEnwx0c2urAcAAE84PZDMlNn4FU0Eg8fQ8tg55C2b1+7UZ7OF81QXzWt2+H93kcezgbvEqdIU+niFYDQa9P67lAL7RMvdvKNLYDlSr5FaXzMRINFUT+1IEJD55jtOdbNb/UljYVF+SCgePvXgF6e1l2Q7AIR6ZV+DmFivSGI6VbQrsrojnqp0MyKwSECBpOSsuxUnGyKYSk7e1nSc9O/KziQ==
Xi7zPvBxD0QPPA/zbSiBM4x+EXJTn9wOC/ad6L+vgmm1J9ezlJXwxIcGLyBESM4IfIHR7M8dclWH+Y67NdL4Cg8n3de3k+l1Rawb4z4WDDMqlQoSPkvL+k2wwOZXOkhvTvLU0M0JW0ByNIs0SrZ3kPI4IFYVFLS80ObtCFoTLuwxrbuXvFbg6Hj27YsLQDnDHu6S0ANJ2Ydvi5+gs8c=
0pYap88aFO3IOiRw72F/aefE4ee35Nd6Qizfw/8mKU/fhZjtWfXl0Zo4jDfpDyAuxpOycL4NbYL81qhPWkVMgPwq8MjZIasmVbFm4NZKU39lJUdVC2qzAQ==
nDDB/Z283O0Qw0C/J7fEwjg9mQLdoN3br+jXfkA00LTHyglrN7noOYG5pRXSZFyDkaPASm5vAuQmge0GdEo4u+Ip7CSUlgCcge1rYp1tNtQuZjObTVl3QRNmswU=
LMdo3ektu6butUHezUU5/rHQtwv4kT9tqZe5DnEMf43z8SRhZDxKs0iVQgyxMLhriqiVSAImBwTgzSEab8SQiDD0S6JrNI+T/HtVY1g6zzRvO2RLVHNCEWezAg==
iNGmwaPtk0EydkMvrplSVmh0nd0muqqD4O1+I210aWUs01VBvrWL28Fiurt+NKek5QNzRlfUlML4tqv02fGz37DrfbeFX2by1CHd/fCwSil6VrpvLWxgfNB5Tld8/lCwGI69I4vo6Tv+NiJ4QyGp388zT0izLw==
PUAOOtwKXF45fGzKGKi7aOeJI0C/qjkAmFOWGfjOHRuoR1NWV8S0krgGCwRZQdOv8Dudp4VPBqIU0T1NcMDqmbqGmn8tfECsEMnuJ/xOsEDY3t0zi/gJ675GQsjD0Qlvj2NvWLM/
jPKfVoTuCXw277KBxw4uZMClSQBGp2K9RoVZOq2YPcPf0NdGMAwwjLfyydNHAQiB8QElraLcvDvhGwByHlfi3Fa57T4EctiDkhEsnOQu4CTxVeva7dXWbF7e86M9YZd5Y16zPQ==
KCiS4IE76JRo6V8zwjq3HpwFinpShUtEvq4hDSOE/4nRUkElUpK3nMVBh6C58gJnOILtBiBPQPjTQ6t6c0OPXc7Z4sQ9jr1sqX/aG3OPfiLZGBkLkkdCa0QdYbME
15w9ciDnRZFFbKwlxyxkah9x/M9gWqvOEcBvPnR/Po4LNmaj5mAl7/26JW95Reg1pHTbAjv037MMe2WDCPofVP+7FKvkM7Ixd7MS
kx+7fBSMOesQiLx6PdzVcygfg7V99BhiED4MWyvL4NAOT3mBjHjJ3trEDWZhzSvPnMIoDOgyxR9LVJEHDgpaxKMd0eM/jzd0sxM=
6hy8NDvt4KH1+BWqOxtmdysfg7V99BhiED4MWyvL4NAOT3mBjHjJ3trEDWZhzSvPnMIoDOgyxR9LVJEHDgpaxKMd0eM/jzd0sxM=
iz7ufnAJnNyNCJY+cDnZIR1x/M9gWqvOEcBvPnR/Po4LNmaj5mAl7/26JW95Reg1pHTbAjv037MMe2WDCPofVP+7FKvkM7Ixd7MS
A/gREYc9xiYfN+1ToC00fQ+ewy7QctQXm2e4PG6j4S089FFSWkiV6tFhsyP8LnCgWH4dU4sYSUs+JgIow/HJzw+DL3izHw==
Z+Mpih3EqMTFksROZ7OavA6ewy7QctQXm2e4PG6j4S089FFSWkiV6tFhsyP8LnCgWH4dU4sYSUs+JgIow/HJzw+DL3izHw==
Uf4wu3Y7ujPuaulFbqbFQikdibd/8AdiED4MWyvL4NAOT3mBjHjJ3trEDWZhzSvPnMIoDOgyxR9LVJEHDgpaxKMd0eM/jzd0sxM=
PvslrmBPH3RTfGI8EsrwESgdibd/8AdiED4MWyvL4NAOT3mBjHjJ3trEDWZhzSvPnMIoDOgyxR9LVJEHDgpaxKMd0eM/jzd0sxM=
x/bn9Wg48oLyn78BAA8L7Bxx/M9gWqvOEcBvPnR/Po4LNmaj5mAl7/26JW95Reg1pHTbAjv037MMe2WDCPofVP+7FKvkM7Ixd7MS
8W1nT/4f+rJcVDYM4ESYnGFoxckpnlAvQ2wjblf8xLpYLltcmZmDx1DTLd8Ft7bKtDntFTAYOrHarmpHLUSwhHDhPv+8FmCoeLZtywuAuQMeLhIQA4lZR29LH2CzBw==
USR9qjHkH5LTM9ePXCJCm0lzuORKQqID0bPN/afs10I4ACCYr+7pN29tOHXJfWVpapDs7zlHYNb2+5JorgVtuoz+SBcKjYz4TMJQUEmpK56lGQY4BgITh1VNZ00bYrM5
CvHnK194ou6gpwXn5EIX+gmPUR1xr/1Rd5fq9cP/PZ2Rl4H+SWxXfbux7LHMXNIj0BXanCmQULvC6F14agb/NJjN2SoX5Hi4eDSD8gOUFwNk+83zwNpnZCf7rDt8k3phX7M6
puBldhvH8VigZ21CUFjjjXiygAqM+6AnKG1fe6cZExcDesPk3ekpIX4lpvQ4h7K1ODhDOLpvkLiPrCBONfDajZvu3awybKpk0SbpvH0nhtuv1yryDXA1674vdptwZV2zOA==
